CRITICAL - 2023-06-08 04:29:40 --> Too few arguments to function CodeIgniter\Router\RouteCollection::get(), 1 passed in /home/jedw/public_html/challenge/app/Config/Routes.php on line 77 and at least 2 expected
in SYSTEMPATH/Router/RouteCollection.php on line 884.
 1 APPPATH/Config/Routes.php(77): CodeIgniter\Router\RouteCollection->get('quest/submitlocation/(:any)')
 2 SYSTEMPATH/CodeIgniter.php(789): require('APPPATH/Config/Routes.php')
 3 SYSTEMPATH/CodeIgniter.php(430): CodeIgniter\CodeIgniter->tryToRouteIt(Object(CodeIgniter\Router\RouteCollection))
 4 SYSTEMPATH/CodeIgniter.php(351): CodeIgniter\CodeIgniter->handleRequest(null, Object(Config\Cache), false)
 5 FCPATH/index.php(67): CodeIgniter\CodeIgniter->run()
CRITICAL - 2023-06-08 05:02:36 --> Can't use method return value in write context
in APPPATH/Controllers/BaseController.php on line 91.
 1 [internal function]: CodeIgniter\Debug\Exceptions->shutdownHandler()
CRITICAL - 2023-06-08 05:02:38 --> Can't use method return value in write context
in APPPATH/Controllers/BaseController.php on line 91.
 1 [internal function]: CodeIgniter\Debug\Exceptions->shutdownHandler()
CRITICAL - 2023-06-08 05:04:10 --> syntax error, unexpected 'if' (T_IF)
in APPPATH/Controllers/BaseController.php on line 87.
 1 SYSTEMPATH/Autoloader/Autoloader.php(259): CodeIgniter\Autoloader\Autoloader->includeFile('APPPATH/Controllers/BaseController.php')
 2 SYSTEMPATH/Autoloader/Autoloader.php(237): CodeIgniter\Autoloader\Autoloader->loadInNamespace('App\\Controllers\\BaseController')
 3 [internal function]: CodeIgniter\Autoloader\Autoloader->loadClass('App\\Controllers\\BaseController')
 4 APPPATH/Controllers/Quest.php(7): spl_autoload_call('App\\Controllers\\BaseController')
 5 SYSTEMPATH/Autoloader/Autoloader.php(282): include_once('APPPATH/Controllers/Quest.php')
 6 SYSTEMPATH/Autoloader/Autoloader.php(259): CodeIgniter\Autoloader\Autoloader->includeFile('APPPATH/Controllers/Quest.php')
 7 SYSTEMPATH/Autoloader/Autoloader.php(237): CodeIgniter\Autoloader\Autoloader->loadInNamespace('App\\Controllers\\Quest')
 8 [internal function]: CodeIgniter\Autoloader\Autoloader->loadClass('App\\Controllers\\Quest')
 9 [internal function]: spl_autoload_call('App\\Controllers\\Quest')
10 SYSTEMPATH/CodeIgniter.php(877): class_exists('\\App\\Controllers\\Quest', true)
11 SYSTEMPATH/CodeIgniter.php(469): CodeIgniter\CodeIgniter->startController()
12 SYSTEMPATH/CodeIgniter.php(351): CodeIgniter\CodeIgniter->handleRequest(null, Object(Config\Cache), false)
13 FCPATH/index.php(67): CodeIgniter\CodeIgniter->run()
CRITICAL - 2023-06-08 05:04:31 --> syntax error, unexpected 'if' (T_IF)
in APPPATH/Controllers/BaseController.php on line 87.
 1 SYSTEMPATH/Autoloader/Autoloader.php(259): CodeIgniter\Autoloader\Autoloader->includeFile('APPPATH/Controllers/BaseController.php')
 2 SYSTEMPATH/Autoloader/Autoloader.php(237): CodeIgniter\Autoloader\Autoloader->loadInNamespace('App\\Controllers\\BaseController')
 3 [internal function]: CodeIgniter\Autoloader\Autoloader->loadClass('App\\Controllers\\BaseController')
 4 APPPATH/Controllers/Quest.php(7): spl_autoload_call('App\\Controllers\\BaseController')
 5 SYSTEMPATH/Autoloader/Autoloader.php(282): include_once('APPPATH/Controllers/Quest.php')
 6 SYSTEMPATH/Autoloader/Autoloader.php(259): CodeIgniter\Autoloader\Autoloader->includeFile('APPPATH/Controllers/Quest.php')
 7 SYSTEMPATH/Autoloader/Autoloader.php(237): CodeIgniter\Autoloader\Autoloader->loadInNamespace('App\\Controllers\\Quest')
 8 [internal function]: CodeIgniter\Autoloader\Autoloader->loadClass('App\\Controllers\\Quest')
 9 [internal function]: spl_autoload_call('App\\Controllers\\Quest')
10 SYSTEMPATH/CodeIgniter.php(877): class_exists('\\App\\Controllers\\Quest', true)
11 SYSTEMPATH/CodeIgniter.php(469): CodeIgniter\CodeIgniter->startController()
12 SYSTEMPATH/CodeIgniter.php(351): CodeIgniter\CodeIgniter->handleRequest(null, Object(Config\Cache), false)
13 FCPATH/index.php(67): CodeIgniter\CodeIgniter->run()
CRITICAL - 2023-06-08 05:05:40 --> syntax error, unexpected 'if' (T_IF)
in APPPATH/Controllers/BaseController.php on line 87.
 1 SYSTEMPATH/Autoloader/Autoloader.php(259): CodeIgniter\Autoloader\Autoloader->includeFile('APPPATH/Controllers/BaseController.php')
 2 SYSTEMPATH/Autoloader/Autoloader.php(237): CodeIgniter\Autoloader\Autoloader->loadInNamespace('App\\Controllers\\BaseController')
 3 [internal function]: CodeIgniter\Autoloader\Autoloader->loadClass('App\\Controllers\\BaseController')
 4 APPPATH/Controllers/Quest.php(7): spl_autoload_call('App\\Controllers\\BaseController')
 5 SYSTEMPATH/Autoloader/Autoloader.php(282): include_once('APPPATH/Controllers/Quest.php')
 6 SYSTEMPATH/Autoloader/Autoloader.php(259): CodeIgniter\Autoloader\Autoloader->includeFile('APPPATH/Controllers/Quest.php')
 7 SYSTEMPATH/Autoloader/Autoloader.php(237): CodeIgniter\Autoloader\Autoloader->loadInNamespace('App\\Controllers\\Quest')
 8 [internal function]: CodeIgniter\Autoloader\Autoloader->loadClass('App\\Controllers\\Quest')
 9 [internal function]: spl_autoload_call('App\\Controllers\\Quest')
10 SYSTEMPATH/CodeIgniter.php(877): class_exists('\\App\\Controllers\\Quest', true)
11 SYSTEMPATH/CodeIgniter.php(469): CodeIgniter\CodeIgniter->startController()
12 SYSTEMPATH/CodeIgniter.php(351): CodeIgniter\CodeIgniter->handleRequest(null, Object(Config\Cache), false)
13 FCPATH/index.php(67): CodeIgniter\CodeIgniter->run()
CRITICAL - 2023-06-08 05:05:46 --> syntax error, unexpected 'if' (T_IF)
in APPPATH/Controllers/BaseController.php on line 87.
 1 SYSTEMPATH/Autoloader/Autoloader.php(259): CodeIgniter\Autoloader\Autoloader->includeFile('APPPATH/Controllers/BaseController.php')
 2 SYSTEMPATH/Autoloader/Autoloader.php(237): CodeIgniter\Autoloader\Autoloader->loadInNamespace('App\\Controllers\\BaseController')
 3 [internal function]: CodeIgniter\Autoloader\Autoloader->loadClass('App\\Controllers\\BaseController')
 4 APPPATH/Controllers/Quest.php(7): spl_autoload_call('App\\Controllers\\BaseController')
 5 SYSTEMPATH/Autoloader/Autoloader.php(282): include_once('APPPATH/Controllers/Quest.php')
 6 SYSTEMPATH/Autoloader/Autoloader.php(259): CodeIgniter\Autoloader\Autoloader->includeFile('APPPATH/Controllers/Quest.php')
 7 SYSTEMPATH/Autoloader/Autoloader.php(237): CodeIgniter\Autoloader\Autoloader->loadInNamespace('App\\Controllers\\Quest')
 8 [internal function]: CodeIgniter\Autoloader\Autoloader->loadClass('App\\Controllers\\Quest')
 9 [internal function]: spl_autoload_call('App\\Controllers\\Quest')
10 SYSTEMPATH/CodeIgniter.php(877): class_exists('\\App\\Controllers\\Quest', true)
11 SYSTEMPATH/CodeIgniter.php(469): CodeIgniter\CodeIgniter->startController()
12 SYSTEMPATH/CodeIgniter.php(351): CodeIgniter\CodeIgniter->handleRequest(null, Object(Config\Cache), false)
13 FCPATH/index.php(67): CodeIgniter\CodeIgniter->run()
CRITICAL - 2023-06-08 05:05:47 --> syntax error, unexpected 'if' (T_IF)
in APPPATH/Controllers/BaseController.php on line 87.
 1 SYSTEMPATH/Autoloader/Autoloader.php(259): CodeIgniter\Autoloader\Autoloader->includeFile('APPPATH/Controllers/BaseController.php')
 2 SYSTEMPATH/Autoloader/Autoloader.php(237): CodeIgniter\Autoloader\Autoloader->loadInNamespace('App\\Controllers\\BaseController')
 3 [internal function]: CodeIgniter\Autoloader\Autoloader->loadClass('App\\Controllers\\BaseController')
 4 APPPATH/Controllers/Quest.php(7): spl_autoload_call('App\\Controllers\\BaseController')
 5 SYSTEMPATH/Autoloader/Autoloader.php(282): include_once('APPPATH/Controllers/Quest.php')
 6 SYSTEMPATH/Autoloader/Autoloader.php(259): CodeIgniter\Autoloader\Autoloader->includeFile('APPPATH/Controllers/Quest.php')
 7 SYSTEMPATH/Autoloader/Autoloader.php(237): CodeIgniter\Autoloader\Autoloader->loadInNamespace('App\\Controllers\\Quest')
 8 [internal function]: CodeIgniter\Autoloader\Autoloader->loadClass('App\\Controllers\\Quest')
 9 [internal function]: spl_autoload_call('App\\Controllers\\Quest')
10 SYSTEMPATH/CodeIgniter.php(877): class_exists('\\App\\Controllers\\Quest', true)
11 SYSTEMPATH/CodeIgniter.php(469): CodeIgniter\CodeIgniter->startController()
12 SYSTEMPATH/CodeIgniter.php(351): CodeIgniter\CodeIgniter->handleRequest(null, Object(Config\Cache), false)
13 FCPATH/index.php(67): CodeIgniter\CodeIgniter->run()
