ERROR - 2023-10-17 04:02:55 --> mysqli_sql_exception: Column 'session' cannot be null in /home/jedw/public_html/challenge/system/Database/MySQLi/Connection.php:292
Stack trace:
#0 /home/jedw/public_html/challenge/system/Database/MySQLi/Connection.php(292): mysqli->query('REPLACE INTO `q...', 0)
#1 /home/jedw/public_html/challenge/system/Database/BaseConnection.php(666): CodeIgniter\Database\MySQLi\Connection->execute('REPLACE INTO `q...')
#2 /home/jedw/public_html/challenge/system/Database/BaseConnection.php(593): CodeIgniter\Database\BaseConnection->simpleQuery('REPLACE INTO `q...')
#3 /home/jedw/public_html/challenge/system/Database/BaseBuilder.php(2002): CodeIgniter\Database\BaseConnection->query('REPLACE INTO `q...', Array, false)
#4 /home/jedw/public_html/challenge/system/Model.php(439): CodeIgniter\Database\BaseBuilder->replace(Array)
#5 /home/jedw/public_html/challenge/system/BaseModel.php(1059): CodeIgniter\Model->doReplace(Array, false)
#6 /home/jedw/public_html/challenge/app/Controllers/BaseController.php(99): CodeIgniter\BaseModel->replace(Array)
#7 /home/jedw/public_html/challenge/app/Controllers/Quest.php(164): App\Controllers\BaseController->questsessiontodb()
#8 /home/jedw/public_html/challenge/system/CodeIgniter.php(927): App\Controllers\Quest->endquest()
#9 /home/jedw/public_html/challenge/system/CodeIgniter.php(482): CodeIgniter\CodeIgniter->runController(Object(App\Controllers\Quest))
#10 /home/jedw/public_html/challenge/system/CodeIgniter.php(351): CodeIgniter\CodeIgniter->handleRequest(NULL, Object(Config\Cache), false)
#11 /home/jedw/public_html/challenge/index.php(67): CodeIgniter\CodeIgniter->run()
#12 {main}
ERROR - 2023-10-17 04:04:18 --> mysqli_sql_exception: Column 'session' cannot be null in /home/jedw/public_html/challenge/system/Database/MySQLi/Connection.php:292
Stack trace:
#0 /home/jedw/public_html/challenge/system/Database/MySQLi/Connection.php(292): mysqli->query('REPLACE INTO `q...', 0)
#1 /home/jedw/public_html/challenge/system/Database/BaseConnection.php(666): CodeIgniter\Database\MySQLi\Connection->execute('REPLACE INTO `q...')
#2 /home/jedw/public_html/challenge/system/Database/BaseConnection.php(593): CodeIgniter\Database\BaseConnection->simpleQuery('REPLACE INTO `q...')
#3 /home/jedw/public_html/challenge/system/Database/BaseBuilder.php(2002): CodeIgniter\Database\BaseConnection->query('REPLACE INTO `q...', Array, false)
#4 /home/jedw/public_html/challenge/system/Model.php(439): CodeIgniter\Database\BaseBuilder->replace(Array)
#5 /home/jedw/public_html/challenge/system/BaseModel.php(1059): CodeIgniter\Model->doReplace(Array, false)
#6 /home/jedw/public_html/challenge/app/Controllers/BaseController.php(99): CodeIgniter\BaseModel->replace(Array)
#7 /home/jedw/public_html/challenge/app/Controllers/Quest.php(164): App\Controllers\BaseController->questsessiontodb()
#8 /home/jedw/public_html/challenge/system/CodeIgniter.php(927): App\Controllers\Quest->endquest()
#9 /home/jedw/public_html/challenge/system/CodeIgniter.php(482): CodeIgniter\CodeIgniter->runController(Object(App\Controllers\Quest))
#10 /home/jedw/public_html/challenge/system/CodeIgniter.php(351): CodeIgniter\CodeIgniter->handleRequest(NULL, Object(Config\Cache), false)
#11 /home/jedw/public_html/challenge/index.php(67): CodeIgniter\CodeIgniter->run()
#12 {main}
ERROR - 2023-10-17 06:38:25 --> mysqli_sql_exception: Column 'session' cannot be null in /home/jedw/public_html/challenge/system/Database/MySQLi/Connection.php:292
Stack trace:
#0 /home/jedw/public_html/challenge/system/Database/MySQLi/Connection.php(292): mysqli->query('REPLACE INTO `q...', 0)
#1 /home/jedw/public_html/challenge/system/Database/BaseConnection.php(666): CodeIgniter\Database\MySQLi\Connection->execute('REPLACE INTO `q...')
#2 /home/jedw/public_html/challenge/system/Database/BaseConnection.php(593): CodeIgniter\Database\BaseConnection->simpleQuery('REPLACE INTO `q...')
#3 /home/jedw/public_html/challenge/system/Database/BaseBuilder.php(2002): CodeIgniter\Database\BaseConnection->query('REPLACE INTO `q...', Array, false)
#4 /home/jedw/public_html/challenge/system/Model.php(439): CodeIgniter\Database\BaseBuilder->replace(Array)
#5 /home/jedw/public_html/challenge/system/BaseModel.php(1059): CodeIgniter\Model->doReplace(Array, false)
#6 /home/jedw/public_html/challenge/app/Controllers/BaseController.php(99): CodeIgniter\BaseModel->replace(Array)
#7 /home/jedw/public_html/challenge/app/Controllers/Quest.php(164): App\Controllers\BaseController->questsessiontodb()
#8 /home/jedw/public_html/challenge/system/CodeIgniter.php(927): App\Controllers\Quest->endquest()
#9 /home/jedw/public_html/challenge/system/CodeIgniter.php(482): CodeIgniter\CodeIgniter->runController(Object(App\Controllers\Quest))
#10 /home/jedw/public_html/challenge/system/CodeIgniter.php(351): CodeIgniter\CodeIgniter->handleRequest(NULL, Object(Config\Cache), false)
#11 /home/jedw/public_html/challenge/index.php(67): CodeIgniter\CodeIgniter->run()
#12 {main}
ERROR - 2023-10-17 06:38:52 --> mysqli_sql_exception: Column 'session' cannot be null in /home/jedw/public_html/challenge/system/Database/MySQLi/Connection.php:292
Stack trace:
#0 /home/jedw/public_html/challenge/system/Database/MySQLi/Connection.php(292): mysqli->query('REPLACE INTO `q...', 0)
#1 /home/jedw/public_html/challenge/system/Database/BaseConnection.php(666): CodeIgniter\Database\MySQLi\Connection->execute('REPLACE INTO `q...')
#2 /home/jedw/public_html/challenge/system/Database/BaseConnection.php(593): CodeIgniter\Database\BaseConnection->simpleQuery('REPLACE INTO `q...')
#3 /home/jedw/public_html/challenge/system/Database/BaseBuilder.php(2002): CodeIgniter\Database\BaseConnection->query('REPLACE INTO `q...', Array, false)
#4 /home/jedw/public_html/challenge/system/Model.php(439): CodeIgniter\Database\BaseBuilder->replace(Array)
#5 /home/jedw/public_html/challenge/system/BaseModel.php(1059): CodeIgniter\Model->doReplace(Array, false)
#6 /home/jedw/public_html/challenge/app/Controllers/BaseController.php(99): CodeIgniter\BaseModel->replace(Array)
#7 /home/jedw/public_html/challenge/app/Controllers/Quest.php(164): App\Controllers\BaseController->questsessiontodb()
#8 /home/jedw/public_html/challenge/system/CodeIgniter.php(927): App\Controllers\Quest->endquest()
#9 /home/jedw/public_html/challenge/system/CodeIgniter.php(482): CodeIgniter\CodeIgniter->runController(Object(App\Controllers\Quest))
#10 /home/jedw/public_html/challenge/system/CodeIgniter.php(351): CodeIgniter\CodeIgniter->handleRequest(NULL, Object(Config\Cache), false)
#11 /home/jedw/public_html/challenge/index.php(67): CodeIgniter\CodeIgniter->run()
#12 {main}
ERROR - 2023-10-17 06:39:20 --> mysqli_sql_exception: Column 'session' cannot be null in /home/jedw/public_html/challenge/system/Database/MySQLi/Connection.php:292
Stack trace:
#0 /home/jedw/public_html/challenge/system/Database/MySQLi/Connection.php(292): mysqli->query('REPLACE INTO `q...', 0)
#1 /home/jedw/public_html/challenge/system/Database/BaseConnection.php(666): CodeIgniter\Database\MySQLi\Connection->execute('REPLACE INTO `q...')
#2 /home/jedw/public_html/challenge/system/Database/BaseConnection.php(593): CodeIgniter\Database\BaseConnection->simpleQuery('REPLACE INTO `q...')
#3 /home/jedw/public_html/challenge/system/Database/BaseBuilder.php(2002): CodeIgniter\Database\BaseConnection->query('REPLACE INTO `q...', Array, false)
#4 /home/jedw/public_html/challenge/system/Model.php(439): CodeIgniter\Database\BaseBuilder->replace(Array)
#5 /home/jedw/public_html/challenge/system/BaseModel.php(1059): CodeIgniter\Model->doReplace(Array, false)
#6 /home/jedw/public_html/challenge/app/Controllers/BaseController.php(99): CodeIgniter\BaseModel->replace(Array)
#7 /home/jedw/public_html/challenge/app/Controllers/Quest.php(164): App\Controllers\BaseController->questsessiontodb()
#8 /home/jedw/public_html/challenge/system/CodeIgniter.php(927): App\Controllers\Quest->endquest()
#9 /home/jedw/public_html/challenge/system/CodeIgniter.php(482): CodeIgniter\CodeIgniter->runController(Object(App\Controllers\Quest))
#10 /home/jedw/public_html/challenge/system/CodeIgniter.php(351): CodeIgniter\CodeIgniter->handleRequest(NULL, Object(Config\Cache), false)
#11 /home/jedw/public_html/challenge/index.php(67): CodeIgniter\CodeIgniter->run()
#12 {main}
ERROR - 2023-10-17 06:39:27 --> mysqli_sql_exception: Column 'session' cannot be null in /home/jedw/public_html/challenge/system/Database/MySQLi/Connection.php:292
Stack trace:
#0 /home/jedw/public_html/challenge/system/Database/MySQLi/Connection.php(292): mysqli->query('REPLACE INTO `q...', 0)
#1 /home/jedw/public_html/challenge/system/Database/BaseConnection.php(666): CodeIgniter\Database\MySQLi\Connection->execute('REPLACE INTO `q...')
#2 /home/jedw/public_html/challenge/system/Database/BaseConnection.php(593): CodeIgniter\Database\BaseConnection->simpleQuery('REPLACE INTO `q...')
#3 /home/jedw/public_html/challenge/system/Database/BaseBuilder.php(2002): CodeIgniter\Database\BaseConnection->query('REPLACE INTO `q...', Array, false)
#4 /home/jedw/public_html/challenge/system/Model.php(439): CodeIgniter\Database\BaseBuilder->replace(Array)
#5 /home/jedw/public_html/challenge/system/BaseModel.php(1059): CodeIgniter\Model->doReplace(Array, false)
#6 /home/jedw/public_html/challenge/app/Controllers/BaseController.php(99): CodeIgniter\BaseModel->replace(Array)
#7 /home/jedw/public_html/challenge/app/Controllers/Quest.php(164): App\Controllers\BaseController->questsessiontodb()
#8 /home/jedw/public_html/challenge/system/CodeIgniter.php(927): App\Controllers\Quest->endquest()
#9 /home/jedw/public_html/challenge/system/CodeIgniter.php(482): CodeIgniter\CodeIgniter->runController(Object(App\Controllers\Quest))
#10 /home/jedw/public_html/challenge/system/CodeIgniter.php(351): CodeIgniter\CodeIgniter->handleRequest(NULL, Object(Config\Cache), false)
#11 /home/jedw/public_html/challenge/index.php(67): CodeIgniter\CodeIgniter->run()
#12 {main}
ERROR - 2023-10-17 06:39:36 --> mysqli_sql_exception: Column 'session' cannot be null in /home/jedw/public_html/challenge/system/Database/MySQLi/Connection.php:292
Stack trace:
#0 /home/jedw/public_html/challenge/system/Database/MySQLi/Connection.php(292): mysqli->query('REPLACE INTO `q...', 0)
#1 /home/jedw/public_html/challenge/system/Database/BaseConnection.php(666): CodeIgniter\Database\MySQLi\Connection->execute('REPLACE INTO `q...')
#2 /home/jedw/public_html/challenge/system/Database/BaseConnection.php(593): CodeIgniter\Database\BaseConnection->simpleQuery('REPLACE INTO `q...')
#3 /home/jedw/public_html/challenge/system/Database/BaseBuilder.php(2002): CodeIgniter\Database\BaseConnection->query('REPLACE INTO `q...', Array, false)
#4 /home/jedw/public_html/challenge/system/Model.php(439): CodeIgniter\Database\BaseBuilder->replace(Array)
#5 /home/jedw/public_html/challenge/system/BaseModel.php(1059): CodeIgniter\Model->doReplace(Array, false)
#6 /home/jedw/public_html/challenge/app/Controllers/BaseController.php(99): CodeIgniter\BaseModel->replace(Array)
#7 /home/jedw/public_html/challenge/app/Controllers/Quest.php(164): App\Controllers\BaseController->questsessiontodb()
#8 /home/jedw/public_html/challenge/system/CodeIgniter.php(927): App\Controllers\Quest->endquest()
#9 /home/jedw/public_html/challenge/system/CodeIgniter.php(482): CodeIgniter\CodeIgniter->runController(Object(App\Controllers\Quest))
#10 /home/jedw/public_html/challenge/system/CodeIgniter.php(351): CodeIgniter\CodeIgniter->handleRequest(NULL, Object(Config\Cache), false)
#11 /home/jedw/public_html/challenge/index.php(67): CodeIgniter\CodeIgniter->run()
#12 {main}
ERROR - 2023-10-17 06:39:56 --> mysqli_sql_exception: Column 'session' cannot be null in /home/jedw/public_html/challenge/system/Database/MySQLi/Connection.php:292
Stack trace:
#0 /home/jedw/public_html/challenge/system/Database/MySQLi/Connection.php(292): mysqli->query('REPLACE INTO `q...', 0)
#1 /home/jedw/public_html/challenge/system/Database/BaseConnection.php(666): CodeIgniter\Database\MySQLi\Connection->execute('REPLACE INTO `q...')
#2 /home/jedw/public_html/challenge/system/Database/BaseConnection.php(593): CodeIgniter\Database\BaseConnection->simpleQuery('REPLACE INTO `q...')
#3 /home/jedw/public_html/challenge/system/Database/BaseBuilder.php(2002): CodeIgniter\Database\BaseConnection->query('REPLACE INTO `q...', Array, false)
#4 /home/jedw/public_html/challenge/system/Model.php(439): CodeIgniter\Database\BaseBuilder->replace(Array)
#5 /home/jedw/public_html/challenge/system/BaseModel.php(1059): CodeIgniter\Model->doReplace(Array, false)
#6 /home/jedw/public_html/challenge/app/Controllers/BaseController.php(99): CodeIgniter\BaseModel->replace(Array)
#7 /home/jedw/public_html/challenge/app/Controllers/Quest.php(164): App\Controllers\BaseController->questsessiontodb()
#8 /home/jedw/public_html/challenge/system/CodeIgniter.php(927): App\Controllers\Quest->endquest()
#9 /home/jedw/public_html/challenge/system/CodeIgniter.php(482): CodeIgniter\CodeIgniter->runController(Object(App\Controllers\Quest))
#10 /home/jedw/public_html/challenge/system/CodeIgniter.php(351): CodeIgniter\CodeIgniter->handleRequest(NULL, Object(Config\Cache), false)
#11 /home/jedw/public_html/challenge/index.php(67): CodeIgniter\CodeIgniter->run()
#12 {main}
ERROR - 2023-10-17 06:41:37 --> mysqli_sql_exception: Column 'session' cannot be null in /home/jedw/public_html/challenge/system/Database/MySQLi/Connection.php:292
Stack trace:
#0 /home/jedw/public_html/challenge/system/Database/MySQLi/Connection.php(292): mysqli->query('REPLACE INTO `q...', 0)
#1 /home/jedw/public_html/challenge/system/Database/BaseConnection.php(666): CodeIgniter\Database\MySQLi\Connection->execute('REPLACE INTO `q...')
#2 /home/jedw/public_html/challenge/system/Database/BaseConnection.php(593): CodeIgniter\Database\BaseConnection->simpleQuery('REPLACE INTO `q...')
#3 /home/jedw/public_html/challenge/system/Database/BaseBuilder.php(2002): CodeIgniter\Database\BaseConnection->query('REPLACE INTO `q...', Array, false)
#4 /home/jedw/public_html/challenge/system/Model.php(439): CodeIgniter\Database\BaseBuilder->replace(Array)
#5 /home/jedw/public_html/challenge/system/BaseModel.php(1059): CodeIgniter\Model->doReplace(Array, false)
#6 /home/jedw/public_html/challenge/app/Controllers/BaseController.php(99): CodeIgniter\BaseModel->replace(Array)
#7 /home/jedw/public_html/challenge/app/Controllers/Quest.php(164): App\Controllers\BaseController->questsessiontodb()
#8 /home/jedw/public_html/challenge/system/CodeIgniter.php(927): App\Controllers\Quest->endquest()
#9 /home/jedw/public_html/challenge/system/CodeIgniter.php(482): CodeIgniter\CodeIgniter->runController(Object(App\Controllers\Quest))
#10 /home/jedw/public_html/challenge/system/CodeIgniter.php(351): CodeIgniter\CodeIgniter->handleRequest(NULL, Object(Config\Cache), false)
#11 /home/jedw/public_html/challenge/index.php(67): CodeIgniter\CodeIgniter->run()
#12 {main}
ERROR - 2023-10-17 06:41:47 --> mysqli_sql_exception: Column 'session' cannot be null in /home/jedw/public_html/challenge/system/Database/MySQLi/Connection.php:292
Stack trace:
#0 /home/jedw/public_html/challenge/system/Database/MySQLi/Connection.php(292): mysqli->query('REPLACE INTO `q...', 0)
#1 /home/jedw/public_html/challenge/system/Database/BaseConnection.php(666): CodeIgniter\Database\MySQLi\Connection->execute('REPLACE INTO `q...')
#2 /home/jedw/public_html/challenge/system/Database/BaseConnection.php(593): CodeIgniter\Database\BaseConnection->simpleQuery('REPLACE INTO `q...')
#3 /home/jedw/public_html/challenge/system/Database/BaseBuilder.php(2002): CodeIgniter\Database\BaseConnection->query('REPLACE INTO `q...', Array, false)
#4 /home/jedw/public_html/challenge/system/Model.php(439): CodeIgniter\Database\BaseBuilder->replace(Array)
#5 /home/jedw/public_html/challenge/system/BaseModel.php(1059): CodeIgniter\Model->doReplace(Array, false)
#6 /home/jedw/public_html/challenge/app/Controllers/BaseController.php(99): CodeIgniter\BaseModel->replace(Array)
#7 /home/jedw/public_html/challenge/app/Controllers/Quest.php(164): App\Controllers\BaseController->questsessiontodb()
#8 /home/jedw/public_html/challenge/system/CodeIgniter.php(927): App\Controllers\Quest->endquest()
#9 /home/jedw/public_html/challenge/system/CodeIgniter.php(482): CodeIgniter\CodeIgniter->runController(Object(App\Controllers\Quest))
#10 /home/jedw/public_html/challenge/system/CodeIgniter.php(351): CodeIgniter\CodeIgniter->handleRequest(NULL, Object(Config\Cache), false)
#11 /home/jedw/public_html/challenge/index.php(67): CodeIgniter\CodeIgniter->run()
#12 {main}
ERROR - 2023-10-17 06:41:49 --> mysqli_sql_exception: Column 'session' cannot be null in /home/jedw/public_html/challenge/system/Database/MySQLi/Connection.php:292
Stack trace:
#0 /home/jedw/public_html/challenge/system/Database/MySQLi/Connection.php(292): mysqli->query('REPLACE INTO `q...', 0)
#1 /home/jedw/public_html/challenge/system/Database/BaseConnection.php(666): CodeIgniter\Database\MySQLi\Connection->execute('REPLACE INTO `q...')
#2 /home/jedw/public_html/challenge/system/Database/BaseConnection.php(593): CodeIgniter\Database\BaseConnection->simpleQuery('REPLACE INTO `q...')
#3 /home/jedw/public_html/challenge/system/Database/BaseBuilder.php(2002): CodeIgniter\Database\BaseConnection->query('REPLACE INTO `q...', Array, false)
#4 /home/jedw/public_html/challenge/system/Model.php(439): CodeIgniter\Database\BaseBuilder->replace(Array)
#5 /home/jedw/public_html/challenge/system/BaseModel.php(1059): CodeIgniter\Model->doReplace(Array, false)
#6 /home/jedw/public_html/challenge/app/Controllers/BaseController.php(99): CodeIgniter\BaseModel->replace(Array)
#7 /home/jedw/public_html/challenge/app/Controllers/Quest.php(164): App\Controllers\BaseController->questsessiontodb()
#8 /home/jedw/public_html/challenge/system/CodeIgniter.php(927): App\Controllers\Quest->endquest()
#9 /home/jedw/public_html/challenge/system/CodeIgniter.php(482): CodeIgniter\CodeIgniter->runController(Object(App\Controllers\Quest))
#10 /home/jedw/public_html/challenge/system/CodeIgniter.php(351): CodeIgniter\CodeIgniter->handleRequest(NULL, Object(Config\Cache), false)
#11 /home/jedw/public_html/challenge/index.php(67): CodeIgniter\CodeIgniter->run()
#12 {main}
ERROR - 2023-10-17 06:42:07 --> mysqli_sql_exception: Column 'session' cannot be null in /home/jedw/public_html/challenge/system/Database/MySQLi/Connection.php:292
Stack trace:
#0 /home/jedw/public_html/challenge/system/Database/MySQLi/Connection.php(292): mysqli->query('REPLACE INTO `q...', 0)
#1 /home/jedw/public_html/challenge/system/Database/BaseConnection.php(666): CodeIgniter\Database\MySQLi\Connection->execute('REPLACE INTO `q...')
#2 /home/jedw/public_html/challenge/system/Database/BaseConnection.php(593): CodeIgniter\Database\BaseConnection->simpleQuery('REPLACE INTO `q...')
#3 /home/jedw/public_html/challenge/system/Database/BaseBuilder.php(2002): CodeIgniter\Database\BaseConnection->query('REPLACE INTO `q...', Array, false)
#4 /home/jedw/public_html/challenge/system/Model.php(439): CodeIgniter\Database\BaseBuilder->replace(Array)
#5 /home/jedw/public_html/challenge/system/BaseModel.php(1059): CodeIgniter\Model->doReplace(Array, false)
#6 /home/jedw/public_html/challenge/app/Controllers/BaseController.php(99): CodeIgniter\BaseModel->replace(Array)
#7 /home/jedw/public_html/challenge/app/Controllers/Quest.php(164): App\Controllers\BaseController->questsessiontodb()
#8 /home/jedw/public_html/challenge/system/CodeIgniter.php(927): App\Controllers\Quest->endquest()
#9 /home/jedw/public_html/challenge/system/CodeIgniter.php(482): CodeIgniter\CodeIgniter->runController(Object(App\Controllers\Quest))
#10 /home/jedw/public_html/challenge/system/CodeIgniter.php(351): CodeIgniter\CodeIgniter->handleRequest(NULL, Object(Config\Cache), false)
#11 /home/jedw/public_html/challenge/index.php(67): CodeIgniter\CodeIgniter->run()
#12 {main}
ERROR - 2023-10-17 06:42:22 --> mysqli_sql_exception: Column 'session' cannot be null in /home/jedw/public_html/challenge/system/Database/MySQLi/Connection.php:292
Stack trace:
#0 /home/jedw/public_html/challenge/system/Database/MySQLi/Connection.php(292): mysqli->query('REPLACE INTO `q...', 0)
#1 /home/jedw/public_html/challenge/system/Database/BaseConnection.php(666): CodeIgniter\Database\MySQLi\Connection->execute('REPLACE INTO `q...')
#2 /home/jedw/public_html/challenge/system/Database/BaseConnection.php(593): CodeIgniter\Database\BaseConnection->simpleQuery('REPLACE INTO `q...')
#3 /home/jedw/public_html/challenge/system/Database/BaseBuilder.php(2002): CodeIgniter\Database\BaseConnection->query('REPLACE INTO `q...', Array, false)
#4 /home/jedw/public_html/challenge/system/Model.php(439): CodeIgniter\Database\BaseBuilder->replace(Array)
#5 /home/jedw/public_html/challenge/system/BaseModel.php(1059): CodeIgniter\Model->doReplace(Array, false)
#6 /home/jedw/public_html/challenge/app/Controllers/BaseController.php(99): CodeIgniter\BaseModel->replace(Array)
#7 /home/jedw/public_html/challenge/app/Controllers/Quest.php(164): App\Controllers\BaseController->questsessiontodb()
#8 /home/jedw/public_html/challenge/system/CodeIgniter.php(927): App\Controllers\Quest->endquest()
#9 /home/jedw/public_html/challenge/system/CodeIgniter.php(482): CodeIgniter\CodeIgniter->runController(Object(App\Controllers\Quest))
#10 /home/jedw/public_html/challenge/system/CodeIgniter.php(351): CodeIgniter\CodeIgniter->handleRequest(NULL, Object(Config\Cache), false)
#11 /home/jedw/public_html/challenge/index.php(67): CodeIgniter\CodeIgniter->run()
#12 {main}
ERROR - 2023-10-17 06:42:28 --> mysqli_sql_exception: Column 'session' cannot be null in /home/jedw/public_html/challenge/system/Database/MySQLi/Connection.php:292
Stack trace:
#0 /home/jedw/public_html/challenge/system/Database/MySQLi/Connection.php(292): mysqli->query('REPLACE INTO `q...', 0)
#1 /home/jedw/public_html/challenge/system/Database/BaseConnection.php(666): CodeIgniter\Database\MySQLi\Connection->execute('REPLACE INTO `q...')
#2 /home/jedw/public_html/challenge/system/Database/BaseConnection.php(593): CodeIgniter\Database\BaseConnection->simpleQuery('REPLACE INTO `q...')
#3 /home/jedw/public_html/challenge/system/Database/BaseBuilder.php(2002): CodeIgniter\Database\BaseConnection->query('REPLACE INTO `q...', Array, false)
#4 /home/jedw/public_html/challenge/system/Model.php(439): CodeIgniter\Database\BaseBuilder->replace(Array)
#5 /home/jedw/public_html/challenge/system/BaseModel.php(1059): CodeIgniter\Model->doReplace(Array, false)
#6 /home/jedw/public_html/challenge/app/Controllers/BaseController.php(99): CodeIgniter\BaseModel->replace(Array)
#7 /home/jedw/public_html/challenge/app/Controllers/Quest.php(164): App\Controllers\BaseController->questsessiontodb()
#8 /home/jedw/public_html/challenge/system/CodeIgniter.php(927): App\Controllers\Quest->endquest()
#9 /home/jedw/public_html/challenge/system/CodeIgniter.php(482): CodeIgniter\CodeIgniter->runController(Object(App\Controllers\Quest))
#10 /home/jedw/public_html/challenge/system/CodeIgniter.php(351): CodeIgniter\CodeIgniter->handleRequest(NULL, Object(Config\Cache), false)
#11 /home/jedw/public_html/challenge/index.php(67): CodeIgniter\CodeIgniter->run()
#12 {main}
ERROR - 2023-10-17 06:42:37 --> mysqli_sql_exception: Column 'session' cannot be null in /home/jedw/public_html/challenge/system/Database/MySQLi/Connection.php:292
Stack trace:
#0 /home/jedw/public_html/challenge/system/Database/MySQLi/Connection.php(292): mysqli->query('REPLACE INTO `q...', 0)
#1 /home/jedw/public_html/challenge/system/Database/BaseConnection.php(666): CodeIgniter\Database\MySQLi\Connection->execute('REPLACE INTO `q...')
#2 /home/jedw/public_html/challenge/system/Database/BaseConnection.php(593): CodeIgniter\Database\BaseConnection->simpleQuery('REPLACE INTO `q...')
#3 /home/jedw/public_html/challenge/system/Database/BaseBuilder.php(2002): CodeIgniter\Database\BaseConnection->query('REPLACE INTO `q...', Array, false)
#4 /home/jedw/public_html/challenge/system/Model.php(439): CodeIgniter\Database\BaseBuilder->replace(Array)
#5 /home/jedw/public_html/challenge/system/BaseModel.php(1059): CodeIgniter\Model->doReplace(Array, false)
#6 /home/jedw/public_html/challenge/app/Controllers/BaseController.php(99): CodeIgniter\BaseModel->replace(Array)
#7 /home/jedw/public_html/challenge/app/Controllers/Quest.php(164): App\Controllers\BaseController->questsessiontodb()
#8 /home/jedw/public_html/challenge/system/CodeIgniter.php(927): App\Controllers\Quest->endquest()
#9 /home/jedw/public_html/challenge/system/CodeIgniter.php(482): CodeIgniter\CodeIgniter->runController(Object(App\Controllers\Quest))
#10 /home/jedw/public_html/challenge/system/CodeIgniter.php(351): CodeIgniter\CodeIgniter->handleRequest(NULL, Object(Config\Cache), false)
#11 /home/jedw/public_html/challenge/index.php(67): CodeIgniter\CodeIgniter->run()
#12 {main}
ERROR - 2023-10-17 06:42:47 --> mysqli_sql_exception: Column 'session' cannot be null in /home/jedw/public_html/challenge/system/Database/MySQLi/Connection.php:292
Stack trace:
#0 /home/jedw/public_html/challenge/system/Database/MySQLi/Connection.php(292): mysqli->query('REPLACE INTO `q...', 0)
#1 /home/jedw/public_html/challenge/system/Database/BaseConnection.php(666): CodeIgniter\Database\MySQLi\Connection->execute('REPLACE INTO `q...')
#2 /home/jedw/public_html/challenge/system/Database/BaseConnection.php(593): CodeIgniter\Database\BaseConnection->simpleQuery('REPLACE INTO `q...')
#3 /home/jedw/public_html/challenge/system/Database/BaseBuilder.php(2002): CodeIgniter\Database\BaseConnection->query('REPLACE INTO `q...', Array, false)
#4 /home/jedw/public_html/challenge/system/Model.php(439): CodeIgniter\Database\BaseBuilder->replace(Array)
#5 /home/jedw/public_html/challenge/system/BaseModel.php(1059): CodeIgniter\Model->doReplace(Array, false)
#6 /home/jedw/public_html/challenge/app/Controllers/BaseController.php(99): CodeIgniter\BaseModel->replace(Array)
#7 /home/jedw/public_html/challenge/app/Controllers/Quest.php(164): App\Controllers\BaseController->questsessiontodb()
#8 /home/jedw/public_html/challenge/system/CodeIgniter.php(927): App\Controllers\Quest->endquest()
#9 /home/jedw/public_html/challenge/system/CodeIgniter.php(482): CodeIgniter\CodeIgniter->runController(Object(App\Controllers\Quest))
#10 /home/jedw/public_html/challenge/system/CodeIgniter.php(351): CodeIgniter\CodeIgniter->handleRequest(NULL, Object(Config\Cache), false)
#11 /home/jedw/public_html/challenge/index.php(67): CodeIgniter\CodeIgniter->run()
#12 {main}
ERROR - 2023-10-17 06:42:58 --> mysqli_sql_exception: Column 'session' cannot be null in /home/jedw/public_html/challenge/system/Database/MySQLi/Connection.php:292
Stack trace:
#0 /home/jedw/public_html/challenge/system/Database/MySQLi/Connection.php(292): mysqli->query('REPLACE INTO `q...', 0)
#1 /home/jedw/public_html/challenge/system/Database/BaseConnection.php(666): CodeIgniter\Database\MySQLi\Connection->execute('REPLACE INTO `q...')
#2 /home/jedw/public_html/challenge/system/Database/BaseConnection.php(593): CodeIgniter\Database\BaseConnection->simpleQuery('REPLACE INTO `q...')
#3 /home/jedw/public_html/challenge/system/Database/BaseBuilder.php(2002): CodeIgniter\Database\BaseConnection->query('REPLACE INTO `q...', Array, false)
#4 /home/jedw/public_html/challenge/system/Model.php(439): CodeIgniter\Database\BaseBuilder->replace(Array)
#5 /home/jedw/public_html/challenge/system/BaseModel.php(1059): CodeIgniter\Model->doReplace(Array, false)
#6 /home/jedw/public_html/challenge/app/Controllers/BaseController.php(99): CodeIgniter\BaseModel->replace(Array)
#7 /home/jedw/public_html/challenge/app/Controllers/Quest.php(164): App\Controllers\BaseController->questsessiontodb()
#8 /home/jedw/public_html/challenge/system/CodeIgniter.php(927): App\Controllers\Quest->endquest()
#9 /home/jedw/public_html/challenge/system/CodeIgniter.php(482): CodeIgniter\CodeIgniter->runController(Object(App\Controllers\Quest))
#10 /home/jedw/public_html/challenge/system/CodeIgniter.php(351): CodeIgniter\CodeIgniter->handleRequest(NULL, Object(Config\Cache), false)
#11 /home/jedw/public_html/challenge/index.php(67): CodeIgniter\CodeIgniter->run()
#12 {main}
ERROR - 2023-10-17 06:43:08 --> mysqli_sql_exception: Column 'session' cannot be null in /home/jedw/public_html/challenge/system/Database/MySQLi/Connection.php:292
Stack trace:
#0 /home/jedw/public_html/challenge/system/Database/MySQLi/Connection.php(292): mysqli->query('REPLACE INTO `q...', 0)
#1 /home/jedw/public_html/challenge/system/Database/BaseConnection.php(666): CodeIgniter\Database\MySQLi\Connection->execute('REPLACE INTO `q...')
#2 /home/jedw/public_html/challenge/system/Database/BaseConnection.php(593): CodeIgniter\Database\BaseConnection->simpleQuery('REPLACE INTO `q...')
#3 /home/jedw/public_html/challenge/system/Database/BaseBuilder.php(2002): CodeIgniter\Database\BaseConnection->query('REPLACE INTO `q...', Array, false)
#4 /home/jedw/public_html/challenge/system/Model.php(439): CodeIgniter\Database\BaseBuilder->replace(Array)
#5 /home/jedw/public_html/challenge/system/BaseModel.php(1059): CodeIgniter\Model->doReplace(Array, false)
#6 /home/jedw/public_html/challenge/app/Controllers/BaseController.php(99): CodeIgniter\BaseModel->replace(Array)
#7 /home/jedw/public_html/challenge/app/Controllers/Quest.php(164): App\Controllers\BaseController->questsessiontodb()
#8 /home/jedw/public_html/challenge/system/CodeIgniter.php(927): App\Controllers\Quest->endquest()
#9 /home/jedw/public_html/challenge/system/CodeIgniter.php(482): CodeIgniter\CodeIgniter->runController(Object(App\Controllers\Quest))
#10 /home/jedw/public_html/challenge/system/CodeIgniter.php(351): CodeIgniter\CodeIgniter->handleRequest(NULL, Object(Config\Cache), false)
#11 /home/jedw/public_html/challenge/index.php(67): CodeIgniter\CodeIgniter->run()
#12 {main}
ERROR - 2023-10-17 06:43:12 --> mysqli_sql_exception: Column 'session' cannot be null in /home/jedw/public_html/challenge/system/Database/MySQLi/Connection.php:292
Stack trace:
#0 /home/jedw/public_html/challenge/system/Database/MySQLi/Connection.php(292): mysqli->query('REPLACE INTO `q...', 0)
#1 /home/jedw/public_html/challenge/system/Database/BaseConnection.php(666): CodeIgniter\Database\MySQLi\Connection->execute('REPLACE INTO `q...')
#2 /home/jedw/public_html/challenge/system/Database/BaseConnection.php(593): CodeIgniter\Database\BaseConnection->simpleQuery('REPLACE INTO `q...')
#3 /home/jedw/public_html/challenge/system/Database/BaseBuilder.php(2002): CodeIgniter\Database\BaseConnection->query('REPLACE INTO `q...', Array, false)
#4 /home/jedw/public_html/challenge/system/Model.php(439): CodeIgniter\Database\BaseBuilder->replace(Array)
#5 /home/jedw/public_html/challenge/system/BaseModel.php(1059): CodeIgniter\Model->doReplace(Array, false)
#6 /home/jedw/public_html/challenge/app/Controllers/BaseController.php(99): CodeIgniter\BaseModel->replace(Array)
#7 /home/jedw/public_html/challenge/app/Controllers/Quest.php(164): App\Controllers\BaseController->questsessiontodb()
#8 /home/jedw/public_html/challenge/system/CodeIgniter.php(927): App\Controllers\Quest->endquest()
#9 /home/jedw/public_html/challenge/system/CodeIgniter.php(482): CodeIgniter\CodeIgniter->runController(Object(App\Controllers\Quest))
#10 /home/jedw/public_html/challenge/system/CodeIgniter.php(351): CodeIgniter\CodeIgniter->handleRequest(NULL, Object(Config\Cache), false)
#11 /home/jedw/public_html/challenge/index.php(67): CodeIgniter\CodeIgniter->run()
#12 {main}
ERROR - 2023-10-17 06:44:23 --> mysqli_sql_exception: Column 'player' cannot be null in /home/jedw/public_html/challenge/system/Database/MySQLi/Connection.php:292
Stack trace:
#0 /home/jedw/public_html/challenge/system/Database/MySQLi/Connection.php(292): mysqli->query('INSERT INTO `qh...', 0)
#1 /home/jedw/public_html/challenge/system/Database/BaseConnection.php(666): CodeIgniter\Database\MySQLi\Connection->execute('INSERT INTO `qh...')
#2 /home/jedw/public_html/challenge/system/Database/BaseConnection.php(593): CodeIgniter\Database\BaseConnection->simpleQuery('INSERT INTO `qh...')
#3 /home/jedw/public_html/challenge/system/Database/BaseBuilder.php(1916): CodeIgniter\Database\BaseConnection->query('INSERT INTO `qh...', Array, false)
#4 /home/jedw/public_html/challenge/system/Model.php(279): CodeIgniter\Database\BaseBuilder->insert()
#5 /home/jedw/public_html/challenge/system/BaseModel.php(749): CodeIgniter\Model->doInsert(Array)
#6 /home/jedw/public_html/challenge/system/Model.php(667): CodeIgniter\BaseModel->insert(Array, true)
#7 /home/jedw/public_html/challenge/app/Controllers/Quest.php(190): CodeIgniter\Model->insert(Array)
#8 /home/jedw/public_html/challenge/system/CodeIgniter.php(927): App\Controllers\Quest->submithighscore()
#9 /home/jedw/public_html/challenge/system/CodeIgniter.php(482): CodeIgniter\CodeIgniter->runController(Object(App\Controllers\Quest))
#10 /home/jedw/public_html/challenge/system/CodeIgniter.php(351): CodeIgniter\CodeIgniter->handleRequest(NULL, Object(Config\Cache), false)
#11 /home/jedw/public_html/challenge/index.php(67): CodeIgniter\CodeIgniter->run()
#12 {main}
ERROR - 2023-10-17 06:45:12 --> mysqli_sql_exception: Column 'session' cannot be null in /home/jedw/public_html/challenge/system/Database/MySQLi/Connection.php:292
Stack trace:
#0 /home/jedw/public_html/challenge/system/Database/MySQLi/Connection.php(292): mysqli->query('REPLACE INTO `q...', 0)
#1 /home/jedw/public_html/challenge/system/Database/BaseConnection.php(666): CodeIgniter\Database\MySQLi\Connection->execute('REPLACE INTO `q...')
#2 /home/jedw/public_html/challenge/system/Database/BaseConnection.php(593): CodeIgniter\Database\BaseConnection->simpleQuery('REPLACE INTO `q...')
#3 /home/jedw/public_html/challenge/system/Database/BaseBuilder.php(2002): CodeIgniter\Database\BaseConnection->query('REPLACE INTO `q...', Array, false)
#4 /home/jedw/public_html/challenge/system/Model.php(439): CodeIgniter\Database\BaseBuilder->replace(Array)
#5 /home/jedw/public_html/challenge/system/BaseModel.php(1059): CodeIgniter\Model->doReplace(Array, false)
#6 /home/jedw/public_html/challenge/app/Controllers/BaseController.php(99): CodeIgniter\BaseModel->replace(Array)
#7 /home/jedw/public_html/challenge/app/Controllers/Quest.php(164): App\Controllers\BaseController->questsessiontodb()
#8 /home/jedw/public_html/challenge/system/CodeIgniter.php(927): App\Controllers\Quest->endquest()
#9 /home/jedw/public_html/challenge/system/CodeIgniter.php(482): CodeIgniter\CodeIgniter->runController(Object(App\Controllers\Quest))
#10 /home/jedw/public_html/challenge/system/CodeIgniter.php(351): CodeIgniter\CodeIgniter->handleRequest(NULL, Object(Config\Cache), false)
#11 /home/jedw/public_html/challenge/index.php(67): CodeIgniter\CodeIgniter->run()
#12 {main}
ERROR - 2023-10-17 06:49:59 --> mysqli_sql_exception: Column 'session' cannot be null in /home/jedw/public_html/challenge/system/Database/MySQLi/Connection.php:292
Stack trace:
#0 /home/jedw/public_html/challenge/system/Database/MySQLi/Connection.php(292): mysqli->query('REPLACE INTO `q...', 0)
#1 /home/jedw/public_html/challenge/system/Database/BaseConnection.php(666): CodeIgniter\Database\MySQLi\Connection->execute('REPLACE INTO `q...')
#2 /home/jedw/public_html/challenge/system/Database/BaseConnection.php(593): CodeIgniter\Database\BaseConnection->simpleQuery('REPLACE INTO `q...')
#3 /home/jedw/public_html/challenge/system/Database/BaseBuilder.php(2002): CodeIgniter\Database\BaseConnection->query('REPLACE INTO `q...', Array, false)
#4 /home/jedw/public_html/challenge/system/Model.php(439): CodeIgniter\Database\BaseBuilder->replace(Array)
#5 /home/jedw/public_html/challenge/system/BaseModel.php(1059): CodeIgniter\Model->doReplace(Array, false)
#6 /home/jedw/public_html/challenge/app/Controllers/BaseController.php(99): CodeIgniter\BaseModel->replace(Array)
#7 /home/jedw/public_html/challenge/app/Controllers/Quest.php(164): App\Controllers\BaseController->questsessiontodb()
#8 /home/jedw/public_html/challenge/system/CodeIgniter.php(927): App\Controllers\Quest->endquest()
#9 /home/jedw/public_html/challenge/system/CodeIgniter.php(482): CodeIgniter\CodeIgniter->runController(Object(App\Controllers\Quest))
#10 /home/jedw/public_html/challenge/system/CodeIgniter.php(351): CodeIgniter\CodeIgniter->handleRequest(NULL, Object(Config\Cache), false)
#11 /home/jedw/public_html/challenge/index.php(67): CodeIgniter\CodeIgniter->run()
#12 {main}
ERROR - 2023-10-17 06:50:02 --> mysqli_sql_exception: Column 'session' cannot be null in /home/jedw/public_html/challenge/system/Database/MySQLi/Connection.php:292
Stack trace:
#0 /home/jedw/public_html/challenge/system/Database/MySQLi/Connection.php(292): mysqli->query('REPLACE INTO `q...', 0)
#1 /home/jedw/public_html/challenge/system/Database/BaseConnection.php(666): CodeIgniter\Database\MySQLi\Connection->execute('REPLACE INTO `q...')
#2 /home/jedw/public_html/challenge/system/Database/BaseConnection.php(593): CodeIgniter\Database\BaseConnection->simpleQuery('REPLACE INTO `q...')
#3 /home/jedw/public_html/challenge/system/Database/BaseBuilder.php(2002): CodeIgniter\Database\BaseConnection->query('REPLACE INTO `q...', Array, false)
#4 /home/jedw/public_html/challenge/system/Model.php(439): CodeIgniter\Database\BaseBuilder->replace(Array)
#5 /home/jedw/public_html/challenge/system/BaseModel.php(1059): CodeIgniter\Model->doReplace(Array, false)
#6 /home/jedw/public_html/challenge/app/Controllers/BaseController.php(99): CodeIgniter\BaseModel->replace(Array)
#7 /home/jedw/public_html/challenge/app/Controllers/Quest.php(164): App\Controllers\BaseController->questsessiontodb()
#8 /home/jedw/public_html/challenge/system/CodeIgniter.php(927): App\Controllers\Quest->endquest()
#9 /home/jedw/public_html/challenge/system/CodeIgniter.php(482): CodeIgniter\CodeIgniter->runController(Object(App\Controllers\Quest))
#10 /home/jedw/public_html/challenge/system/CodeIgniter.php(351): CodeIgniter\CodeIgniter->handleRequest(NULL, Object(Config\Cache), false)
#11 /home/jedw/public_html/challenge/index.php(67): CodeIgniter\CodeIgniter->run()
#12 {main}
ERROR - 2023-10-17 11:08:10 --> mysqli_sql_exception: Column 'session' cannot be null in /home/jedw/public_html/challenge/system/Database/MySQLi/Connection.php:292
Stack trace:
#0 /home/jedw/public_html/challenge/system/Database/MySQLi/Connection.php(292): mysqli->query('REPLACE INTO `q...', 0)
#1 /home/jedw/public_html/challenge/system/Database/BaseConnection.php(666): CodeIgniter\Database\MySQLi\Connection->execute('REPLACE INTO `q...')
#2 /home/jedw/public_html/challenge/system/Database/BaseConnection.php(593): CodeIgniter\Database\BaseConnection->simpleQuery('REPLACE INTO `q...')
#3 /home/jedw/public_html/challenge/system/Database/BaseBuilder.php(2002): CodeIgniter\Database\BaseConnection->query('REPLACE INTO `q...', Array, false)
#4 /home/jedw/public_html/challenge/system/Model.php(439): CodeIgniter\Database\BaseBuilder->replace(Array)
#5 /home/jedw/public_html/challenge/system/BaseModel.php(1059): CodeIgniter\Model->doReplace(Array, false)
#6 /home/jedw/public_html/challenge/app/Controllers/BaseController.php(99): CodeIgniter\BaseModel->replace(Array)
#7 /home/jedw/public_html/challenge/app/Controllers/Quest.php(164): App\Controllers\BaseController->questsessiontodb()
#8 /home/jedw/public_html/challenge/system/CodeIgniter.php(927): App\Controllers\Quest->endquest()
#9 /home/jedw/public_html/challenge/system/CodeIgniter.php(482): CodeIgniter\CodeIgniter->runController(Object(App\Controllers\Quest))
#10 /home/jedw/public_html/challenge/system/CodeIgniter.php(351): CodeIgniter\CodeIgniter->handleRequest(NULL, Object(Config\Cache), false)
#11 /home/jedw/public_html/challenge/index.php(67): CodeIgniter\CodeIgniter->run()
#12 {main}
ERROR - 2023-10-17 13:54:19 --> mysqli_sql_exception: Column 'session' cannot be null in /home/jedw/public_html/challenge/system/Database/MySQLi/Connection.php:292
Stack trace:
#0 /home/jedw/public_html/challenge/system/Database/MySQLi/Connection.php(292): mysqli->query('REPLACE INTO `q...', 0)
#1 /home/jedw/public_html/challenge/system/Database/BaseConnection.php(666): CodeIgniter\Database\MySQLi\Connection->execute('REPLACE INTO `q...')
#2 /home/jedw/public_html/challenge/system/Database/BaseConnection.php(593): CodeIgniter\Database\BaseConnection->simpleQuery('REPLACE INTO `q...')
#3 /home/jedw/public_html/challenge/system/Database/BaseBuilder.php(2002): CodeIgniter\Database\BaseConnection->query('REPLACE INTO `q...', Array, false)
#4 /home/jedw/public_html/challenge/system/Model.php(439): CodeIgniter\Database\BaseBuilder->replace(Array)
#5 /home/jedw/public_html/challenge/system/BaseModel.php(1059): CodeIgniter\Model->doReplace(Array, false)
#6 /home/jedw/public_html/challenge/app/Controllers/BaseController.php(99): CodeIgniter\BaseModel->replace(Array)
#7 /home/jedw/public_html/challenge/app/Controllers/Quest.php(164): App\Controllers\BaseController->questsessiontodb()
#8 /home/jedw/public_html/challenge/system/CodeIgniter.php(927): App\Controllers\Quest->endquest()
#9 /home/jedw/public_html/challenge/system/CodeIgniter.php(482): CodeIgniter\CodeIgniter->runController(Object(App\Controllers\Quest))
#10 /home/jedw/public_html/challenge/system/CodeIgniter.php(351): CodeIgniter\CodeIgniter->handleRequest(NULL, Object(Config\Cache), false)
#11 /home/jedw/public_html/challenge/index.php(67): CodeIgniter\CodeIgniter->run()
#12 {main}
ERROR - 2023-10-17 13:54:39 --> mysqli_sql_exception: Column 'session' cannot be null in /home/jedw/public_html/challenge/system/Database/MySQLi/Connection.php:292
Stack trace:
#0 /home/jedw/public_html/challenge/system/Database/MySQLi/Connection.php(292): mysqli->query('REPLACE INTO `q...', 0)
#1 /home/jedw/public_html/challenge/system/Database/BaseConnection.php(666): CodeIgniter\Database\MySQLi\Connection->execute('REPLACE INTO `q...')
#2 /home/jedw/public_html/challenge/system/Database/BaseConnection.php(593): CodeIgniter\Database\BaseConnection->simpleQuery('REPLACE INTO `q...')
#3 /home/jedw/public_html/challenge/system/Database/BaseBuilder.php(2002): CodeIgniter\Database\BaseConnection->query('REPLACE INTO `q...', Array, false)
#4 /home/jedw/public_html/challenge/system/Model.php(439): CodeIgniter\Database\BaseBuilder->replace(Array)
#5 /home/jedw/public_html/challenge/system/BaseModel.php(1059): CodeIgniter\Model->doReplace(Array, false)
#6 /home/jedw/public_html/challenge/app/Controllers/BaseController.php(99): CodeIgniter\BaseModel->replace(Array)
#7 /home/jedw/public_html/challenge/app/Controllers/Quest.php(164): App\Controllers\BaseController->questsessiontodb()
#8 /home/jedw/public_html/challenge/system/CodeIgniter.php(927): App\Controllers\Quest->endquest()
#9 /home/jedw/public_html/challenge/system/CodeIgniter.php(482): CodeIgniter\CodeIgniter->runController(Object(App\Controllers\Quest))
#10 /home/jedw/public_html/challenge/system/CodeIgniter.php(351): CodeIgniter\CodeIgniter->handleRequest(NULL, Object(Config\Cache), false)
#11 /home/jedw/public_html/challenge/index.php(67): CodeIgniter\CodeIgniter->run()
#12 {main}
ERROR - 2023-10-17 13:57:04 --> mysqli_sql_exception: Column 'session' cannot be null in /home/jedw/public_html/challenge/system/Database/MySQLi/Connection.php:292
Stack trace:
#0 /home/jedw/public_html/challenge/system/Database/MySQLi/Connection.php(292): mysqli->query('REPLACE INTO `q...', 0)
#1 /home/jedw/public_html/challenge/system/Database/BaseConnection.php(666): CodeIgniter\Database\MySQLi\Connection->execute('REPLACE INTO `q...')
#2 /home/jedw/public_html/challenge/system/Database/BaseConnection.php(593): CodeIgniter\Database\BaseConnection->simpleQuery('REPLACE INTO `q...')
#3 /home/jedw/public_html/challenge/system/Database/BaseBuilder.php(2002): CodeIgniter\Database\BaseConnection->query('REPLACE INTO `q...', Array, false)
#4 /home/jedw/public_html/challenge/system/Model.php(439): CodeIgniter\Database\BaseBuilder->replace(Array)
#5 /home/jedw/public_html/challenge/system/BaseModel.php(1059): CodeIgniter\Model->doReplace(Array, false)
#6 /home/jedw/public_html/challenge/app/Controllers/BaseController.php(99): CodeIgniter\BaseModel->replace(Array)
#7 /home/jedw/public_html/challenge/app/Controllers/Quest.php(164): App\Controllers\BaseController->questsessiontodb()
#8 /home/jedw/public_html/challenge/system/CodeIgniter.php(927): App\Controllers\Quest->endquest()
#9 /home/jedw/public_html/challenge/system/CodeIgniter.php(482): CodeIgniter\CodeIgniter->runController(Object(App\Controllers\Quest))
#10 /home/jedw/public_html/challenge/system/CodeIgniter.php(351): CodeIgniter\CodeIgniter->handleRequest(NULL, Object(Config\Cache), false)
#11 /home/jedw/public_html/challenge/index.php(67): CodeIgniter\CodeIgniter->run()
#12 {main}
ERROR - 2023-10-17 13:57:08 --> mysqli_sql_exception: Column 'session' cannot be null in /home/jedw/public_html/challenge/system/Database/MySQLi/Connection.php:292
Stack trace:
#0 /home/jedw/public_html/challenge/system/Database/MySQLi/Connection.php(292): mysqli->query('REPLACE INTO `q...', 0)
#1 /home/jedw/public_html/challenge/system/Database/BaseConnection.php(666): CodeIgniter\Database\MySQLi\Connection->execute('REPLACE INTO `q...')
#2 /home/jedw/public_html/challenge/system/Database/BaseConnection.php(593): CodeIgniter\Database\BaseConnection->simpleQuery('REPLACE INTO `q...')
#3 /home/jedw/public_html/challenge/system/Database/BaseBuilder.php(2002): CodeIgniter\Database\BaseConnection->query('REPLACE INTO `q...', Array, false)
#4 /home/jedw/public_html/challenge/system/Model.php(439): CodeIgniter\Database\BaseBuilder->replace(Array)
#5 /home/jedw/public_html/challenge/system/BaseModel.php(1059): CodeIgniter\Model->doReplace(Array, false)
#6 /home/jedw/public_html/challenge/app/Controllers/BaseController.php(99): CodeIgniter\BaseModel->replace(Array)
#7 /home/jedw/public_html/challenge/app/Controllers/Quest.php(164): App\Controllers\BaseController->questsessiontodb()
#8 /home/jedw/public_html/challenge/system/CodeIgniter.php(927): App\Controllers\Quest->endquest()
#9 /home/jedw/public_html/challenge/system/CodeIgniter.php(482): CodeIgniter\CodeIgniter->runController(Object(App\Controllers\Quest))
#10 /home/jedw/public_html/challenge/system/CodeIgniter.php(351): CodeIgniter\CodeIgniter->handleRequest(NULL, Object(Config\Cache), false)
#11 /home/jedw/public_html/challenge/index.php(67): CodeIgniter\CodeIgniter->run()
#12 {main}
ERROR - 2023-10-17 13:57:18 --> mysqli_sql_exception: Column 'session' cannot be null in /home/jedw/public_html/challenge/system/Database/MySQLi/Connection.php:292
Stack trace:
#0 /home/jedw/public_html/challenge/system/Database/MySQLi/Connection.php(292): mysqli->query('REPLACE INTO `q...', 0)
#1 /home/jedw/public_html/challenge/system/Database/BaseConnection.php(666): CodeIgniter\Database\MySQLi\Connection->execute('REPLACE INTO `q...')
#2 /home/jedw/public_html/challenge/system/Database/BaseConnection.php(593): CodeIgniter\Database\BaseConnection->simpleQuery('REPLACE INTO `q...')
#3 /home/jedw/public_html/challenge/system/Database/BaseBuilder.php(2002): CodeIgniter\Database\BaseConnection->query('REPLACE INTO `q...', Array, false)
#4 /home/jedw/public_html/challenge/system/Model.php(439): CodeIgniter\Database\BaseBuilder->replace(Array)
#5 /home/jedw/public_html/challenge/system/BaseModel.php(1059): CodeIgniter\Model->doReplace(Array, false)
#6 /home/jedw/public_html/challenge/app/Controllers/BaseController.php(99): CodeIgniter\BaseModel->replace(Array)
#7 /home/jedw/public_html/challenge/app/Controllers/Quest.php(164): App\Controllers\BaseController->questsessiontodb()
#8 /home/jedw/public_html/challenge/system/CodeIgniter.php(927): App\Controllers\Quest->endquest()
#9 /home/jedw/public_html/challenge/system/CodeIgniter.php(482): CodeIgniter\CodeIgniter->runController(Object(App\Controllers\Quest))
#10 /home/jedw/public_html/challenge/system/CodeIgniter.php(351): CodeIgniter\CodeIgniter->handleRequest(NULL, Object(Config\Cache), false)
#11 /home/jedw/public_html/challenge/index.php(67): CodeIgniter\CodeIgniter->run()
#12 {main}
ERROR - 2023-10-17 13:57:27 --> mysqli_sql_exception: Column 'session' cannot be null in /home/jedw/public_html/challenge/system/Database/MySQLi/Connection.php:292
Stack trace:
#0 /home/jedw/public_html/challenge/system/Database/MySQLi/Connection.php(292): mysqli->query('REPLACE INTO `q...', 0)
#1 /home/jedw/public_html/challenge/system/Database/BaseConnection.php(666): CodeIgniter\Database\MySQLi\Connection->execute('REPLACE INTO `q...')
#2 /home/jedw/public_html/challenge/system/Database/BaseConnection.php(593): CodeIgniter\Database\BaseConnection->simpleQuery('REPLACE INTO `q...')
#3 /home/jedw/public_html/challenge/system/Database/BaseBuilder.php(2002): CodeIgniter\Database\BaseConnection->query('REPLACE INTO `q...', Array, false)
#4 /home/jedw/public_html/challenge/system/Model.php(439): CodeIgniter\Database\BaseBuilder->replace(Array)
#5 /home/jedw/public_html/challenge/system/BaseModel.php(1059): CodeIgniter\Model->doReplace(Array, false)
#6 /home/jedw/public_html/challenge/app/Controllers/BaseController.php(99): CodeIgniter\BaseModel->replace(Array)
#7 /home/jedw/public_html/challenge/app/Controllers/Quest.php(164): App\Controllers\BaseController->questsessiontodb()
#8 /home/jedw/public_html/challenge/system/CodeIgniter.php(927): App\Controllers\Quest->endquest()
#9 /home/jedw/public_html/challenge/system/CodeIgniter.php(482): CodeIgniter\CodeIgniter->runController(Object(App\Controllers\Quest))
#10 /home/jedw/public_html/challenge/system/CodeIgniter.php(351): CodeIgniter\CodeIgniter->handleRequest(NULL, Object(Config\Cache), false)
#11 /home/jedw/public_html/challenge/index.php(67): CodeIgniter\CodeIgniter->run()
#12 {main}
ERROR - 2023-10-17 13:57:28 --> mysqli_sql_exception: Column 'session' cannot be null in /home/jedw/public_html/challenge/system/Database/MySQLi/Connection.php:292
Stack trace:
#0 /home/jedw/public_html/challenge/system/Database/MySQLi/Connection.php(292): mysqli->query('REPLACE INTO `q...', 0)
#1 /home/jedw/public_html/challenge/system/Database/BaseConnection.php(666): CodeIgniter\Database\MySQLi\Connection->execute('REPLACE INTO `q...')
#2 /home/jedw/public_html/challenge/system/Database/BaseConnection.php(593): CodeIgniter\Database\BaseConnection->simpleQuery('REPLACE INTO `q...')
#3 /home/jedw/public_html/challenge/system/Database/BaseBuilder.php(2002): CodeIgniter\Database\BaseConnection->query('REPLACE INTO `q...', Array, false)
#4 /home/jedw/public_html/challenge/system/Model.php(439): CodeIgniter\Database\BaseBuilder->replace(Array)
#5 /home/jedw/public_html/challenge/system/BaseModel.php(1059): CodeIgniter\Model->doReplace(Array, false)
#6 /home/jedw/public_html/challenge/app/Controllers/BaseController.php(99): CodeIgniter\BaseModel->replace(Array)
#7 /home/jedw/public_html/challenge/app/Controllers/Quest.php(164): App\Controllers\BaseController->questsessiontodb()
#8 /home/jedw/public_html/challenge/system/CodeIgniter.php(927): App\Controllers\Quest->endquest()
#9 /home/jedw/public_html/challenge/system/CodeIgniter.php(482): CodeIgniter\CodeIgniter->runController(Object(App\Controllers\Quest))
#10 /home/jedw/public_html/challenge/system/CodeIgniter.php(351): CodeIgniter\CodeIgniter->handleRequest(NULL, Object(Config\Cache), false)
#11 /home/jedw/public_html/challenge/index.php(67): CodeIgniter\CodeIgniter->run()
#12 {main}
ERROR - 2023-10-17 13:57:58 --> mysqli_sql_exception: Column 'session' cannot be null in /home/jedw/public_html/challenge/system/Database/MySQLi/Connection.php:292
Stack trace:
#0 /home/jedw/public_html/challenge/system/Database/MySQLi/Connection.php(292): mysqli->query('REPLACE INTO `q...', 0)
#1 /home/jedw/public_html/challenge/system/Database/BaseConnection.php(666): CodeIgniter\Database\MySQLi\Connection->execute('REPLACE INTO `q...')
#2 /home/jedw/public_html/challenge/system/Database/BaseConnection.php(593): CodeIgniter\Database\BaseConnection->simpleQuery('REPLACE INTO `q...')
#3 /home/jedw/public_html/challenge/system/Database/BaseBuilder.php(2002): CodeIgniter\Database\BaseConnection->query('REPLACE INTO `q...', Array, false)
#4 /home/jedw/public_html/challenge/system/Model.php(439): CodeIgniter\Database\BaseBuilder->replace(Array)
#5 /home/jedw/public_html/challenge/system/BaseModel.php(1059): CodeIgniter\Model->doReplace(Array, false)
#6 /home/jedw/public_html/challenge/app/Controllers/BaseController.php(99): CodeIgniter\BaseModel->replace(Array)
#7 /home/jedw/public_html/challenge/app/Controllers/Quest.php(164): App\Controllers\BaseController->questsessiontodb()
#8 /home/jedw/public_html/challenge/system/CodeIgniter.php(927): App\Controllers\Quest->endquest()
#9 /home/jedw/public_html/challenge/system/CodeIgniter.php(482): CodeIgniter\CodeIgniter->runController(Object(App\Controllers\Quest))
#10 /home/jedw/public_html/challenge/system/CodeIgniter.php(351): CodeIgniter\CodeIgniter->handleRequest(NULL, Object(Config\Cache), false)
#11 /home/jedw/public_html/challenge/index.php(67): CodeIgniter\CodeIgniter->run()
#12 {main}
ERROR - 2023-10-17 13:58:04 --> mysqli_sql_exception: Column 'session' cannot be null in /home/jedw/public_html/challenge/system/Database/MySQLi/Connection.php:292
Stack trace:
#0 /home/jedw/public_html/challenge/system/Database/MySQLi/Connection.php(292): mysqli->query('REPLACE INTO `q...', 0)
#1 /home/jedw/public_html/challenge/system/Database/BaseConnection.php(666): CodeIgniter\Database\MySQLi\Connection->execute('REPLACE INTO `q...')
#2 /home/jedw/public_html/challenge/system/Database/BaseConnection.php(593): CodeIgniter\Database\BaseConnection->simpleQuery('REPLACE INTO `q...')
#3 /home/jedw/public_html/challenge/system/Database/BaseBuilder.php(2002): CodeIgniter\Database\BaseConnection->query('REPLACE INTO `q...', Array, false)
#4 /home/jedw/public_html/challenge/system/Model.php(439): CodeIgniter\Database\BaseBuilder->replace(Array)
#5 /home/jedw/public_html/challenge/system/BaseModel.php(1059): CodeIgniter\Model->doReplace(Array, false)
#6 /home/jedw/public_html/challenge/app/Controllers/BaseController.php(99): CodeIgniter\BaseModel->replace(Array)
#7 /home/jedw/public_html/challenge/app/Controllers/Quest.php(164): App\Controllers\BaseController->questsessiontodb()
#8 /home/jedw/public_html/challenge/system/CodeIgniter.php(927): App\Controllers\Quest->endquest()
#9 /home/jedw/public_html/challenge/system/CodeIgniter.php(482): CodeIgniter\CodeIgniter->runController(Object(App\Controllers\Quest))
#10 /home/jedw/public_html/challenge/system/CodeIgniter.php(351): CodeIgniter\CodeIgniter->handleRequest(NULL, Object(Config\Cache), false)
#11 /home/jedw/public_html/challenge/index.php(67): CodeIgniter\CodeIgniter->run()
#12 {main}
ERROR - 2023-10-17 13:58:08 --> mysqli_sql_exception: Column 'session' cannot be null in /home/jedw/public_html/challenge/system/Database/MySQLi/Connection.php:292
Stack trace:
#0 /home/jedw/public_html/challenge/system/Database/MySQLi/Connection.php(292): mysqli->query('REPLACE INTO `q...', 0)
#1 /home/jedw/public_html/challenge/system/Database/BaseConnection.php(666): CodeIgniter\Database\MySQLi\Connection->execute('REPLACE INTO `q...')
#2 /home/jedw/public_html/challenge/system/Database/BaseConnection.php(593): CodeIgniter\Database\BaseConnection->simpleQuery('REPLACE INTO `q...')
#3 /home/jedw/public_html/challenge/system/Database/BaseBuilder.php(2002): CodeIgniter\Database\BaseConnection->query('REPLACE INTO `q...', Array, false)
#4 /home/jedw/public_html/challenge/system/Model.php(439): CodeIgniter\Database\BaseBuilder->replace(Array)
#5 /home/jedw/public_html/challenge/system/BaseModel.php(1059): CodeIgniter\Model->doReplace(Array, false)
#6 /home/jedw/public_html/challenge/app/Controllers/BaseController.php(99): CodeIgniter\BaseModel->replace(Array)
#7 /home/jedw/public_html/challenge/app/Controllers/Quest.php(164): App\Controllers\BaseController->questsessiontodb()
#8 /home/jedw/public_html/challenge/system/CodeIgniter.php(927): App\Controllers\Quest->endquest()
#9 /home/jedw/public_html/challenge/system/CodeIgniter.php(482): CodeIgniter\CodeIgniter->runController(Object(App\Controllers\Quest))
#10 /home/jedw/public_html/challenge/system/CodeIgniter.php(351): CodeIgniter\CodeIgniter->handleRequest(NULL, Object(Config\Cache), false)
#11 /home/jedw/public_html/challenge/index.php(67): CodeIgniter\CodeIgniter->run()
#12 {main}
ERROR - 2023-10-17 13:58:14 --> mysqli_sql_exception: Column 'session' cannot be null in /home/jedw/public_html/challenge/system/Database/MySQLi/Connection.php:292
Stack trace:
#0 /home/jedw/public_html/challenge/system/Database/MySQLi/Connection.php(292): mysqli->query('REPLACE INTO `q...', 0)
#1 /home/jedw/public_html/challenge/system/Database/BaseConnection.php(666): CodeIgniter\Database\MySQLi\Connection->execute('REPLACE INTO `q...')
#2 /home/jedw/public_html/challenge/system/Database/BaseConnection.php(593): CodeIgniter\Database\BaseConnection->simpleQuery('REPLACE INTO `q...')
#3 /home/jedw/public_html/challenge/system/Database/BaseBuilder.php(2002): CodeIgniter\Database\BaseConnection->query('REPLACE INTO `q...', Array, false)
#4 /home/jedw/public_html/challenge/system/Model.php(439): CodeIgniter\Database\BaseBuilder->replace(Array)
#5 /home/jedw/public_html/challenge/system/BaseModel.php(1059): CodeIgniter\Model->doReplace(Array, false)
#6 /home/jedw/public_html/challenge/app/Controllers/BaseController.php(99): CodeIgniter\BaseModel->replace(Array)
#7 /home/jedw/public_html/challenge/app/Controllers/Quest.php(164): App\Controllers\BaseController->questsessiontodb()
#8 /home/jedw/public_html/challenge/system/CodeIgniter.php(927): App\Controllers\Quest->endquest()
#9 /home/jedw/public_html/challenge/system/CodeIgniter.php(482): CodeIgniter\CodeIgniter->runController(Object(App\Controllers\Quest))
#10 /home/jedw/public_html/challenge/system/CodeIgniter.php(351): CodeIgniter\CodeIgniter->handleRequest(NULL, Object(Config\Cache), false)
#11 /home/jedw/public_html/challenge/index.php(67): CodeIgniter\CodeIgniter->run()
#12 {main}
ERROR - 2023-10-17 13:58:28 --> mysqli_sql_exception: Column 'session' cannot be null in /home/jedw/public_html/challenge/system/Database/MySQLi/Connection.php:292
Stack trace:
#0 /home/jedw/public_html/challenge/system/Database/MySQLi/Connection.php(292): mysqli->query('REPLACE INTO `q...', 0)
#1 /home/jedw/public_html/challenge/system/Database/BaseConnection.php(666): CodeIgniter\Database\MySQLi\Connection->execute('REPLACE INTO `q...')
#2 /home/jedw/public_html/challenge/system/Database/BaseConnection.php(593): CodeIgniter\Database\BaseConnection->simpleQuery('REPLACE INTO `q...')
#3 /home/jedw/public_html/challenge/system/Database/BaseBuilder.php(2002): CodeIgniter\Database\BaseConnection->query('REPLACE INTO `q...', Array, false)
#4 /home/jedw/public_html/challenge/system/Model.php(439): CodeIgniter\Database\BaseBuilder->replace(Array)
#5 /home/jedw/public_html/challenge/system/BaseModel.php(1059): CodeIgniter\Model->doReplace(Array, false)
#6 /home/jedw/public_html/challenge/app/Controllers/BaseController.php(99): CodeIgniter\BaseModel->replace(Array)
#7 /home/jedw/public_html/challenge/app/Controllers/Quest.php(164): App\Controllers\BaseController->questsessiontodb()
#8 /home/jedw/public_html/challenge/system/CodeIgniter.php(927): App\Controllers\Quest->endquest()
#9 /home/jedw/public_html/challenge/system/CodeIgniter.php(482): CodeIgniter\CodeIgniter->runController(Object(App\Controllers\Quest))
#10 /home/jedw/public_html/challenge/system/CodeIgniter.php(351): CodeIgniter\CodeIgniter->handleRequest(NULL, Object(Config\Cache), false)
#11 /home/jedw/public_html/challenge/index.php(67): CodeIgniter\CodeIgniter->run()
#12 {main}
ERROR - 2023-10-17 13:58:38 --> mysqli_sql_exception: Column 'session' cannot be null in /home/jedw/public_html/challenge/system/Database/MySQLi/Connection.php:292
Stack trace:
#0 /home/jedw/public_html/challenge/system/Database/MySQLi/Connection.php(292): mysqli->query('REPLACE INTO `q...', 0)
#1 /home/jedw/public_html/challenge/system/Database/BaseConnection.php(666): CodeIgniter\Database\MySQLi\Connection->execute('REPLACE INTO `q...')
#2 /home/jedw/public_html/challenge/system/Database/BaseConnection.php(593): CodeIgniter\Database\BaseConnection->simpleQuery('REPLACE INTO `q...')
#3 /home/jedw/public_html/challenge/system/Database/BaseBuilder.php(2002): CodeIgniter\Database\BaseConnection->query('REPLACE INTO `q...', Array, false)
#4 /home/jedw/public_html/challenge/system/Model.php(439): CodeIgniter\Database\BaseBuilder->replace(Array)
#5 /home/jedw/public_html/challenge/system/BaseModel.php(1059): CodeIgniter\Model->doReplace(Array, false)
#6 /home/jedw/public_html/challenge/app/Controllers/BaseController.php(99): CodeIgniter\BaseModel->replace(Array)
#7 /home/jedw/public_html/challenge/app/Controllers/Quest.php(164): App\Controllers\BaseController->questsessiontodb()
#8 /home/jedw/public_html/challenge/system/CodeIgniter.php(927): App\Controllers\Quest->endquest()
#9 /home/jedw/public_html/challenge/system/CodeIgniter.php(482): CodeIgniter\CodeIgniter->runController(Object(App\Controllers\Quest))
#10 /home/jedw/public_html/challenge/system/CodeIgniter.php(351): CodeIgniter\CodeIgniter->handleRequest(NULL, Object(Config\Cache), false)
#11 /home/jedw/public_html/challenge/index.php(67): CodeIgniter\CodeIgniter->run()
#12 {main}
ERROR - 2023-10-17 13:58:43 --> mysqli_sql_exception: Column 'session' cannot be null in /home/jedw/public_html/challenge/system/Database/MySQLi/Connection.php:292
Stack trace:
#0 /home/jedw/public_html/challenge/system/Database/MySQLi/Connection.php(292): mysqli->query('REPLACE INTO `q...', 0)
#1 /home/jedw/public_html/challenge/system/Database/BaseConnection.php(666): CodeIgniter\Database\MySQLi\Connection->execute('REPLACE INTO `q...')
#2 /home/jedw/public_html/challenge/system/Database/BaseConnection.php(593): CodeIgniter\Database\BaseConnection->simpleQuery('REPLACE INTO `q...')
#3 /home/jedw/public_html/challenge/system/Database/BaseBuilder.php(2002): CodeIgniter\Database\BaseConnection->query('REPLACE INTO `q...', Array, false)
#4 /home/jedw/public_html/challenge/system/Model.php(439): CodeIgniter\Database\BaseBuilder->replace(Array)
#5 /home/jedw/public_html/challenge/system/BaseModel.php(1059): CodeIgniter\Model->doReplace(Array, false)
#6 /home/jedw/public_html/challenge/app/Controllers/BaseController.php(99): CodeIgniter\BaseModel->replace(Array)
#7 /home/jedw/public_html/challenge/app/Controllers/Quest.php(164): App\Controllers\BaseController->questsessiontodb()
#8 /home/jedw/public_html/challenge/system/CodeIgniter.php(927): App\Controllers\Quest->endquest()
#9 /home/jedw/public_html/challenge/system/CodeIgniter.php(482): CodeIgniter\CodeIgniter->runController(Object(App\Controllers\Quest))
#10 /home/jedw/public_html/challenge/system/CodeIgniter.php(351): CodeIgniter\CodeIgniter->handleRequest(NULL, Object(Config\Cache), false)
#11 /home/jedw/public_html/challenge/index.php(67): CodeIgniter\CodeIgniter->run()
#12 {main}
ERROR - 2023-10-17 13:58:49 --> mysqli_sql_exception: Column 'session' cannot be null in /home/jedw/public_html/challenge/system/Database/MySQLi/Connection.php:292
Stack trace:
#0 /home/jedw/public_html/challenge/system/Database/MySQLi/Connection.php(292): mysqli->query('REPLACE INTO `q...', 0)
#1 /home/jedw/public_html/challenge/system/Database/BaseConnection.php(666): CodeIgniter\Database\MySQLi\Connection->execute('REPLACE INTO `q...')
#2 /home/jedw/public_html/challenge/system/Database/BaseConnection.php(593): CodeIgniter\Database\BaseConnection->simpleQuery('REPLACE INTO `q...')
#3 /home/jedw/public_html/challenge/system/Database/BaseBuilder.php(2002): CodeIgniter\Database\BaseConnection->query('REPLACE INTO `q...', Array, false)
#4 /home/jedw/public_html/challenge/system/Model.php(439): CodeIgniter\Database\BaseBuilder->replace(Array)
#5 /home/jedw/public_html/challenge/system/BaseModel.php(1059): CodeIgniter\Model->doReplace(Array, false)
#6 /home/jedw/public_html/challenge/app/Controllers/BaseController.php(99): CodeIgniter\BaseModel->replace(Array)
#7 /home/jedw/public_html/challenge/app/Controllers/Quest.php(164): App\Controllers\BaseController->questsessiontodb()
#8 /home/jedw/public_html/challenge/system/CodeIgniter.php(927): App\Controllers\Quest->endquest()
#9 /home/jedw/public_html/challenge/system/CodeIgniter.php(482): CodeIgniter\CodeIgniter->runController(Object(App\Controllers\Quest))
#10 /home/jedw/public_html/challenge/system/CodeIgniter.php(351): CodeIgniter\CodeIgniter->handleRequest(NULL, Object(Config\Cache), false)
#11 /home/jedw/public_html/challenge/index.php(67): CodeIgniter\CodeIgniter->run()
#12 {main}
ERROR - 2023-10-17 13:59:04 --> mysqli_sql_exception: Column 'session' cannot be null in /home/jedw/public_html/challenge/system/Database/MySQLi/Connection.php:292
Stack trace:
#0 /home/jedw/public_html/challenge/system/Database/MySQLi/Connection.php(292): mysqli->query('REPLACE INTO `q...', 0)
#1 /home/jedw/public_html/challenge/system/Database/BaseConnection.php(666): CodeIgniter\Database\MySQLi\Connection->execute('REPLACE INTO `q...')
#2 /home/jedw/public_html/challenge/system/Database/BaseConnection.php(593): CodeIgniter\Database\BaseConnection->simpleQuery('REPLACE INTO `q...')
#3 /home/jedw/public_html/challenge/system/Database/BaseBuilder.php(2002): CodeIgniter\Database\BaseConnection->query('REPLACE INTO `q...', Array, false)
#4 /home/jedw/public_html/challenge/system/Model.php(439): CodeIgniter\Database\BaseBuilder->replace(Array)
#5 /home/jedw/public_html/challenge/system/BaseModel.php(1059): CodeIgniter\Model->doReplace(Array, false)
#6 /home/jedw/public_html/challenge/app/Controllers/BaseController.php(99): CodeIgniter\BaseModel->replace(Array)
#7 /home/jedw/public_html/challenge/app/Controllers/Quest.php(164): App\Controllers\BaseController->questsessiontodb()
#8 /home/jedw/public_html/challenge/system/CodeIgniter.php(927): App\Controllers\Quest->endquest()
#9 /home/jedw/public_html/challenge/system/CodeIgniter.php(482): CodeIgniter\CodeIgniter->runController(Object(App\Controllers\Quest))
#10 /home/jedw/public_html/challenge/system/CodeIgniter.php(351): CodeIgniter\CodeIgniter->handleRequest(NULL, Object(Config\Cache), false)
#11 /home/jedw/public_html/challenge/index.php(67): CodeIgniter\CodeIgniter->run()
#12 {main}
ERROR - 2023-10-17 13:59:09 --> mysqli_sql_exception: Column 'session' cannot be null in /home/jedw/public_html/challenge/system/Database/MySQLi/Connection.php:292
Stack trace:
#0 /home/jedw/public_html/challenge/system/Database/MySQLi/Connection.php(292): mysqli->query('REPLACE INTO `q...', 0)
#1 /home/jedw/public_html/challenge/system/Database/BaseConnection.php(666): CodeIgniter\Database\MySQLi\Connection->execute('REPLACE INTO `q...')
#2 /home/jedw/public_html/challenge/system/Database/BaseConnection.php(593): CodeIgniter\Database\BaseConnection->simpleQuery('REPLACE INTO `q...')
#3 /home/jedw/public_html/challenge/system/Database/BaseBuilder.php(2002): CodeIgniter\Database\BaseConnection->query('REPLACE INTO `q...', Array, false)
#4 /home/jedw/public_html/challenge/system/Model.php(439): CodeIgniter\Database\BaseBuilder->replace(Array)
#5 /home/jedw/public_html/challenge/system/BaseModel.php(1059): CodeIgniter\Model->doReplace(Array, false)
#6 /home/jedw/public_html/challenge/app/Controllers/BaseController.php(99): CodeIgniter\BaseModel->replace(Array)
#7 /home/jedw/public_html/challenge/app/Controllers/Quest.php(164): App\Controllers\BaseController->questsessiontodb()
#8 /home/jedw/public_html/challenge/system/CodeIgniter.php(927): App\Controllers\Quest->endquest()
#9 /home/jedw/public_html/challenge/system/CodeIgniter.php(482): CodeIgniter\CodeIgniter->runController(Object(App\Controllers\Quest))
#10 /home/jedw/public_html/challenge/system/CodeIgniter.php(351): CodeIgniter\CodeIgniter->handleRequest(NULL, Object(Config\Cache), false)
#11 /home/jedw/public_html/challenge/index.php(67): CodeIgniter\CodeIgniter->run()
#12 {main}
ERROR - 2023-10-17 13:59:15 --> mysqli_sql_exception: Column 'session' cannot be null in /home/jedw/public_html/challenge/system/Database/MySQLi/Connection.php:292
Stack trace:
#0 /home/jedw/public_html/challenge/system/Database/MySQLi/Connection.php(292): mysqli->query('REPLACE INTO `q...', 0)
#1 /home/jedw/public_html/challenge/system/Database/BaseConnection.php(666): CodeIgniter\Database\MySQLi\Connection->execute('REPLACE INTO `q...')
#2 /home/jedw/public_html/challenge/system/Database/BaseConnection.php(593): CodeIgniter\Database\BaseConnection->simpleQuery('REPLACE INTO `q...')
#3 /home/jedw/public_html/challenge/system/Database/BaseBuilder.php(2002): CodeIgniter\Database\BaseConnection->query('REPLACE INTO `q...', Array, false)
#4 /home/jedw/public_html/challenge/system/Model.php(439): CodeIgniter\Database\BaseBuilder->replace(Array)
#5 /home/jedw/public_html/challenge/system/BaseModel.php(1059): CodeIgniter\Model->doReplace(Array, false)
#6 /home/jedw/public_html/challenge/app/Controllers/BaseController.php(99): CodeIgniter\BaseModel->replace(Array)
#7 /home/jedw/public_html/challenge/app/Controllers/Quest.php(164): App\Controllers\BaseController->questsessiontodb()
#8 /home/jedw/public_html/challenge/system/CodeIgniter.php(927): App\Controllers\Quest->endquest()
#9 /home/jedw/public_html/challenge/system/CodeIgniter.php(482): CodeIgniter\CodeIgniter->runController(Object(App\Controllers\Quest))
#10 /home/jedw/public_html/challenge/system/CodeIgniter.php(351): CodeIgniter\CodeIgniter->handleRequest(NULL, Object(Config\Cache), false)
#11 /home/jedw/public_html/challenge/index.php(67): CodeIgniter\CodeIgniter->run()
#12 {main}
ERROR - 2023-10-17 13:59:19 --> mysqli_sql_exception: Column 'session' cannot be null in /home/jedw/public_html/challenge/system/Database/MySQLi/Connection.php:292
Stack trace:
#0 /home/jedw/public_html/challenge/system/Database/MySQLi/Connection.php(292): mysqli->query('REPLACE INTO `q...', 0)
#1 /home/jedw/public_html/challenge/system/Database/BaseConnection.php(666): CodeIgniter\Database\MySQLi\Connection->execute('REPLACE INTO `q...')
#2 /home/jedw/public_html/challenge/system/Database/BaseConnection.php(593): CodeIgniter\Database\BaseConnection->simpleQuery('REPLACE INTO `q...')
#3 /home/jedw/public_html/challenge/system/Database/BaseBuilder.php(2002): CodeIgniter\Database\BaseConnection->query('REPLACE INTO `q...', Array, false)
#4 /home/jedw/public_html/challenge/system/Model.php(439): CodeIgniter\Database\BaseBuilder->replace(Array)
#5 /home/jedw/public_html/challenge/system/BaseModel.php(1059): CodeIgniter\Model->doReplace(Array, false)
#6 /home/jedw/public_html/challenge/app/Controllers/BaseController.php(99): CodeIgniter\BaseModel->replace(Array)
#7 /home/jedw/public_html/challenge/app/Controllers/Quest.php(164): App\Controllers\BaseController->questsessiontodb()
#8 /home/jedw/public_html/challenge/system/CodeIgniter.php(927): App\Controllers\Quest->endquest()
#9 /home/jedw/public_html/challenge/system/CodeIgniter.php(482): CodeIgniter\CodeIgniter->runController(Object(App\Controllers\Quest))
#10 /home/jedw/public_html/challenge/system/CodeIgniter.php(351): CodeIgniter\CodeIgniter->handleRequest(NULL, Object(Config\Cache), false)
#11 /home/jedw/public_html/challenge/index.php(67): CodeIgniter\CodeIgniter->run()
#12 {main}
ERROR - 2023-10-17 13:59:24 --> mysqli_sql_exception: Column 'session' cannot be null in /home/jedw/public_html/challenge/system/Database/MySQLi/Connection.php:292
Stack trace:
#0 /home/jedw/public_html/challenge/system/Database/MySQLi/Connection.php(292): mysqli->query('REPLACE INTO `q...', 0)
#1 /home/jedw/public_html/challenge/system/Database/BaseConnection.php(666): CodeIgniter\Database\MySQLi\Connection->execute('REPLACE INTO `q...')
#2 /home/jedw/public_html/challenge/system/Database/BaseConnection.php(593): CodeIgniter\Database\BaseConnection->simpleQuery('REPLACE INTO `q...')
#3 /home/jedw/public_html/challenge/system/Database/BaseBuilder.php(2002): CodeIgniter\Database\BaseConnection->query('REPLACE INTO `q...', Array, false)
#4 /home/jedw/public_html/challenge/system/Model.php(439): CodeIgniter\Database\BaseBuilder->replace(Array)
#5 /home/jedw/public_html/challenge/system/BaseModel.php(1059): CodeIgniter\Model->doReplace(Array, false)
#6 /home/jedw/public_html/challenge/app/Controllers/BaseController.php(99): CodeIgniter\BaseModel->replace(Array)
#7 /home/jedw/public_html/challenge/app/Controllers/Quest.php(164): App\Controllers\BaseController->questsessiontodb()
#8 /home/jedw/public_html/challenge/system/CodeIgniter.php(927): App\Controllers\Quest->endquest()
#9 /home/jedw/public_html/challenge/system/CodeIgniter.php(482): CodeIgniter\CodeIgniter->runController(Object(App\Controllers\Quest))
#10 /home/jedw/public_html/challenge/system/CodeIgniter.php(351): CodeIgniter\CodeIgniter->handleRequest(NULL, Object(Config\Cache), false)
#11 /home/jedw/public_html/challenge/index.php(67): CodeIgniter\CodeIgniter->run()
#12 {main}
ERROR - 2023-10-17 13:59:28 --> mysqli_sql_exception: Column 'session' cannot be null in /home/jedw/public_html/challenge/system/Database/MySQLi/Connection.php:292
Stack trace:
#0 /home/jedw/public_html/challenge/system/Database/MySQLi/Connection.php(292): mysqli->query('REPLACE INTO `q...', 0)
#1 /home/jedw/public_html/challenge/system/Database/BaseConnection.php(666): CodeIgniter\Database\MySQLi\Connection->execute('REPLACE INTO `q...')
#2 /home/jedw/public_html/challenge/system/Database/BaseConnection.php(593): CodeIgniter\Database\BaseConnection->simpleQuery('REPLACE INTO `q...')
#3 /home/jedw/public_html/challenge/system/Database/BaseBuilder.php(2002): CodeIgniter\Database\BaseConnection->query('REPLACE INTO `q...', Array, false)
#4 /home/jedw/public_html/challenge/system/Model.php(439): CodeIgniter\Database\BaseBuilder->replace(Array)
#5 /home/jedw/public_html/challenge/system/BaseModel.php(1059): CodeIgniter\Model->doReplace(Array, false)
#6 /home/jedw/public_html/challenge/app/Controllers/BaseController.php(99): CodeIgniter\BaseModel->replace(Array)
#7 /home/jedw/public_html/challenge/app/Controllers/Quest.php(164): App\Controllers\BaseController->questsessiontodb()
#8 /home/jedw/public_html/challenge/system/CodeIgniter.php(927): App\Controllers\Quest->endquest()
#9 /home/jedw/public_html/challenge/system/CodeIgniter.php(482): CodeIgniter\CodeIgniter->runController(Object(App\Controllers\Quest))
#10 /home/jedw/public_html/challenge/system/CodeIgniter.php(351): CodeIgniter\CodeIgniter->handleRequest(NULL, Object(Config\Cache), false)
#11 /home/jedw/public_html/challenge/index.php(67): CodeIgniter\CodeIgniter->run()
#12 {main}
ERROR - 2023-10-17 13:59:35 --> mysqli_sql_exception: Column 'session' cannot be null in /home/jedw/public_html/challenge/system/Database/MySQLi/Connection.php:292
Stack trace:
#0 /home/jedw/public_html/challenge/system/Database/MySQLi/Connection.php(292): mysqli->query('REPLACE INTO `q...', 0)
#1 /home/jedw/public_html/challenge/system/Database/BaseConnection.php(666): CodeIgniter\Database\MySQLi\Connection->execute('REPLACE INTO `q...')
#2 /home/jedw/public_html/challenge/system/Database/BaseConnection.php(593): CodeIgniter\Database\BaseConnection->simpleQuery('REPLACE INTO `q...')
#3 /home/jedw/public_html/challenge/system/Database/BaseBuilder.php(2002): CodeIgniter\Database\BaseConnection->query('REPLACE INTO `q...', Array, false)
#4 /home/jedw/public_html/challenge/system/Model.php(439): CodeIgniter\Database\BaseBuilder->replace(Array)
#5 /home/jedw/public_html/challenge/system/BaseModel.php(1059): CodeIgniter\Model->doReplace(Array, false)
#6 /home/jedw/public_html/challenge/app/Controllers/BaseController.php(99): CodeIgniter\BaseModel->replace(Array)
#7 /home/jedw/public_html/challenge/app/Controllers/Quest.php(164): App\Controllers\BaseController->questsessiontodb()
#8 /home/jedw/public_html/challenge/system/CodeIgniter.php(927): App\Controllers\Quest->endquest()
#9 /home/jedw/public_html/challenge/system/CodeIgniter.php(482): CodeIgniter\CodeIgniter->runController(Object(App\Controllers\Quest))
#10 /home/jedw/public_html/challenge/system/CodeIgniter.php(351): CodeIgniter\CodeIgniter->handleRequest(NULL, Object(Config\Cache), false)
#11 /home/jedw/public_html/challenge/index.php(67): CodeIgniter\CodeIgniter->run()
#12 {main}
ERROR - 2023-10-17 13:59:38 --> mysqli_sql_exception: Column 'session' cannot be null in /home/jedw/public_html/challenge/system/Database/MySQLi/Connection.php:292
Stack trace:
#0 /home/jedw/public_html/challenge/system/Database/MySQLi/Connection.php(292): mysqli->query('REPLACE INTO `q...', 0)
#1 /home/jedw/public_html/challenge/system/Database/BaseConnection.php(666): CodeIgniter\Database\MySQLi\Connection->execute('REPLACE INTO `q...')
#2 /home/jedw/public_html/challenge/system/Database/BaseConnection.php(593): CodeIgniter\Database\BaseConnection->simpleQuery('REPLACE INTO `q...')
#3 /home/jedw/public_html/challenge/system/Database/BaseBuilder.php(2002): CodeIgniter\Database\BaseConnection->query('REPLACE INTO `q...', Array, false)
#4 /home/jedw/public_html/challenge/system/Model.php(439): CodeIgniter\Database\BaseBuilder->replace(Array)
#5 /home/jedw/public_html/challenge/system/BaseModel.php(1059): CodeIgniter\Model->doReplace(Array, false)
#6 /home/jedw/public_html/challenge/app/Controllers/BaseController.php(99): CodeIgniter\BaseModel->replace(Array)
#7 /home/jedw/public_html/challenge/app/Controllers/Quest.php(164): App\Controllers\BaseController->questsessiontodb()
#8 /home/jedw/public_html/challenge/system/CodeIgniter.php(927): App\Controllers\Quest->endquest()
#9 /home/jedw/public_html/challenge/system/CodeIgniter.php(482): CodeIgniter\CodeIgniter->runController(Object(App\Controllers\Quest))
#10 /home/jedw/public_html/challenge/system/CodeIgniter.php(351): CodeIgniter\CodeIgniter->handleRequest(NULL, Object(Config\Cache), false)
#11 /home/jedw/public_html/challenge/index.php(67): CodeIgniter\CodeIgniter->run()
#12 {main}
ERROR - 2023-10-17 13:59:44 --> mysqli_sql_exception: Column 'session' cannot be null in /home/jedw/public_html/challenge/system/Database/MySQLi/Connection.php:292
Stack trace:
#0 /home/jedw/public_html/challenge/system/Database/MySQLi/Connection.php(292): mysqli->query('REPLACE INTO `q...', 0)
#1 /home/jedw/public_html/challenge/system/Database/BaseConnection.php(666): CodeIgniter\Database\MySQLi\Connection->execute('REPLACE INTO `q...')
#2 /home/jedw/public_html/challenge/system/Database/BaseConnection.php(593): CodeIgniter\Database\BaseConnection->simpleQuery('REPLACE INTO `q...')
#3 /home/jedw/public_html/challenge/system/Database/BaseBuilder.php(2002): CodeIgniter\Database\BaseConnection->query('REPLACE INTO `q...', Array, false)
#4 /home/jedw/public_html/challenge/system/Model.php(439): CodeIgniter\Database\BaseBuilder->replace(Array)
#5 /home/jedw/public_html/challenge/system/BaseModel.php(1059): CodeIgniter\Model->doReplace(Array, false)
#6 /home/jedw/public_html/challenge/app/Controllers/BaseController.php(99): CodeIgniter\BaseModel->replace(Array)
#7 /home/jedw/public_html/challenge/app/Controllers/Quest.php(164): App\Controllers\BaseController->questsessiontodb()
#8 /home/jedw/public_html/challenge/system/CodeIgniter.php(927): App\Controllers\Quest->endquest()
#9 /home/jedw/public_html/challenge/system/CodeIgniter.php(482): CodeIgniter\CodeIgniter->runController(Object(App\Controllers\Quest))
#10 /home/jedw/public_html/challenge/system/CodeIgniter.php(351): CodeIgniter\CodeIgniter->handleRequest(NULL, Object(Config\Cache), false)
#11 /home/jedw/public_html/challenge/index.php(67): CodeIgniter\CodeIgniter->run()
#12 {main}
ERROR - 2023-10-17 14:00:18 --> mysqli_sql_exception: Column 'session' cannot be null in /home/jedw/public_html/challenge/system/Database/MySQLi/Connection.php:292
Stack trace:
#0 /home/jedw/public_html/challenge/system/Database/MySQLi/Connection.php(292): mysqli->query('REPLACE INTO `q...', 0)
#1 /home/jedw/public_html/challenge/system/Database/BaseConnection.php(666): CodeIgniter\Database\MySQLi\Connection->execute('REPLACE INTO `q...')
#2 /home/jedw/public_html/challenge/system/Database/BaseConnection.php(593): CodeIgniter\Database\BaseConnection->simpleQuery('REPLACE INTO `q...')
#3 /home/jedw/public_html/challenge/system/Database/BaseBuilder.php(2002): CodeIgniter\Database\BaseConnection->query('REPLACE INTO `q...', Array, false)
#4 /home/jedw/public_html/challenge/system/Model.php(439): CodeIgniter\Database\BaseBuilder->replace(Array)
#5 /home/jedw/public_html/challenge/system/BaseModel.php(1059): CodeIgniter\Model->doReplace(Array, false)
#6 /home/jedw/public_html/challenge/app/Controllers/BaseController.php(99): CodeIgniter\BaseModel->replace(Array)
#7 /home/jedw/public_html/challenge/app/Controllers/Quest.php(164): App\Controllers\BaseController->questsessiontodb()
#8 /home/jedw/public_html/challenge/system/CodeIgniter.php(927): App\Controllers\Quest->endquest()
#9 /home/jedw/public_html/challenge/system/CodeIgniter.php(482): CodeIgniter\CodeIgniter->runController(Object(App\Controllers\Quest))
#10 /home/jedw/public_html/challenge/system/CodeIgniter.php(351): CodeIgniter\CodeIgniter->handleRequest(NULL, Object(Config\Cache), false)
#11 /home/jedw/public_html/challenge/index.php(67): CodeIgniter\CodeIgniter->run()
#12 {main}
ERROR - 2023-10-17 14:02:33 --> mysqli_sql_exception: Column 'player' cannot be null in /home/jedw/public_html/challenge/system/Database/MySQLi/Connection.php:292
Stack trace:
#0 /home/jedw/public_html/challenge/system/Database/MySQLi/Connection.php(292): mysqli->query('INSERT INTO `qh...', 0)
#1 /home/jedw/public_html/challenge/system/Database/BaseConnection.php(666): CodeIgniter\Database\MySQLi\Connection->execute('INSERT INTO `qh...')
#2 /home/jedw/public_html/challenge/system/Database/BaseConnection.php(593): CodeIgniter\Database\BaseConnection->simpleQuery('INSERT INTO `qh...')
#3 /home/jedw/public_html/challenge/system/Database/BaseBuilder.php(1916): CodeIgniter\Database\BaseConnection->query('INSERT INTO `qh...', Array, false)
#4 /home/jedw/public_html/challenge/system/Model.php(279): CodeIgniter\Database\BaseBuilder->insert()
#5 /home/jedw/public_html/challenge/system/BaseModel.php(749): CodeIgniter\Model->doInsert(Array)
#6 /home/jedw/public_html/challenge/system/Model.php(667): CodeIgniter\BaseModel->insert(Array, true)
#7 /home/jedw/public_html/challenge/app/Controllers/Quest.php(190): CodeIgniter\Model->insert(Array)
#8 /home/jedw/public_html/challenge/system/CodeIgniter.php(927): App\Controllers\Quest->submithighscore()
#9 /home/jedw/public_html/challenge/system/CodeIgniter.php(482): CodeIgniter\CodeIgniter->runController(Object(App\Controllers\Quest))
#10 /home/jedw/public_html/challenge/system/CodeIgniter.php(351): CodeIgniter\CodeIgniter->handleRequest(NULL, Object(Config\Cache), false)
#11 /home/jedw/public_html/challenge/index.php(67): CodeIgniter\CodeIgniter->run()
#12 {main}
ERROR - 2023-10-17 14:16:14 --> mysqli_sql_exception: Column 'session' cannot be null in /home/jedw/public_html/challenge/system/Database/MySQLi/Connection.php:292
Stack trace:
#0 /home/jedw/public_html/challenge/system/Database/MySQLi/Connection.php(292): mysqli->query('REPLACE INTO `q...', 0)
#1 /home/jedw/public_html/challenge/system/Database/BaseConnection.php(666): CodeIgniter\Database\MySQLi\Connection->execute('REPLACE INTO `q...')
#2 /home/jedw/public_html/challenge/system/Database/BaseConnection.php(593): CodeIgniter\Database\BaseConnection->simpleQuery('REPLACE INTO `q...')
#3 /home/jedw/public_html/challenge/system/Database/BaseBuilder.php(2002): CodeIgniter\Database\BaseConnection->query('REPLACE INTO `q...', Array, false)
#4 /home/jedw/public_html/challenge/system/Model.php(439): CodeIgniter\Database\BaseBuilder->replace(Array)
#5 /home/jedw/public_html/challenge/system/BaseModel.php(1059): CodeIgniter\Model->doReplace(Array, false)
#6 /home/jedw/public_html/challenge/app/Controllers/BaseController.php(99): CodeIgniter\BaseModel->replace(Array)
#7 /home/jedw/public_html/challenge/app/Controllers/Quest.php(164): App\Controllers\BaseController->questsessiontodb()
#8 /home/jedw/public_html/challenge/system/CodeIgniter.php(927): App\Controllers\Quest->endquest()
#9 /home/jedw/public_html/challenge/system/CodeIgniter.php(482): CodeIgniter\CodeIgniter->runController(Object(App\Controllers\Quest))
#10 /home/jedw/public_html/challenge/system/CodeIgniter.php(351): CodeIgniter\CodeIgniter->handleRequest(NULL, Object(Config\Cache), false)
#11 /home/jedw/public_html/challenge/index.php(67): CodeIgniter\CodeIgniter->run()
#12 {main}
CRITICAL - 2023-10-17 16:40:21 --> fopen(/home/jedw/public_html/challenge/writable/session/ci_session91fda04fb45707f7457df4ff171aeef95ccf1b8891fda04fb45707f7457df4ff171aeef95ccf1b8891fda04fb45707f7457df4ff171aeef95ccf1b8891fda04fb45707f7457df4ff171aeef95ccf1b8891fda04fb45707f7457df4ff171aeef95ccf1b8891fda04fb45707f7457df4ff171aeef95ccf1b8891fda04fb45707f7457df4ff171aeef95ccf1b88): failed to open stream: File name too long
in SYSTEMPATH/Session/Handlers/FileHandler.php on line 129.
 1 [internal function]: CodeIgniter\Debug\Exceptions->errorHandler(2, 'fopen(/home/jedw/public_html/challenge/writable/session/ci_session91fda04fb45707f7457df4ff171aeef95ccf1b8891fda04fb45707f7457df4ff171aeef95ccf1b8891fda04fb45707f7457df4ff171aeef95ccf1b8891fda04fb45707f7457df4ff171aeef95ccf1b8891fda04fb45707f7457df4ff171aeef95ccf1b8891fda04fb45707f7457df4ff171aeef95ccf1b8891fda04fb45707f7457df4ff171aeef95ccf1b88): failed to open stream: File name too long', 'SYSTEMPATH/Session/Handlers/FileHandler.php', 129, [...])
 2 SYSTEMPATH/Session/Handlers/FileHandler.php(129): fopen('FCPATH/writable/session/ci_session91fda04fb45707f7457df4ff171aeef95ccf1b8891fda04fb45707f7457df4ff171aeef95ccf1b8891fda04fb45707f7457df4ff171aeef95ccf1b8891fda04fb45707f7457df4ff171aeef95ccf1b8891fda04fb45707f7457df4ff171aeef95ccf1b8891fda04fb45707f7457df4ff171aeef95ccf1b8891fda04fb45707f7457df4ff171aeef95ccf1b88', 'c+b')
 3 [internal function]: CodeIgniter\Session\Handlers\FileHandler->read('91fda04fb45707f7457df4ff171aeef95ccf1b8891fda04fb45707f7457df4ff171aeef95ccf1b8891fda04fb45707f7457df4ff171aeef95ccf1b8891fda04fb45707f7457df4ff171aeef95ccf1b8891fda04fb45707f7457df4ff171aeef95ccf1b8891fda04fb45707f7457df4ff171aeef95ccf1b8891fda04fb45707f7457df4ff171aeef95ccf1b88')
 4 SYSTEMPATH/Session/Session.php(912): session_start()
 5 SYSTEMPATH/Session/Session.php(234): CodeIgniter\Session\Session->startSession()
 6 SYSTEMPATH/Config/Services.php(665): CodeIgniter\Session\Session->start()
 7 SYSTEMPATH/Config/BaseService.php(253): CodeIgniter\Config\Services::session(Object(Config\App), false)
 8 SYSTEMPATH/Config/BaseService.php(194): CodeIgniter\Config\BaseService::__callStatic('session', [...])
 9 SYSTEMPATH/Config/Services.php(637): CodeIgniter\Config\BaseService::getSharedInstance('session', null)
10 SYSTEMPATH/Config/BaseService.php(253): CodeIgniter\Config\Services::session()
11 APPPATH/Controllers/BaseController.php(118): CodeIgniter\Config\BaseService::__callStatic('Session', [])
12 APPPATH/Controllers/Quest.php(32): App\Controllers\BaseController->startSession()
13 SYSTEMPATH/CodeIgniter.php(927): App\Controllers\Quest->status()
14 SYSTEMPATH/CodeIgniter.php(482): CodeIgniter\CodeIgniter->runController(Object(App\Controllers\Quest))
15 SYSTEMPATH/CodeIgniter.php(351): CodeIgniter\CodeIgniter->handleRequest(null, Object(Config\Cache), false)
16 FCPATH/index.php(67): CodeIgniter\CodeIgniter->run()
CRITICAL - 2023-10-17 16:40:45 --> fopen(/home/jedw/public_html/challenge/writable/session/ci_session91fda04fb45707f7457df4ff171aeef95ccf1b8891fda04fb45707f7457df4ff171aeef95ccf1b8891fda04fb45707f7457df4ff171aeef95ccf1b8891fda04fb45707f7457df4ff171aeef95ccf1b8891fda04fb45707f7457df4ff171aeef95ccf1b8891fda04fb45707f7457df4ff171aeef95ccf1b8891fda04fb45707f7457df4ff171aeef95ccf1b8891fda04fb45707f7457df4ff171aeef95ccf1b88): failed to open stream: File name too long
in SYSTEMPATH/Session/Handlers/FileHandler.php on line 129.
 1 [internal function]: CodeIgniter\Debug\Exceptions->errorHandler(2, 'fopen(/home/jedw/public_html/challenge/writable/session/ci_session91fda04fb45707f7457df4ff171aeef95ccf1b8891fda04fb45707f7457df4ff171aeef95ccf1b8891fda04fb45707f7457df4ff171aeef95ccf1b8891fda04fb45707f7457df4ff171aeef95ccf1b8891fda04fb45707f7457df4ff171aeef95ccf1b8891fda04fb45707f7457df4ff171aeef95ccf1b8891fda04fb45707f7457df4ff171aeef95ccf1b8891fda04fb45707f7457df4ff171aeef95ccf1b88): failed to open stream: File name too long', 'SYSTEMPATH/Session/Handlers/FileHandler.php', 129, [...])
 2 SYSTEMPATH/Session/Handlers/FileHandler.php(129): fopen('FCPATH/writable/session/ci_session91fda04fb45707f7457df4ff171aeef95ccf1b8891fda04fb45707f7457df4ff171aeef95ccf1b8891fda04fb45707f7457df4ff171aeef95ccf1b8891fda04fb45707f7457df4ff171aeef95ccf1b8891fda04fb45707f7457df4ff171aeef95ccf1b8891fda04fb45707f7457df4ff171aeef95ccf1b8891fda04fb45707f7457df4ff171aeef95ccf1b8891fda04fb45707f7457df4ff171aeef95ccf1b88', 'c+b')
 3 [internal function]: CodeIgniter\Session\Handlers\FileHandler->read('91fda04fb45707f7457df4ff171aeef95ccf1b8891fda04fb45707f7457df4ff171aeef95ccf1b8891fda04fb45707f7457df4ff171aeef95ccf1b8891fda04fb45707f7457df4ff171aeef95ccf1b8891fda04fb45707f7457df4ff171aeef95ccf1b8891fda04fb45707f7457df4ff171aeef95ccf1b8891fda04fb45707f7457df4ff171aeef95ccf1b8891fda04fb45707f7457df4ff171aeef95ccf1b88')
 4 SYSTEMPATH/Session/Session.php(912): session_start()
 5 SYSTEMPATH/Session/Session.php(234): CodeIgniter\Session\Session->startSession()
 6 SYSTEMPATH/Config/Services.php(665): CodeIgniter\Session\Session->start()
 7 SYSTEMPATH/Config/BaseService.php(253): CodeIgniter\Config\Services::session(Object(Config\App), false)
 8 SYSTEMPATH/Config/BaseService.php(194): CodeIgniter\Config\BaseService::__callStatic('session', [...])
 9 SYSTEMPATH/Config/Services.php(637): CodeIgniter\Config\BaseService::getSharedInstance('session', null)
10 SYSTEMPATH/Config/BaseService.php(253): CodeIgniter\Config\Services::session()
11 APPPATH/Controllers/BaseController.php(118): CodeIgniter\Config\BaseService::__callStatic('Session', [])
12 APPPATH/Controllers/Quest.php(32): App\Controllers\BaseController->startSession()
13 SYSTEMPATH/CodeIgniter.php(927): App\Controllers\Quest->status()
14 SYSTEMPATH/CodeIgniter.php(482): CodeIgniter\CodeIgniter->runController(Object(App\Controllers\Quest))
15 SYSTEMPATH/CodeIgniter.php(351): CodeIgniter\CodeIgniter->handleRequest(null, Object(Config\Cache), false)
16 FCPATH/index.php(67): CodeIgniter\CodeIgniter->run()
CRITICAL - 2023-10-17 16:40:49 --> fopen(/home/jedw/public_html/challenge/writable/session/ci_session91fda04fb45707f7457df4ff171aeef95ccf1b8891fda04fb45707f7457df4ff171aeef95ccf1b8891fda04fb45707f7457df4ff171aeef95ccf1b8891fda04fb45707f7457df4ff171aeef95ccf1b8891fda04fb45707f7457df4ff171aeef95ccf1b8891fda04fb45707f7457df4ff171aeef95ccf1b8891fda04fb45707f7457df4ff171aeef95ccf1b8891fda04fb45707f7457df4ff171aeef95ccf1b8891fda04fb45707f7457df4ff171aeef95ccf1b88): failed to open stream: File name too long
in SYSTEMPATH/Session/Handlers/FileHandler.php on line 129.
 1 [internal function]: CodeIgniter\Debug\Exceptions->errorHandler(2, 'fopen(/home/jedw/public_html/challenge/writable/session/ci_session91fda04fb45707f7457df4ff171aeef95ccf1b8891fda04fb45707f7457df4ff171aeef95ccf1b8891fda04fb45707f7457df4ff171aeef95ccf1b8891fda04fb45707f7457df4ff171aeef95ccf1b8891fda04fb45707f7457df4ff171aeef95ccf1b8891fda04fb45707f7457df4ff171aeef95ccf1b8891fda04fb45707f7457df4ff171aeef95ccf1b8891fda04fb45707f7457df4ff171aeef95ccf1b8891fda04fb45707f7457df4ff171aeef95ccf1b88): failed to open stream: File name too long', 'SYSTEMPATH/Session/Handlers/FileHandler.php', 129, [...])
 2 SYSTEMPATH/Session/Handlers/FileHandler.php(129): fopen('FCPATH/writable/session/ci_session91fda04fb45707f7457df4ff171aeef95ccf1b8891fda04fb45707f7457df4ff171aeef95ccf1b8891fda04fb45707f7457df4ff171aeef95ccf1b8891fda04fb45707f7457df4ff171aeef95ccf1b8891fda04fb45707f7457df4ff171aeef95ccf1b8891fda04fb45707f7457df4ff171aeef95ccf1b8891fda04fb45707f7457df4ff171aeef95ccf1b8891fda04fb45707f7457df4ff171aeef95ccf1b8891fda04fb45707f7457df4ff171aeef95ccf1b88', 'c+b')
 3 [internal function]: CodeIgniter\Session\Handlers\FileHandler->read('91fda04fb45707f7457df4ff171aeef95ccf1b8891fda04fb45707f7457df4ff171aeef95ccf1b8891fda04fb45707f7457df4ff171aeef95ccf1b8891fda04fb45707f7457df4ff171aeef95ccf1b8891fda04fb45707f7457df4ff171aeef95ccf1b8891fda04fb45707f7457df4ff171aeef95ccf1b8891fda04fb45707f7457df4ff171aeef95ccf1b8891fda04fb45707f7457df4ff171aeef95ccf1b8891fda04fb45707f7457df4ff171aeef95ccf1b88')
 4 SYSTEMPATH/Session/Session.php(912): session_start()
 5 SYSTEMPATH/Session/Session.php(234): CodeIgniter\Session\Session->startSession()
 6 SYSTEMPATH/Config/Services.php(665): CodeIgniter\Session\Session->start()
 7 SYSTEMPATH/Config/BaseService.php(253): CodeIgniter\Config\Services::session(Object(Config\App), false)
 8 SYSTEMPATH/Config/BaseService.php(194): CodeIgniter\Config\BaseService::__callStatic('session', [...])
 9 SYSTEMPATH/Config/Services.php(637): CodeIgniter\Config\BaseService::getSharedInstance('session', null)
10 SYSTEMPATH/Config/BaseService.php(253): CodeIgniter\Config\Services::session()
11 APPPATH/Controllers/BaseController.php(118): CodeIgniter\Config\BaseService::__callStatic('Session', [])
12 APPPATH/Controllers/Quest.php(32): App\Controllers\BaseController->startSession()
13 SYSTEMPATH/CodeIgniter.php(927): App\Controllers\Quest->status()
14 SYSTEMPATH/CodeIgniter.php(482): CodeIgniter\CodeIgniter->runController(Object(App\Controllers\Quest))
15 SYSTEMPATH/CodeIgniter.php(351): CodeIgniter\CodeIgniter->handleRequest(null, Object(Config\Cache), false)
16 FCPATH/index.php(67): CodeIgniter\CodeIgniter->run()
CRITICAL - 2023-10-17 16:41:56 --> fopen(/home/jedw/public_html/challenge/writable/session/ci_session91fda04fb45707f7457df4ff171aeef95ccf1b8891fda04fb45707f7457df4ff171aeef95ccf1b8891fda04fb45707f7457df4ff171aeef95ccf1b8891fda04fb45707f7457df4ff171aeef95ccf1b8891fda04fb45707f7457df4ff171aeef95ccf1b8891fda04fb45707f7457df4ff171aeef95ccf1b8891fda04fb45707f7457df4ff171aeef95ccf1b8891fda04fb45707f7457df4ff171aeef95ccf1b8891fda04fb45707f7457df4ff171aeef95ccf1b8891fda04fb45707f7457df4ff171aeef95ccf1b88): failed to open stream: File name too long
in SYSTEMPATH/Session/Handlers/FileHandler.php on line 129.
 1 [internal function]: CodeIgniter\Debug\Exceptions->errorHandler(2, 'fopen(/home/jedw/public_html/challenge/writable/session/ci_session91fda04fb45707f7457df4ff171aeef95ccf1b8891fda04fb45707f7457df4ff171aeef95ccf1b8891fda04fb45707f7457df4ff171aeef95ccf1b8891fda04fb45707f7457df4ff171aeef95ccf1b8891fda04fb45707f7457df4ff171aeef95ccf1b8891fda04fb45707f7457df4ff171aeef95ccf1b8891fda04fb45707f7457df4ff171aeef95ccf1b8891fda04fb45707f7457df4ff171aeef95ccf1b8891fda04fb45707f7457df4ff171aeef95ccf1b8891fda04fb45707f7457df4ff171aeef95ccf1b88): failed to open stream: File name too long', 'SYSTEMPATH/Session/Handlers/FileHandler.php', 129, [...])
 2 SYSTEMPATH/Session/Handlers/FileHandler.php(129): fopen('FCPATH/writable/session/ci_session91fda04fb45707f7457df4ff171aeef95ccf1b8891fda04fb45707f7457df4ff171aeef95ccf1b8891fda04fb45707f7457df4ff171aeef95ccf1b8891fda04fb45707f7457df4ff171aeef95ccf1b8891fda04fb45707f7457df4ff171aeef95ccf1b8891fda04fb45707f7457df4ff171aeef95ccf1b8891fda04fb45707f7457df4ff171aeef95ccf1b8891fda04fb45707f7457df4ff171aeef95ccf1b8891fda04fb45707f7457df4ff171aeef95ccf1b8891fda04fb45707f7457df4ff171aeef95ccf1b88', 'c+b')
 3 [internal function]: CodeIgniter\Session\Handlers\FileHandler->read('91fda04fb45707f7457df4ff171aeef95ccf1b8891fda04fb45707f7457df4ff171aeef95ccf1b8891fda04fb45707f7457df4ff171aeef95ccf1b8891fda04fb45707f7457df4ff171aeef95ccf1b8891fda04fb45707f7457df4ff171aeef95ccf1b8891fda04fb45707f7457df4ff171aeef95ccf1b8891fda04fb45707f7457df4ff171aeef95ccf1b8891fda04fb45707f7457df4ff171aeef95ccf1b8891fda04fb45707f7457df4ff171aeef95ccf1b8891fda04fb45707f7457df4ff171aeef95ccf1b88')
 4 SYSTEMPATH/Session/Session.php(912): session_start()
 5 SYSTEMPATH/Session/Session.php(234): CodeIgniter\Session\Session->startSession()
 6 SYSTEMPATH/Config/Services.php(665): CodeIgniter\Session\Session->start()
 7 SYSTEMPATH/Config/BaseService.php(253): CodeIgniter\Config\Services::session(Object(Config\App), false)
 8 SYSTEMPATH/Config/BaseService.php(194): CodeIgniter\Config\BaseService::__callStatic('session', [...])
 9 SYSTEMPATH/Config/Services.php(637): CodeIgniter\Config\BaseService::getSharedInstance('session', null)
10 SYSTEMPATH/Config/BaseService.php(253): CodeIgniter\Config\Services::session()
11 APPPATH/Controllers/BaseController.php(118): CodeIgniter\Config\BaseService::__callStatic('Session', [])
12 APPPATH/Controllers/Quest.php(32): App\Controllers\BaseController->startSession()
13 SYSTEMPATH/CodeIgniter.php(927): App\Controllers\Quest->status()
14 SYSTEMPATH/CodeIgniter.php(482): CodeIgniter\CodeIgniter->runController(Object(App\Controllers\Quest))
15 SYSTEMPATH/CodeIgniter.php(351): CodeIgniter\CodeIgniter->handleRequest(null, Object(Config\Cache), false)
16 FCPATH/index.php(67): CodeIgniter\CodeIgniter->run()
