CRITICAL - 2023-10-18 08:20:05 --> fopen(/home/jedw/public_html/challenge/writable/session/ci_session1d79b6caee119443d7f3b06fd602d74676b56686/endpoint): failed to open stream: No such file or directory
in SYSTEMPATH/Session/Handlers/FileHandler.php on line 129.
 1 [internal function]: CodeIgniter\Debug\Exceptions->errorHandler(2, 'fopen(/home/jedw/public_html/challenge/writable/session/ci_session1d79b6caee119443d7f3b06fd602d74676b56686/endpoint): failed to open stream: No such file or directory', 'SYSTEMPATH/Session/Handlers/FileHandler.php', 129, [...])
 2 SYSTEMPATH/Session/Handlers/FileHandler.php(129): fopen('FCPATH/writable/session/ci_session1d79b6caee119443d7f3b06fd602d74676b56686/endpoint', 'c+b')
 3 [internal function]: CodeIgniter\Session\Handlers\FileHandler->read('1d79b6caee119443d7f3b06fd602d74676b56686/endpoint')
 4 SYSTEMPATH/Session/Session.php(912): session_start()
 5 SYSTEMPATH/Session/Session.php(234): CodeIgniter\Session\Session->startSession()
 6 SYSTEMPATH/Config/Services.php(665): CodeIgniter\Session\Session->start()
 7 SYSTEMPATH/Config/BaseService.php(253): CodeIgniter\Config\Services::session(Object(Config\App), false)
 8 SYSTEMPATH/Config/BaseService.php(194): CodeIgniter\Config\BaseService::__callStatic('session', [...])
 9 SYSTEMPATH/Config/Services.php(637): CodeIgniter\Config\BaseService::getSharedInstance('session', null)
10 SYSTEMPATH/Config/BaseService.php(253): CodeIgniter\Config\Services::session()
11 APPPATH/Controllers/BaseController.php(118): CodeIgniter\Config\BaseService::__callStatic('Session', [])
12 APPPATH/Controllers/Quest.php(70): App\Controllers\BaseController->startSession()
13 SYSTEMPATH/CodeIgniter.php(927): App\Controllers\Quest->getriddle()
14 SYSTEMPATH/CodeIgniter.php(482): CodeIgniter\CodeIgniter->runController(Object(App\Controllers\Quest))
15 SYSTEMPATH/CodeIgniter.php(351): CodeIgniter\CodeIgniter->handleRequest(null, Object(Config\Cache), false)
16 FCPATH/index.php(67): CodeIgniter\CodeIgniter->run()
CRITICAL - 2023-10-18 08:20:11 --> fopen(/home/jedw/public_html/challenge/writable/session/ci_session1d79b6caee119443d7f3b06fd602d74676b56686/endpoint): failed to open stream: No such file or directory
in SYSTEMPATH/Session/Handlers/FileHandler.php on line 129.
 1 [internal function]: CodeIgniter\Debug\Exceptions->errorHandler(2, 'fopen(/home/jedw/public_html/challenge/writable/session/ci_session1d79b6caee119443d7f3b06fd602d74676b56686/endpoint): failed to open stream: No such file or directory', 'SYSTEMPATH/Session/Handlers/FileHandler.php', 129, [...])
 2 SYSTEMPATH/Session/Handlers/FileHandler.php(129): fopen('FCPATH/writable/session/ci_session1d79b6caee119443d7f3b06fd602d74676b56686/endpoint', 'c+b')
 3 [internal function]: CodeIgniter\Session\Handlers\FileHandler->read('1d79b6caee119443d7f3b06fd602d74676b56686/endpoint')
 4 SYSTEMPATH/Session/Session.php(912): session_start()
 5 SYSTEMPATH/Session/Session.php(234): CodeIgniter\Session\Session->startSession()
 6 SYSTEMPATH/Config/Services.php(665): CodeIgniter\Session\Session->start()
 7 SYSTEMPATH/Config/BaseService.php(253): CodeIgniter\Config\Services::session(Object(Config\App), false)
 8 SYSTEMPATH/Config/BaseService.php(194): CodeIgniter\Config\BaseService::__callStatic('session', [...])
 9 SYSTEMPATH/Config/Services.php(637): CodeIgniter\Config\BaseService::getSharedInstance('session', null)
10 SYSTEMPATH/Config/BaseService.php(253): CodeIgniter\Config\Services::session()
11 APPPATH/Controllers/BaseController.php(118): CodeIgniter\Config\BaseService::__callStatic('Session', [])
12 APPPATH/Controllers/Quest.php(70): App\Controllers\BaseController->startSession()
13 SYSTEMPATH/CodeIgniter.php(927): App\Controllers\Quest->getriddle()
14 SYSTEMPATH/CodeIgniter.php(482): CodeIgniter\CodeIgniter->runController(Object(App\Controllers\Quest))
15 SYSTEMPATH/CodeIgniter.php(351): CodeIgniter\CodeIgniter->handleRequest(null, Object(Config\Cache), false)
16 FCPATH/index.php(67): CodeIgniter\CodeIgniter->run()
CRITICAL - 2023-10-18 08:21:00 --> fopen(/home/jedw/public_html/challenge/writable/session/ci_session1d79b6caee119443d7f3b06fd602d74676b56686/table): failed to open stream: No such file or directory
in SYSTEMPATH/Session/Handlers/FileHandler.php on line 129.
 1 [internal function]: CodeIgniter\Debug\Exceptions->errorHandler(2, 'fopen(/home/jedw/public_html/challenge/writable/session/ci_session1d79b6caee119443d7f3b06fd602d74676b56686/table): failed to open stream: No such file or directory', 'SYSTEMPATH/Session/Handlers/FileHandler.php', 129, [...])
 2 SYSTEMPATH/Session/Handlers/FileHandler.php(129): fopen('FCPATH/writable/session/ci_session1d79b6caee119443d7f3b06fd602d74676b56686/table', 'c+b')
 3 [internal function]: CodeIgniter\Session\Handlers\FileHandler->read('1d79b6caee119443d7f3b06fd602d74676b56686/table')
 4 SYSTEMPATH/Session/Session.php(912): session_start()
 5 SYSTEMPATH/Session/Session.php(234): CodeIgniter\Session\Session->startSession()
 6 SYSTEMPATH/Config/Services.php(665): CodeIgniter\Session\Session->start()
 7 SYSTEMPATH/Config/BaseService.php(253): CodeIgniter\Config\Services::session(Object(Config\App), false)
 8 SYSTEMPATH/Config/BaseService.php(194): CodeIgniter\Config\BaseService::__callStatic('session', [...])
 9 SYSTEMPATH/Config/Services.php(637): CodeIgniter\Config\BaseService::getSharedInstance('session', null)
10 SYSTEMPATH/Config/BaseService.php(253): CodeIgniter\Config\Services::session()
11 APPPATH/Controllers/BaseController.php(118): CodeIgniter\Config\BaseService::__callStatic('Session', [])
12 APPPATH/Controllers/Quest.php(70): App\Controllers\BaseController->startSession()
13 SYSTEMPATH/CodeIgniter.php(927): App\Controllers\Quest->getriddle()
14 SYSTEMPATH/CodeIgniter.php(482): CodeIgniter\CodeIgniter->runController(Object(App\Controllers\Quest))
15 SYSTEMPATH/CodeIgniter.php(351): CodeIgniter\CodeIgniter->handleRequest(null, Object(Config\Cache), false)
16 FCPATH/index.php(67): CodeIgniter\CodeIgniter->run()
CRITICAL - 2023-10-18 08:21:35 --> fopen(/home/jedw/public_html/challenge/writable/session/ci_session1d79b6caee119443d7f3b06fd602d74676b56686/table): failed to open stream: No such file or directory
in SYSTEMPATH/Session/Handlers/FileHandler.php on line 129.
 1 [internal function]: CodeIgniter\Debug\Exceptions->errorHandler(2, 'fopen(/home/jedw/public_html/challenge/writable/session/ci_session1d79b6caee119443d7f3b06fd602d74676b56686/table): failed to open stream: No such file or directory', 'SYSTEMPATH/Session/Handlers/FileHandler.php', 129, [...])
 2 SYSTEMPATH/Session/Handlers/FileHandler.php(129): fopen('FCPATH/writable/session/ci_session1d79b6caee119443d7f3b06fd602d74676b56686/table', 'c+b')
 3 [internal function]: CodeIgniter\Session\Handlers\FileHandler->read('1d79b6caee119443d7f3b06fd602d74676b56686/table')
 4 SYSTEMPATH/Session/Session.php(912): session_start()
 5 SYSTEMPATH/Session/Session.php(234): CodeIgniter\Session\Session->startSession()
 6 SYSTEMPATH/Config/Services.php(665): CodeIgniter\Session\Session->start()
 7 SYSTEMPATH/Config/BaseService.php(253): CodeIgniter\Config\Services::session(Object(Config\App), false)
 8 SYSTEMPATH/Config/BaseService.php(194): CodeIgniter\Config\BaseService::__callStatic('session', [...])
 9 SYSTEMPATH/Config/Services.php(637): CodeIgniter\Config\BaseService::getSharedInstance('session', null)
10 SYSTEMPATH/Config/BaseService.php(253): CodeIgniter\Config\Services::session()
11 APPPATH/Controllers/BaseController.php(118): CodeIgniter\Config\BaseService::__callStatic('Session', [])
12 APPPATH/Controllers/Quest.php(70): App\Controllers\BaseController->startSession()
13 SYSTEMPATH/CodeIgniter.php(927): App\Controllers\Quest->getriddle()
14 SYSTEMPATH/CodeIgniter.php(482): CodeIgniter\CodeIgniter->runController(Object(App\Controllers\Quest))
15 SYSTEMPATH/CodeIgniter.php(351): CodeIgniter\CodeIgniter->handleRequest(null, Object(Config\Cache), false)
16 FCPATH/index.php(67): CodeIgniter\CodeIgniter->run()
ERROR - 2023-10-18 09:02:11 --> mysqli_sql_exception: Column 'session' cannot be null in /home/jedw/public_html/challenge/system/Database/MySQLi/Connection.php:292
Stack trace:
#0 /home/jedw/public_html/challenge/system/Database/MySQLi/Connection.php(292): mysqli->query('REPLACE INTO `q...', 0)
#1 /home/jedw/public_html/challenge/system/Database/BaseConnection.php(666): CodeIgniter\Database\MySQLi\Connection->execute('REPLACE INTO `q...')
#2 /home/jedw/public_html/challenge/system/Database/BaseConnection.php(593): CodeIgniter\Database\BaseConnection->simpleQuery('REPLACE INTO `q...')
#3 /home/jedw/public_html/challenge/system/Database/BaseBuilder.php(2002): CodeIgniter\Database\BaseConnection->query('REPLACE INTO `q...', Array, false)
#4 /home/jedw/public_html/challenge/system/Model.php(439): CodeIgniter\Database\BaseBuilder->replace(Array)
#5 /home/jedw/public_html/challenge/system/BaseModel.php(1059): CodeIgniter\Model->doReplace(Array, false)
#6 /home/jedw/public_html/challenge/app/Controllers/BaseController.php(99): CodeIgniter\BaseModel->replace(Array)
#7 /home/jedw/public_html/challenge/app/Controllers/Quest.php(164): App\Controllers\BaseController->questsessiontodb()
#8 /home/jedw/public_html/challenge/system/CodeIgniter.php(927): App\Controllers\Quest->endquest()
#9 /home/jedw/public_html/challenge/system/CodeIgniter.php(482): CodeIgniter\CodeIgniter->runController(Object(App\Controllers\Quest))
#10 /home/jedw/public_html/challenge/system/CodeIgniter.php(351): CodeIgniter\CodeIgniter->handleRequest(NULL, Object(Config\Cache), false)
#11 /home/jedw/public_html/challenge/index.php(67): CodeIgniter\CodeIgniter->run()
#12 {main}
ERROR - 2023-10-18 09:02:11 --> mysqli_sql_exception: Column 'session' cannot be null in /home/jedw/public_html/challenge/system/Database/MySQLi/Connection.php:292
Stack trace:
#0 /home/jedw/public_html/challenge/system/Database/MySQLi/Connection.php(292): mysqli->query('REPLACE INTO `q...', 0)
#1 /home/jedw/public_html/challenge/system/Database/BaseConnection.php(666): CodeIgniter\Database\MySQLi\Connection->execute('REPLACE INTO `q...')
#2 /home/jedw/public_html/challenge/system/Database/BaseConnection.php(593): CodeIgniter\Database\BaseConnection->simpleQuery('REPLACE INTO `q...')
#3 /home/jedw/public_html/challenge/system/Database/BaseBuilder.php(2002): CodeIgniter\Database\BaseConnection->query('REPLACE INTO `q...', Array, false)
#4 /home/jedw/public_html/challenge/system/Model.php(439): CodeIgniter\Database\BaseBuilder->replace(Array)
#5 /home/jedw/public_html/challenge/system/BaseModel.php(1059): CodeIgniter\Model->doReplace(Array, false)
#6 /home/jedw/public_html/challenge/app/Controllers/BaseController.php(99): CodeIgniter\BaseModel->replace(Array)
#7 /home/jedw/public_html/challenge/app/Controllers/Quest.php(164): App\Controllers\BaseController->questsessiontodb()
#8 /home/jedw/public_html/challenge/system/CodeIgniter.php(927): App\Controllers\Quest->endquest()
#9 /home/jedw/public_html/challenge/system/CodeIgniter.php(482): CodeIgniter\CodeIgniter->runController(Object(App\Controllers\Quest))
#10 /home/jedw/public_html/challenge/system/CodeIgniter.php(351): CodeIgniter\CodeIgniter->handleRequest(NULL, Object(Config\Cache), false)
#11 /home/jedw/public_html/challenge/index.php(67): CodeIgniter\CodeIgniter->run()
#12 {main}
ERROR - 2023-10-18 09:02:12 --> mysqli_sql_exception: Column 'session' cannot be null in /home/jedw/public_html/challenge/system/Database/MySQLi/Connection.php:292
Stack trace:
#0 /home/jedw/public_html/challenge/system/Database/MySQLi/Connection.php(292): mysqli->query('REPLACE INTO `q...', 0)
#1 /home/jedw/public_html/challenge/system/Database/BaseConnection.php(666): CodeIgniter\Database\MySQLi\Connection->execute('REPLACE INTO `q...')
#2 /home/jedw/public_html/challenge/system/Database/BaseConnection.php(593): CodeIgniter\Database\BaseConnection->simpleQuery('REPLACE INTO `q...')
#3 /home/jedw/public_html/challenge/system/Database/BaseBuilder.php(2002): CodeIgniter\Database\BaseConnection->query('REPLACE INTO `q...', Array, false)
#4 /home/jedw/public_html/challenge/system/Model.php(439): CodeIgniter\Database\BaseBuilder->replace(Array)
#5 /home/jedw/public_html/challenge/system/BaseModel.php(1059): CodeIgniter\Model->doReplace(Array, false)
#6 /home/jedw/public_html/challenge/app/Controllers/BaseController.php(99): CodeIgniter\BaseModel->replace(Array)
#7 /home/jedw/public_html/challenge/app/Controllers/Quest.php(164): App\Controllers\BaseController->questsessiontodb()
#8 /home/jedw/public_html/challenge/system/CodeIgniter.php(927): App\Controllers\Quest->endquest()
#9 /home/jedw/public_html/challenge/system/CodeIgniter.php(482): CodeIgniter\CodeIgniter->runController(Object(App\Controllers\Quest))
#10 /home/jedw/public_html/challenge/system/CodeIgniter.php(351): CodeIgniter\CodeIgniter->handleRequest(NULL, Object(Config\Cache), false)
#11 /home/jedw/public_html/challenge/index.php(67): CodeIgniter\CodeIgniter->run()
#12 {main}
ERROR - 2023-10-18 09:02:14 --> mysqli_sql_exception: Column 'session' cannot be null in /home/jedw/public_html/challenge/system/Database/MySQLi/Connection.php:292
Stack trace:
#0 /home/jedw/public_html/challenge/system/Database/MySQLi/Connection.php(292): mysqli->query('REPLACE INTO `q...', 0)
#1 /home/jedw/public_html/challenge/system/Database/BaseConnection.php(666): CodeIgniter\Database\MySQLi\Connection->execute('REPLACE INTO `q...')
#2 /home/jedw/public_html/challenge/system/Database/BaseConnection.php(593): CodeIgniter\Database\BaseConnection->simpleQuery('REPLACE INTO `q...')
#3 /home/jedw/public_html/challenge/system/Database/BaseBuilder.php(2002): CodeIgniter\Database\BaseConnection->query('REPLACE INTO `q...', Array, false)
#4 /home/jedw/public_html/challenge/system/Model.php(439): CodeIgniter\Database\BaseBuilder->replace(Array)
#5 /home/jedw/public_html/challenge/system/BaseModel.php(1059): CodeIgniter\Model->doReplace(Array, false)
#6 /home/jedw/public_html/challenge/app/Controllers/BaseController.php(99): CodeIgniter\BaseModel->replace(Array)
#7 /home/jedw/public_html/challenge/app/Controllers/Quest.php(164): App\Controllers\BaseController->questsessiontodb()
#8 /home/jedw/public_html/challenge/system/CodeIgniter.php(927): App\Controllers\Quest->endquest()
#9 /home/jedw/public_html/challenge/system/CodeIgniter.php(482): CodeIgniter\CodeIgniter->runController(Object(App\Controllers\Quest))
#10 /home/jedw/public_html/challenge/system/CodeIgniter.php(351): CodeIgniter\CodeIgniter->handleRequest(NULL, Object(Config\Cache), false)
#11 /home/jedw/public_html/challenge/index.php(67): CodeIgniter\CodeIgniter->run()
#12 {main}
CRITICAL - 2023-10-18 13:01:20 --> fopen(/home/jedw/public_html/challenge/writable/session/ci_session79f5ec70e5028eb36718196a011693c6af5364d079f5ec70e5028eb36718196a011693c6af5364d079f5ec70e5028eb36718196a011693c6af5364d079f5ec70e5028eb36718196a011693c6af5364d079f5ec70e5028eb36718196a011693c6af5364d079f5ec70e5028eb36718196a011693c6af5364d079f5ec70e5028eb36718196a011693c6af5364d0): failed to open stream: File name too long
in SYSTEMPATH/Session/Handlers/FileHandler.php on line 129.
 1 [internal function]: CodeIgniter\Debug\Exceptions->errorHandler(2, 'fopen(/home/jedw/public_html/challenge/writable/session/ci_session79f5ec70e5028eb36718196a011693c6af5364d079f5ec70e5028eb36718196a011693c6af5364d079f5ec70e5028eb36718196a011693c6af5364d079f5ec70e5028eb36718196a011693c6af5364d079f5ec70e5028eb36718196a011693c6af5364d079f5ec70e5028eb36718196a011693c6af5364d079f5ec70e5028eb36718196a011693c6af5364d0): failed to open stream: File name too long', 'SYSTEMPATH/Session/Handlers/FileHandler.php', 129, [...])
 2 SYSTEMPATH/Session/Handlers/FileHandler.php(129): fopen('FCPATH/writable/session/ci_session79f5ec70e5028eb36718196a011693c6af5364d079f5ec70e5028eb36718196a011693c6af5364d079f5ec70e5028eb36718196a011693c6af5364d079f5ec70e5028eb36718196a011693c6af5364d079f5ec70e5028eb36718196a011693c6af5364d079f5ec70e5028eb36718196a011693c6af5364d079f5ec70e5028eb36718196a011693c6af5364d0', 'c+b')
 3 [internal function]: CodeIgniter\Session\Handlers\FileHandler->read('79f5ec70e5028eb36718196a011693c6af5364d079f5ec70e5028eb36718196a011693c6af5364d079f5ec70e5028eb36718196a011693c6af5364d079f5ec70e5028eb36718196a011693c6af5364d079f5ec70e5028eb36718196a011693c6af5364d079f5ec70e5028eb36718196a011693c6af5364d079f5ec70e5028eb36718196a011693c6af5364d0')
 4 SYSTEMPATH/Session/Session.php(912): session_start()
 5 SYSTEMPATH/Session/Session.php(234): CodeIgniter\Session\Session->startSession()
 6 SYSTEMPATH/Config/Services.php(665): CodeIgniter\Session\Session->start()
 7 SYSTEMPATH/Config/BaseService.php(253): CodeIgniter\Config\Services::session(Object(Config\App), false)
 8 SYSTEMPATH/Config/BaseService.php(194): CodeIgniter\Config\BaseService::__callStatic('session', [...])
 9 SYSTEMPATH/Config/Services.php(637): CodeIgniter\Config\BaseService::getSharedInstance('session', null)
10 SYSTEMPATH/Config/BaseService.php(253): CodeIgniter\Config\Services::session()
11 APPPATH/Controllers/BaseController.php(118): CodeIgniter\Config\BaseService::__callStatic('Session', [])
12 APPPATH/Controllers/Quest.php(32): App\Controllers\BaseController->startSession()
13 SYSTEMPATH/CodeIgniter.php(927): App\Controllers\Quest->status()
14 SYSTEMPATH/CodeIgniter.php(482): CodeIgniter\CodeIgniter->runController(Object(App\Controllers\Quest))
15 SYSTEMPATH/CodeIgniter.php(351): CodeIgniter\CodeIgniter->handleRequest(null, Object(Config\Cache), false)
16 FCPATH/index.php(67): CodeIgniter\CodeIgniter->run()
CRITICAL - 2023-10-18 13:01:30 --> fopen(/home/jedw/public_html/challenge/writable/session/ci_session79f5ec70e5028eb36718196a011693c6af5364d079f5ec70e5028eb36718196a011693c6af5364d079f5ec70e5028eb36718196a011693c6af5364d079f5ec70e5028eb36718196a011693c6af5364d079f5ec70e5028eb36718196a011693c6af5364d079f5ec70e5028eb36718196a011693c6af5364d079f5ec70e5028eb36718196a011693c6af5364d079f5ec70e5028eb36718196a011693c6af5364d0): failed to open stream: File name too long
in SYSTEMPATH/Session/Handlers/FileHandler.php on line 129.
 1 [internal function]: CodeIgniter\Debug\Exceptions->errorHandler(2, 'fopen(/home/jedw/public_html/challenge/writable/session/ci_session79f5ec70e5028eb36718196a011693c6af5364d079f5ec70e5028eb36718196a011693c6af5364d079f5ec70e5028eb36718196a011693c6af5364d079f5ec70e5028eb36718196a011693c6af5364d079f5ec70e5028eb36718196a011693c6af5364d079f5ec70e5028eb36718196a011693c6af5364d079f5ec70e5028eb36718196a011693c6af5364d079f5ec70e5028eb36718196a011693c6af5364d0): failed to open stream: File name too long', 'SYSTEMPATH/Session/Handlers/FileHandler.php', 129, [...])
 2 SYSTEMPATH/Session/Handlers/FileHandler.php(129): fopen('FCPATH/writable/session/ci_session79f5ec70e5028eb36718196a011693c6af5364d079f5ec70e5028eb36718196a011693c6af5364d079f5ec70e5028eb36718196a011693c6af5364d079f5ec70e5028eb36718196a011693c6af5364d079f5ec70e5028eb36718196a011693c6af5364d079f5ec70e5028eb36718196a011693c6af5364d079f5ec70e5028eb36718196a011693c6af5364d079f5ec70e5028eb36718196a011693c6af5364d0', 'c+b')
 3 [internal function]: CodeIgniter\Session\Handlers\FileHandler->read('79f5ec70e5028eb36718196a011693c6af5364d079f5ec70e5028eb36718196a011693c6af5364d079f5ec70e5028eb36718196a011693c6af5364d079f5ec70e5028eb36718196a011693c6af5364d079f5ec70e5028eb36718196a011693c6af5364d079f5ec70e5028eb36718196a011693c6af5364d079f5ec70e5028eb36718196a011693c6af5364d079f5ec70e5028eb36718196a011693c6af5364d0')
 4 SYSTEMPATH/Session/Session.php(912): session_start()
 5 SYSTEMPATH/Session/Session.php(234): CodeIgniter\Session\Session->startSession()
 6 SYSTEMPATH/Config/Services.php(665): CodeIgniter\Session\Session->start()
 7 SYSTEMPATH/Config/BaseService.php(253): CodeIgniter\Config\Services::session(Object(Config\App), false)
 8 SYSTEMPATH/Config/BaseService.php(194): CodeIgniter\Config\BaseService::__callStatic('session', [...])
 9 SYSTEMPATH/Config/Services.php(637): CodeIgniter\Config\BaseService::getSharedInstance('session', null)
10 SYSTEMPATH/Config/BaseService.php(253): CodeIgniter\Config\Services::session()
11 APPPATH/Controllers/BaseController.php(118): CodeIgniter\Config\BaseService::__callStatic('Session', [])
12 APPPATH/Controllers/Quest.php(32): App\Controllers\BaseController->startSession()
13 SYSTEMPATH/CodeIgniter.php(927): App\Controllers\Quest->status()
14 SYSTEMPATH/CodeIgniter.php(482): CodeIgniter\CodeIgniter->runController(Object(App\Controllers\Quest))
15 SYSTEMPATH/CodeIgniter.php(351): CodeIgniter\CodeIgniter->handleRequest(null, Object(Config\Cache), false)
16 FCPATH/index.php(67): CodeIgniter\CodeIgniter->run()
ERROR - 2023-10-18 14:49:17 --> mysqli_sql_exception: Column 'session' cannot be null in /home/jedw/public_html/challenge/system/Database/MySQLi/Connection.php:292
Stack trace:
#0 /home/jedw/public_html/challenge/system/Database/MySQLi/Connection.php(292): mysqli->query('REPLACE INTO `q...', 0)
#1 /home/jedw/public_html/challenge/system/Database/BaseConnection.php(666): CodeIgniter\Database\MySQLi\Connection->execute('REPLACE INTO `q...')
#2 /home/jedw/public_html/challenge/system/Database/BaseConnection.php(593): CodeIgniter\Database\BaseConnection->simpleQuery('REPLACE INTO `q...')
#3 /home/jedw/public_html/challenge/system/Database/BaseBuilder.php(2002): CodeIgniter\Database\BaseConnection->query('REPLACE INTO `q...', Array, false)
#4 /home/jedw/public_html/challenge/system/Model.php(439): CodeIgniter\Database\BaseBuilder->replace(Array)
#5 /home/jedw/public_html/challenge/system/BaseModel.php(1059): CodeIgniter\Model->doReplace(Array, false)
#6 /home/jedw/public_html/challenge/app/Controllers/BaseController.php(99): CodeIgniter\BaseModel->replace(Array)
#7 /home/jedw/public_html/challenge/app/Controllers/Quest.php(164): App\Controllers\BaseController->questsessiontodb()
#8 /home/jedw/public_html/challenge/system/CodeIgniter.php(927): App\Controllers\Quest->endquest()
#9 /home/jedw/public_html/challenge/system/CodeIgniter.php(482): CodeIgniter\CodeIgniter->runController(Object(App\Controllers\Quest))
#10 /home/jedw/public_html/challenge/system/CodeIgniter.php(351): CodeIgniter\CodeIgniter->handleRequest(NULL, Object(Config\Cache), false)
#11 /home/jedw/public_html/challenge/index.php(67): CodeIgniter\CodeIgniter->run()
#12 {main}
ERROR - 2023-10-18 18:08:31 --> mysqli_sql_exception: Column 'session' cannot be null in /home/jedw/public_html/challenge/system/Database/MySQLi/Connection.php:292
Stack trace:
#0 /home/jedw/public_html/challenge/system/Database/MySQLi/Connection.php(292): mysqli->query('REPLACE INTO `q...', 0)
#1 /home/jedw/public_html/challenge/system/Database/BaseConnection.php(666): CodeIgniter\Database\MySQLi\Connection->execute('REPLACE INTO `q...')
#2 /home/jedw/public_html/challenge/system/Database/BaseConnection.php(593): CodeIgniter\Database\BaseConnection->simpleQuery('REPLACE INTO `q...')
#3 /home/jedw/public_html/challenge/system/Database/BaseBuilder.php(2002): CodeIgniter\Database\BaseConnection->query('REPLACE INTO `q...', Array, false)
#4 /home/jedw/public_html/challenge/system/Model.php(439): CodeIgniter\Database\BaseBuilder->replace(Array)
#5 /home/jedw/public_html/challenge/system/BaseModel.php(1059): CodeIgniter\Model->doReplace(Array, false)
#6 /home/jedw/public_html/challenge/app/Controllers/BaseController.php(99): CodeIgniter\BaseModel->replace(Array)
#7 /home/jedw/public_html/challenge/app/Controllers/Quest.php(164): App\Controllers\BaseController->questsessiontodb()
#8 /home/jedw/public_html/challenge/system/CodeIgniter.php(927): App\Controllers\Quest->endquest()
#9 /home/jedw/public_html/challenge/system/CodeIgniter.php(482): CodeIgniter\CodeIgniter->runController(Object(App\Controllers\Quest))
#10 /home/jedw/public_html/challenge/system/CodeIgniter.php(351): CodeIgniter\CodeIgniter->handleRequest(NULL, Object(Config\Cache), false)
#11 /home/jedw/public_html/challenge/index.php(67): CodeIgniter\CodeIgniter->run()
#12 {main}
ERROR - 2023-10-18 18:24:07 --> mysqli_sql_exception: Column 'session' cannot be null in /home/jedw/public_html/challenge/system/Database/MySQLi/Connection.php:292
Stack trace:
#0 /home/jedw/public_html/challenge/system/Database/MySQLi/Connection.php(292): mysqli->query('REPLACE INTO `q...', 0)
#1 /home/jedw/public_html/challenge/system/Database/BaseConnection.php(666): CodeIgniter\Database\MySQLi\Connection->execute('REPLACE INTO `q...')
#2 /home/jedw/public_html/challenge/system/Database/BaseConnection.php(593): CodeIgniter\Database\BaseConnection->simpleQuery('REPLACE INTO `q...')
#3 /home/jedw/public_html/challenge/system/Database/BaseBuilder.php(2002): CodeIgniter\Database\BaseConnection->query('REPLACE INTO `q...', Array, false)
#4 /home/jedw/public_html/challenge/system/Model.php(439): CodeIgniter\Database\BaseBuilder->replace(Array)
#5 /home/jedw/public_html/challenge/system/BaseModel.php(1059): CodeIgniter\Model->doReplace(Array, false)
#6 /home/jedw/public_html/challenge/app/Controllers/BaseController.php(99): CodeIgniter\BaseModel->replace(Array)
#7 /home/jedw/public_html/challenge/app/Controllers/Quest.php(164): App\Controllers\BaseController->questsessiontodb()
#8 /home/jedw/public_html/challenge/system/CodeIgniter.php(927): App\Controllers\Quest->endquest()
#9 /home/jedw/public_html/challenge/system/CodeIgniter.php(482): CodeIgniter\CodeIgniter->runController(Object(App\Controllers\Quest))
#10 /home/jedw/public_html/challenge/system/CodeIgniter.php(351): CodeIgniter\CodeIgniter->handleRequest(NULL, Object(Config\Cache), false)
#11 /home/jedw/public_html/challenge/index.php(67): CodeIgniter\CodeIgniter->run()
#12 {main}
