CRITICAL - 2023-09-12 09:34:11 --> Call to a member function get() on null
in APPPATH/Config/Routes.php on line 106.
 1 SYSTEMPATH/CodeIgniter.php(789): require()
 2 SYSTEMPATH/CodeIgniter.php(430): CodeIgniter\CodeIgniter->tryToRouteIt(Object(CodeIgniter\Router\RouteCollection))
 3 SYSTEMPATH/CodeIgniter.php(351): CodeIgniter\CodeIgniter->handleRequest(null, Object(Config\Cache), false)
 4 FCPATH/index.php(67): CodeIgniter\CodeIgniter->run()
CRITICAL - 2023-09-12 09:34:32 --> Call to a member function get() on null
in APPPATH/Config/Routes.php on line 106.
 1 SYSTEMPATH/CodeIgniter.php(789): require()
 2 SYSTEMPATH/CodeIgniter.php(430): CodeIgniter\CodeIgniter->tryToRouteIt(Object(CodeIgniter\Router\RouteCollection))
 3 SYSTEMPATH/CodeIgniter.php(351): CodeIgniter\CodeIgniter->handleRequest(null, Object(Config\Cache), false)
 4 FCPATH/index.php(67): CodeIgniter\CodeIgniter->run()
CRITICAL - 2023-09-12 09:34:51 --> Undefined variable: route
in APPPATH/Config/Routes.php on line 106.
 1 APPPATH/Config/Routes.php(106): CodeIgniter\Debug\Exceptions->errorHandler(8, 'Undefined variable: route', 'APPPATH/Config/Routes.php', 106, [...])
 2 SYSTEMPATH/CodeIgniter.php(789): require('APPPATH/Config/Routes.php')
 3 SYSTEMPATH/CodeIgniter.php(430): CodeIgniter\CodeIgniter->tryToRouteIt(Object(CodeIgniter\Router\RouteCollection))
 4 SYSTEMPATH/CodeIgniter.php(351): CodeIgniter\CodeIgniter->handleRequest(null, Object(Config\Cache), false)
 5 FCPATH/index.php(67): CodeIgniter\CodeIgniter->run()
CRITICAL - 2023-09-12 09:35:16 --> syntax error, unexpected '{', expecting ']'
in APPPATH/Controllers/Utility.php on line 34.
 1 SYSTEMPATH/Autoloader/Autoloader.php(259): CodeIgniter\Autoloader\Autoloader->includeFile('APPPATH/Controllers/Utility.php')
 2 SYSTEMPATH/Autoloader/Autoloader.php(237): CodeIgniter\Autoloader\Autoloader->loadInNamespace('App\\Controllers\\Utility')
 3 [internal function]: CodeIgniter\Autoloader\Autoloader->loadClass('App\\Controllers\\Utility')
 4 [internal function]: spl_autoload_call('App\\Controllers\\Utility')
 5 SYSTEMPATH/CodeIgniter.php(877): class_exists('\\App\\Controllers\\Utility', true)
 6 SYSTEMPATH/CodeIgniter.php(469): CodeIgniter\CodeIgniter->startController()
 7 SYSTEMPATH/CodeIgniter.php(351): CodeIgniter\CodeIgniter->handleRequest(null, Object(Config\Cache), false)
 8 FCPATH/index.php(67): CodeIgniter\CodeIgniter->run()
CRITICAL - 2023-09-12 14:23:17 --> A non-numeric value encountered
in APPPATH/Controllers/Utility.php on line 12.
 1 APPPATH/Controllers/Utility.php(12): CodeIgniter\Debug\Exceptions->errorHandler(2, 'A non-numeric value encountered', 'APPPATH/Controllers/Utility.php', 12, [...])
 2 SYSTEMPATH/CodeIgniter.php(927): App\Controllers\Utility->hash('password')
 3 SYSTEMPATH/CodeIgniter.php(482): CodeIgniter\CodeIgniter->runController(Object(App\Controllers\Utility))
 4 SYSTEMPATH/CodeIgniter.php(351): CodeIgniter\CodeIgniter->handleRequest(null, Object(Config\Cache), false)
 5 FCPATH/index.php(67): CodeIgniter\CodeIgniter->run()
