CRITICAL - 2023-04-19 08:41:16 --> Allowed fields must be specified for model: App\Models\SessionModel
in SYSTEMPATH/BaseModel.php on line 1160.
 1 SYSTEMPATH/BaseModel.php(1160): CodeIgniter\Database\Exceptions\DataException::forInvalidAllowedFields('App\\Models\\SessionModel')
 2 SYSTEMPATH/BaseModel.php(724): CodeIgniter\BaseModel->doProtectFields([...])
 3 SYSTEMPATH/Model.php(667): CodeIgniter\BaseModel->insert([...], true)
 4 APPPATH/Controllers/BaseController.php(63): CodeIgniter\Model->insert(Object(CodeIgniter\Session\Session))
 5 APPPATH/Controllers/Quiz.php(60): App\Controllers\BaseController->startSession()
 6 SYSTEMPATH/CodeIgniter.php(927): App\Controllers\Quiz->startquiz('jonathan', 'math')
 7 SYSTEMPATH/CodeIgniter.php(482): CodeIgniter\CodeIgniter->runController(Object(App\Controllers\Quiz))
 8 SYSTEMPATH/CodeIgniter.php(351): CodeIgniter\CodeIgniter->handleRequest(null, Object(Config\Cache), false)
 9 FCPATH/index.php(67): CodeIgniter\CodeIgniter->run()
CRITICAL - 2023-04-19 08:43:36 --> Allowed fields must be specified for model: App\Models\SessionModel
in SYSTEMPATH/BaseModel.php on line 1160.
 1 SYSTEMPATH/BaseModel.php(1160): CodeIgniter\Database\Exceptions\DataException::forInvalidAllowedFields('App\\Models\\SessionModel')
 2 SYSTEMPATH/BaseModel.php(724): CodeIgniter\BaseModel->doProtectFields([...])
 3 SYSTEMPATH/Model.php(667): CodeIgniter\BaseModel->insert([...], true)
 4 APPPATH/Controllers/BaseController.php(63): CodeIgniter\Model->insert(Object(CodeIgniter\Session\Session))
 5 APPPATH/Controllers/Quiz.php(60): App\Controllers\BaseController->startSession()
 6 SYSTEMPATH/CodeIgniter.php(927): App\Controllers\Quiz->startquiz('jonathan', 'math')
 7 SYSTEMPATH/CodeIgniter.php(482): CodeIgniter\CodeIgniter->runController(Object(App\Controllers\Quiz))
 8 SYSTEMPATH/CodeIgniter.php(351): CodeIgniter\CodeIgniter->handleRequest(null, Object(Config\Cache), false)
 9 FCPATH/index.php(67): CodeIgniter\CodeIgniter->run()
CRITICAL - 2023-04-19 08:48:59 --> Allowed fields must be specified for model: App\Models\SessionModel
in SYSTEMPATH/BaseModel.php on line 1160.
 1 SYSTEMPATH/BaseModel.php(1160): CodeIgniter\Database\Exceptions\DataException::forInvalidAllowedFields('App\\Models\\SessionModel')
 2 SYSTEMPATH/BaseModel.php(724): CodeIgniter\BaseModel->doProtectFields([...])
 3 SYSTEMPATH/Model.php(667): CodeIgniter\BaseModel->insert([...], true)
 4 APPPATH/Controllers/BaseController.php(63): CodeIgniter\Model->insert(Object(CodeIgniter\Session\Session))
 5 APPPATH/Controllers/Quiz.php(60): App\Controllers\BaseController->startSession()
 6 SYSTEMPATH/CodeIgniter.php(927): App\Controllers\Quiz->startquiz('jonathan', 'math')
 7 SYSTEMPATH/CodeIgniter.php(482): CodeIgniter\CodeIgniter->runController(Object(App\Controllers\Quiz))
 8 SYSTEMPATH/CodeIgniter.php(351): CodeIgniter\CodeIgniter->handleRequest(null, Object(Config\Cache), false)
 9 FCPATH/index.php(67): CodeIgniter\CodeIgniter->run()
CRITICAL - 2023-04-19 08:49:20 --> Use of undefined constant session - assumed 'session' (this will throw an Error in a future version of PHP)
in APPPATH/Controllers/BaseController.php on line 67.
 1 APPPATH/Controllers/BaseController.php(67): CodeIgniter\Debug\Exceptions->errorHandler(2, 'Use of undefined constant session - assumed \'session\' (this will throw an Error in a future version of PHP)', 'APPPATH/Controllers/BaseController.php', 67, [...])
 2 APPPATH/Controllers/Quiz.php(60): App\Controllers\BaseController->startSession()
 3 SYSTEMPATH/CodeIgniter.php(927): App\Controllers\Quiz->startquiz('jonathan', 'math')
 4 SYSTEMPATH/CodeIgniter.php(482): CodeIgniter\CodeIgniter->runController(Object(App\Controllers\Quiz))
 5 SYSTEMPATH/CodeIgniter.php(351): CodeIgniter\CodeIgniter->handleRequest(null, Object(Config\Cache), false)
 6 FCPATH/index.php(67): CodeIgniter\CodeIgniter->run()
CRITICAL - 2023-04-19 08:49:59 --> Allowed fields must be specified for model: App\Models\SessionModel
in SYSTEMPATH/BaseModel.php on line 1160.
 1 SYSTEMPATH/BaseModel.php(1160): CodeIgniter\Database\Exceptions\DataException::forInvalidAllowedFields('App\\Models\\SessionModel')
 2 SYSTEMPATH/BaseModel.php(724): CodeIgniter\BaseModel->doProtectFields([...])
 3 SYSTEMPATH/Model.php(667): CodeIgniter\BaseModel->insert([...], true)
 4 APPPATH/Controllers/BaseController.php(75): CodeIgniter\Model->insert([...])
 5 APPPATH/Controllers/Quiz.php(60): App\Controllers\BaseController->startSession()
 6 SYSTEMPATH/CodeIgniter.php(927): App\Controllers\Quiz->startquiz('jonathan', 'math')
 7 SYSTEMPATH/CodeIgniter.php(482): CodeIgniter\CodeIgniter->runController(Object(App\Controllers\Quiz))
 8 SYSTEMPATH/CodeIgniter.php(351): CodeIgniter\CodeIgniter->handleRequest(null, Object(Config\Cache), false)
 9 FCPATH/index.php(67): CodeIgniter\CodeIgniter->run()
CRITICAL - 2023-04-19 08:53:39 --> Allowed fields must be specified for model: App\Models\SessionModel
in SYSTEMPATH/BaseModel.php on line 1160.
 1 SYSTEMPATH/BaseModel.php(1160): CodeIgniter\Database\Exceptions\DataException::forInvalidAllowedFields('App\\Models\\SessionModel')
 2 SYSTEMPATH/BaseModel.php(724): CodeIgniter\BaseModel->doProtectFields([...])
 3 SYSTEMPATH/Model.php(667): CodeIgniter\BaseModel->insert([...], true)
 4 APPPATH/Controllers/BaseController.php(75): CodeIgniter\Model->insert([...])
 5 APPPATH/Controllers/Quiz.php(60): App\Controllers\BaseController->startSession()
 6 SYSTEMPATH/CodeIgniter.php(927): App\Controllers\Quiz->startquiz('jonathan', 'math')
 7 SYSTEMPATH/CodeIgniter.php(482): CodeIgniter\CodeIgniter->runController(Object(App\Controllers\Quiz))
 8 SYSTEMPATH/CodeIgniter.php(351): CodeIgniter\CodeIgniter->handleRequest(null, Object(Config\Cache), false)
 9 FCPATH/index.php(67): CodeIgniter\CodeIgniter->run()
CRITICAL - 2023-04-19 08:53:43 --> Allowed fields must be specified for model: App\Models\SessionModel
in SYSTEMPATH/BaseModel.php on line 1160.
 1 SYSTEMPATH/BaseModel.php(1160): CodeIgniter\Database\Exceptions\DataException::forInvalidAllowedFields('App\\Models\\SessionModel')
 2 SYSTEMPATH/BaseModel.php(724): CodeIgniter\BaseModel->doProtectFields([...])
 3 SYSTEMPATH/Model.php(667): CodeIgniter\BaseModel->insert([...], true)
 4 APPPATH/Controllers/BaseController.php(75): CodeIgniter\Model->insert([...])
 5 APPPATH/Controllers/Quiz.php(60): App\Controllers\BaseController->startSession()
 6 SYSTEMPATH/CodeIgniter.php(927): App\Controllers\Quiz->startquiz('jonathan', 'math')
 7 SYSTEMPATH/CodeIgniter.php(482): CodeIgniter\CodeIgniter->runController(Object(App\Controllers\Quiz))
 8 SYSTEMPATH/CodeIgniter.php(351): CodeIgniter\CodeIgniter->handleRequest(null, Object(Config\Cache), false)
 9 FCPATH/index.php(67): CodeIgniter\CodeIgniter->run()
CRITICAL - 2023-04-19 08:55:03 --> Allowed fields must be specified for model: App\Models\SessionModel
in SYSTEMPATH/BaseModel.php on line 1160.
 1 SYSTEMPATH/BaseModel.php(1160): CodeIgniter\Database\Exceptions\DataException::forInvalidAllowedFields('App\\Models\\SessionModel')
 2 SYSTEMPATH/BaseModel.php(724): CodeIgniter\BaseModel->doProtectFields([...])
 3 SYSTEMPATH/Model.php(667): CodeIgniter\BaseModel->insert([...], true)
 4 APPPATH/Controllers/BaseController.php(75): CodeIgniter\Model->insert([...])
 5 APPPATH/Controllers/Quiz.php(60): App\Controllers\BaseController->startSession()
 6 SYSTEMPATH/CodeIgniter.php(927): App\Controllers\Quiz->startquiz('jonathan', 'math')
 7 SYSTEMPATH/CodeIgniter.php(482): CodeIgniter\CodeIgniter->runController(Object(App\Controllers\Quiz))
 8 SYSTEMPATH/CodeIgniter.php(351): CodeIgniter\CodeIgniter->handleRequest(null, Object(Config\Cache), false)
 9 FCPATH/index.php(67): CodeIgniter\CodeIgniter->run()
CRITICAL - 2023-04-19 08:55:04 --> Allowed fields must be specified for model: App\Models\SessionModel
in SYSTEMPATH/BaseModel.php on line 1160.
 1 SYSTEMPATH/BaseModel.php(1160): CodeIgniter\Database\Exceptions\DataException::forInvalidAllowedFields('App\\Models\\SessionModel')
 2 SYSTEMPATH/BaseModel.php(724): CodeIgniter\BaseModel->doProtectFields([...])
 3 SYSTEMPATH/Model.php(667): CodeIgniter\BaseModel->insert([...], true)
 4 APPPATH/Controllers/BaseController.php(75): CodeIgniter\Model->insert([...])
 5 APPPATH/Controllers/Quiz.php(60): App\Controllers\BaseController->startSession()
 6 SYSTEMPATH/CodeIgniter.php(927): App\Controllers\Quiz->startquiz('jonathan', 'math')
 7 SYSTEMPATH/CodeIgniter.php(482): CodeIgniter\CodeIgniter->runController(Object(App\Controllers\Quiz))
 8 SYSTEMPATH/CodeIgniter.php(351): CodeIgniter\CodeIgniter->handleRequest(null, Object(Config\Cache), false)
 9 FCPATH/index.php(67): CodeIgniter\CodeIgniter->run()
CRITICAL - 2023-04-19 08:55:29 --> Allowed fields must be specified for model: App\Models\SessionModel
in SYSTEMPATH/BaseModel.php on line 1160.
 1 SYSTEMPATH/BaseModel.php(1160): CodeIgniter\Database\Exceptions\DataException::forInvalidAllowedFields('App\\Models\\SessionModel')
 2 SYSTEMPATH/BaseModel.php(724): CodeIgniter\BaseModel->doProtectFields([...])
 3 SYSTEMPATH/Model.php(667): CodeIgniter\BaseModel->insert([...], true)
 4 APPPATH/Controllers/BaseController.php(75): CodeIgniter\Model->insert([...])
 5 APPPATH/Controllers/Quiz.php(60): App\Controllers\BaseController->startSession()
 6 SYSTEMPATH/CodeIgniter.php(927): App\Controllers\Quiz->startquiz('jonathan', 'math')
 7 SYSTEMPATH/CodeIgniter.php(482): CodeIgniter\CodeIgniter->runController(Object(App\Controllers\Quiz))
 8 SYSTEMPATH/CodeIgniter.php(351): CodeIgniter\CodeIgniter->handleRequest(null, Object(Config\Cache), false)
 9 FCPATH/index.php(67): CodeIgniter\CodeIgniter->run()
CRITICAL - 2023-04-19 08:55:30 --> Allowed fields must be specified for model: App\Models\SessionModel
in SYSTEMPATH/BaseModel.php on line 1160.
 1 SYSTEMPATH/BaseModel.php(1160): CodeIgniter\Database\Exceptions\DataException::forInvalidAllowedFields('App\\Models\\SessionModel')
 2 SYSTEMPATH/BaseModel.php(724): CodeIgniter\BaseModel->doProtectFields([...])
 3 SYSTEMPATH/Model.php(667): CodeIgniter\BaseModel->insert([...], true)
 4 APPPATH/Controllers/BaseController.php(75): CodeIgniter\Model->insert([...])
 5 APPPATH/Controllers/Quiz.php(60): App\Controllers\BaseController->startSession()
 6 SYSTEMPATH/CodeIgniter.php(927): App\Controllers\Quiz->startquiz('jonathan', 'math')
 7 SYSTEMPATH/CodeIgniter.php(482): CodeIgniter\CodeIgniter->runController(Object(App\Controllers\Quiz))
 8 SYSTEMPATH/CodeIgniter.php(351): CodeIgniter\CodeIgniter->handleRequest(null, Object(Config\Cache), false)
 9 FCPATH/index.php(67): CodeIgniter\CodeIgniter->run()
CRITICAL - 2023-04-19 08:55:31 --> Allowed fields must be specified for model: App\Models\SessionModel
in SYSTEMPATH/BaseModel.php on line 1160.
 1 SYSTEMPATH/BaseModel.php(1160): CodeIgniter\Database\Exceptions\DataException::forInvalidAllowedFields('App\\Models\\SessionModel')
 2 SYSTEMPATH/BaseModel.php(724): CodeIgniter\BaseModel->doProtectFields([...])
 3 SYSTEMPATH/Model.php(667): CodeIgniter\BaseModel->insert([...], true)
 4 APPPATH/Controllers/BaseController.php(75): CodeIgniter\Model->insert([...])
 5 APPPATH/Controllers/Quiz.php(60): App\Controllers\BaseController->startSession()
 6 SYSTEMPATH/CodeIgniter.php(927): App\Controllers\Quiz->startquiz('jonathan', 'math')
 7 SYSTEMPATH/CodeIgniter.php(482): CodeIgniter\CodeIgniter->runController(Object(App\Controllers\Quiz))
 8 SYSTEMPATH/CodeIgniter.php(351): CodeIgniter\CodeIgniter->handleRequest(null, Object(Config\Cache), false)
 9 FCPATH/index.php(67): CodeIgniter\CodeIgniter->run()
CRITICAL - 2023-04-19 08:56:10 --> Allowed fields must be specified for model: App\Models\SessionModel
in SYSTEMPATH/BaseModel.php on line 1160.
 1 SYSTEMPATH/BaseModel.php(1160): CodeIgniter\Database\Exceptions\DataException::forInvalidAllowedFields('App\\Models\\SessionModel')
 2 SYSTEMPATH/BaseModel.php(724): CodeIgniter\BaseModel->doProtectFields([...])
 3 SYSTEMPATH/Model.php(667): CodeIgniter\BaseModel->insert([...], true)
 4 APPPATH/Controllers/BaseController.php(74): CodeIgniter\Model->insert([...])
 5 APPPATH/Controllers/Quiz.php(60): App\Controllers\BaseController->startSession()
 6 SYSTEMPATH/CodeIgniter.php(927): App\Controllers\Quiz->startquiz('jonathan', 'math')
 7 SYSTEMPATH/CodeIgniter.php(482): CodeIgniter\CodeIgniter->runController(Object(App\Controllers\Quiz))
 8 SYSTEMPATH/CodeIgniter.php(351): CodeIgniter\CodeIgniter->handleRequest(null, Object(Config\Cache), false)
 9 FCPATH/index.php(67): CodeIgniter\CodeIgniter->run()
CRITICAL - 2023-04-19 08:56:12 --> Allowed fields must be specified for model: App\Models\SessionModel
in SYSTEMPATH/BaseModel.php on line 1160.
 1 SYSTEMPATH/BaseModel.php(1160): CodeIgniter\Database\Exceptions\DataException::forInvalidAllowedFields('App\\Models\\SessionModel')
 2 SYSTEMPATH/BaseModel.php(724): CodeIgniter\BaseModel->doProtectFields([...])
 3 SYSTEMPATH/Model.php(667): CodeIgniter\BaseModel->insert([...], true)
 4 APPPATH/Controllers/BaseController.php(74): CodeIgniter\Model->insert([...])
 5 APPPATH/Controllers/Quiz.php(60): App\Controllers\BaseController->startSession()
 6 SYSTEMPATH/CodeIgniter.php(927): App\Controllers\Quiz->startquiz('jonathan', 'math')
 7 SYSTEMPATH/CodeIgniter.php(482): CodeIgniter\CodeIgniter->runController(Object(App\Controllers\Quiz))
 8 SYSTEMPATH/CodeIgniter.php(351): CodeIgniter\CodeIgniter->handleRequest(null, Object(Config\Cache), false)
 9 FCPATH/index.php(67): CodeIgniter\CodeIgniter->run()
CRITICAL - 2023-04-19 08:57:49 --> Allowed fields must be specified for model: App\Models\SessionModel
in SYSTEMPATH/BaseModel.php on line 1160.
 1 SYSTEMPATH/BaseModel.php(1160): CodeIgniter\Database\Exceptions\DataException::forInvalidAllowedFields('App\\Models\\SessionModel')
 2 SYSTEMPATH/BaseModel.php(724): CodeIgniter\BaseModel->doProtectFields([...])
 3 SYSTEMPATH/Model.php(667): CodeIgniter\BaseModel->insert([...], true)
 4 APPPATH/Controllers/BaseController.php(74): CodeIgniter\Model->insert([...])
 5 APPPATH/Controllers/Quiz.php(60): App\Controllers\BaseController->startSession()
 6 SYSTEMPATH/CodeIgniter.php(927): App\Controllers\Quiz->startquiz('jonathan', 'math')
 7 SYSTEMPATH/CodeIgniter.php(482): CodeIgniter\CodeIgniter->runController(Object(App\Controllers\Quiz))
 8 SYSTEMPATH/CodeIgniter.php(351): CodeIgniter\CodeIgniter->handleRequest(null, Object(Config\Cache), false)
 9 FCPATH/index.php(67): CodeIgniter\CodeIgniter->run()
CRITICAL - 2023-04-19 08:57:50 --> Allowed fields must be specified for model: App\Models\SessionModel
in SYSTEMPATH/BaseModel.php on line 1160.
 1 SYSTEMPATH/BaseModel.php(1160): CodeIgniter\Database\Exceptions\DataException::forInvalidAllowedFields('App\\Models\\SessionModel')
 2 SYSTEMPATH/BaseModel.php(724): CodeIgniter\BaseModel->doProtectFields([...])
 3 SYSTEMPATH/Model.php(667): CodeIgniter\BaseModel->insert([...], true)
 4 APPPATH/Controllers/BaseController.php(74): CodeIgniter\Model->insert([...])
 5 APPPATH/Controllers/Quiz.php(60): App\Controllers\BaseController->startSession()
 6 SYSTEMPATH/CodeIgniter.php(927): App\Controllers\Quiz->startquiz('jonathan', 'math')
 7 SYSTEMPATH/CodeIgniter.php(482): CodeIgniter\CodeIgniter->runController(Object(App\Controllers\Quiz))
 8 SYSTEMPATH/CodeIgniter.php(351): CodeIgniter\CodeIgniter->handleRequest(null, Object(Config\Cache), false)
 9 FCPATH/index.php(67): CodeIgniter\CodeIgniter->run()
CRITICAL - 2023-04-19 08:57:51 --> Allowed fields must be specified for model: App\Models\SessionModel
in SYSTEMPATH/BaseModel.php on line 1160.
 1 SYSTEMPATH/BaseModel.php(1160): CodeIgniter\Database\Exceptions\DataException::forInvalidAllowedFields('App\\Models\\SessionModel')
 2 SYSTEMPATH/BaseModel.php(724): CodeIgniter\BaseModel->doProtectFields([...])
 3 SYSTEMPATH/Model.php(667): CodeIgniter\BaseModel->insert([...], true)
 4 APPPATH/Controllers/BaseController.php(74): CodeIgniter\Model->insert([...])
 5 APPPATH/Controllers/Quiz.php(60): App\Controllers\BaseController->startSession()
 6 SYSTEMPATH/CodeIgniter.php(927): App\Controllers\Quiz->startquiz('jonathan', 'math')
 7 SYSTEMPATH/CodeIgniter.php(482): CodeIgniter\CodeIgniter->runController(Object(App\Controllers\Quiz))
 8 SYSTEMPATH/CodeIgniter.php(351): CodeIgniter\CodeIgniter->handleRequest(null, Object(Config\Cache), false)
 9 FCPATH/index.php(67): CodeIgniter\CodeIgniter->run()
CRITICAL - 2023-04-19 08:57:52 --> Allowed fields must be specified for model: App\Models\SessionModel
in SYSTEMPATH/BaseModel.php on line 1160.
 1 SYSTEMPATH/BaseModel.php(1160): CodeIgniter\Database\Exceptions\DataException::forInvalidAllowedFields('App\\Models\\SessionModel')
 2 SYSTEMPATH/BaseModel.php(724): CodeIgniter\BaseModel->doProtectFields([...])
 3 SYSTEMPATH/Model.php(667): CodeIgniter\BaseModel->insert([...], true)
 4 APPPATH/Controllers/BaseController.php(74): CodeIgniter\Model->insert([...])
 5 APPPATH/Controllers/Quiz.php(60): App\Controllers\BaseController->startSession()
 6 SYSTEMPATH/CodeIgniter.php(927): App\Controllers\Quiz->startquiz('jonathan', 'math')
 7 SYSTEMPATH/CodeIgniter.php(482): CodeIgniter\CodeIgniter->runController(Object(App\Controllers\Quiz))
 8 SYSTEMPATH/CodeIgniter.php(351): CodeIgniter\CodeIgniter->handleRequest(null, Object(Config\Cache), false)
 9 FCPATH/index.php(67): CodeIgniter\CodeIgniter->run()
CRITICAL - 2023-04-19 09:03:36 --> Allowed fields must be specified for model: App\Models\SessionModel
in SYSTEMPATH/BaseModel.php on line 1160.
 1 SYSTEMPATH/BaseModel.php(1160): CodeIgniter\Database\Exceptions\DataException::forInvalidAllowedFields('App\\Models\\SessionModel')
 2 SYSTEMPATH/BaseModel.php(724): CodeIgniter\BaseModel->doProtectFields([...])
 3 SYSTEMPATH/Model.php(667): CodeIgniter\BaseModel->insert([...], true)
 4 APPPATH/Controllers/BaseController.php(74): CodeIgniter\Model->insert([...])
 5 APPPATH/Controllers/Quiz.php(60): App\Controllers\BaseController->startSession()
 6 SYSTEMPATH/CodeIgniter.php(927): App\Controllers\Quiz->startquiz('jonathan', 'math')
 7 SYSTEMPATH/CodeIgniter.php(482): CodeIgniter\CodeIgniter->runController(Object(App\Controllers\Quiz))
 8 SYSTEMPATH/CodeIgniter.php(351): CodeIgniter\CodeIgniter->handleRequest(null, Object(Config\Cache), false)
 9 FCPATH/index.php(67): CodeIgniter\CodeIgniter->run()
