ERROR - 2023-10-13 03:54:58 --> mysqli_sql_exception: Column 'session' cannot be null in /home/jedw/public_html/challenge/system/Database/MySQLi/Connection.php:292
Stack trace:
#0 /home/jedw/public_html/challenge/system/Database/MySQLi/Connection.php(292): mysqli->query('REPLACE INTO `q...', 0)
#1 /home/jedw/public_html/challenge/system/Database/BaseConnection.php(666): CodeIgniter\Database\MySQLi\Connection->execute('REPLACE INTO `q...')
#2 /home/jedw/public_html/challenge/system/Database/BaseConnection.php(593): CodeIgniter\Database\BaseConnection->simpleQuery('REPLACE INTO `q...')
#3 /home/jedw/public_html/challenge/system/Database/BaseBuilder.php(2002): CodeIgniter\Database\BaseConnection->query('REPLACE INTO `q...', Array, false)
#4 /home/jedw/public_html/challenge/system/Model.php(439): CodeIgniter\Database\BaseBuilder->replace(Array)
#5 /home/jedw/public_html/challenge/system/BaseModel.php(1059): CodeIgniter\Model->doReplace(Array, false)
#6 /home/jedw/public_html/challenge/app/Controllers/BaseController.php(99): CodeIgniter\BaseModel->replace(Array)
#7 /home/jedw/public_html/challenge/app/Controllers/Quest.php(163): App\Controllers\BaseController->questsessiontodb()
#8 /home/jedw/public_html/challenge/system/CodeIgniter.php(927): App\Controllers\Quest->endquest()
#9 /home/jedw/public_html/challenge/system/CodeIgniter.php(482): CodeIgniter\CodeIgniter->runController(Object(App\Controllers\Quest))
#10 /home/jedw/public_html/challenge/system/CodeIgniter.php(351): CodeIgniter\CodeIgniter->handleRequest(NULL, Object(Config\Cache), false)
#11 /home/jedw/public_html/challenge/index.php(67): CodeIgniter\CodeIgniter->run()
#12 {main}
CRITICAL - 2023-10-13 03:54:58 --> session_id(): Cannot change session id when session is active
in APPPATH/Controllers/BaseController.php on line 116.
 1 [internal function]: CodeIgniter\Debug\Exceptions->errorHandler(2, 'session_id(): Cannot change session id when session is active', 'APPPATH/Controllers/BaseController.php', 116, [])
 2 APPPATH/Controllers/BaseController.php(116): session_id('3b32ec848e248ca315f1a44ea2b567b39af44a57')
 3 APPPATH/Controllers/Quest.php(164): App\Controllers\BaseController->startSession()
 4 SYSTEMPATH/CodeIgniter.php(927): App\Controllers\Quest->endquest()
 5 SYSTEMPATH/CodeIgniter.php(482): CodeIgniter\CodeIgniter->runController(Object(App\Controllers\Quest))
 6 SYSTEMPATH/CodeIgniter.php(351): CodeIgniter\CodeIgniter->handleRequest(null, Object(Config\Cache), false)
 7 FCPATH/index.php(67): CodeIgniter\CodeIgniter->run()
