ERROR - 2023-04-13 05:17:49 --> Error connecting to the database: mysqli_sql_exception: Access denied for user 'student'@'localhost' (using password: YES) in /home/jedw/public_html/quiz/system/Database/MySQLi/Connection.php:171
Stack trace:
#0 /home/jedw/public_html/quiz/system/Database/MySQLi/Connection.php(171): mysqli->real_connect('localhost', 'student', 'website', 'quiz', 3306, '', 0)
#1 /home/jedw/public_html/quiz/system/Database/BaseConnection.php(382): CodeIgniter\Database\MySQLi\Connection->connect(false)
#2 /home/jedw/public_html/quiz/system/Database/BaseConnection.php(561): CodeIgniter\Database\BaseConnection->initialize()
#3 /home/jedw/public_html/quiz/system/Database/BaseBuilder.php(1585): CodeIgniter\Database\BaseConnection->query('SELECT *\nFROM `...', Array, false)
#4 /home/jedw/public_html/quiz/system/Model.php(250): CodeIgniter\Database\BaseBuilder->get()
#5 /home/jedw/public_html/quiz/system/BaseModel.php(623): CodeIgniter\Model->doFirst()
#6 /home/jedw/public_html/quiz/app/Controllers/Quiz.php(76): CodeIgniter\BaseModel->first()
#7 /home/jedw/public_html/quiz/system/CodeIgniter.php(927): App\Controllers\Quiz->getquestion()
#8 /home/jedw/public_html/quiz/system/CodeIgniter.php(482): CodeIgniter\CodeIgniter->runController(Object(App\Controllers\Quiz))
#9 /home/jedw/public_html/quiz/system/CodeIgniter.php(351): CodeIgniter\CodeIgniter->handleRequest(NULL, Object(Config\Cache), false)
#10 /home/jedw/public_html/quiz/index.php(67): CodeIgniter\CodeIgniter->run()
#11 {main}

Next CodeIgniter\Database\Exceptions\DatabaseException: Access denied for user '****'@'localhost' (using password: YES) in /home/jedw/public_html/quiz/system/Database/MySQLi/Connection.php:215
Stack trace:
#0 /home/jedw/public_html/quiz/system/Database/BaseConnection.php(382): CodeIgniter\Database\MySQLi\Connection->connect(false)
#1 /home/jedw/public_html/quiz/system/Database/BaseConnection.php(561): CodeIgniter\Database\BaseConnection->initialize()
#2 /home/jedw/public_html/quiz/system/Database/BaseBuilder.php(1585): CodeIgniter\Database\BaseConnection->query('SELECT *\nFROM `...', Array, false)
#3 /home/jedw/public_html/quiz/system/Model.php(250): CodeIgniter\Database\BaseBuilder->get()
#4 /home/jedw/public_html/quiz/system/BaseModel.php(623): CodeIgniter\Model->doFirst()
#5 /home/jedw/public_html/quiz/app/Controllers/Quiz.php(76): CodeIgniter\BaseModel->first()
#6 /home/jedw/public_html/quiz/system/CodeIgniter.php(927): App\Controllers\Quiz->getquestion()
#7 /home/jedw/public_html/quiz/system/CodeIgniter.php(482): CodeIgniter\CodeIgniter->runController(Object(App\Controllers\Quiz))
#8 /home/jedw/public_html/quiz/system/CodeIgniter.php(351): CodeIgniter\CodeIgniter->handleRequest(NULL, Object(Config\Cache), false)
#9 /home/jedw/public_html/quiz/index.php(67): CodeIgniter\CodeIgniter->run()
#10 {main}
CRITICAL - 2023-04-13 05:17:49 --> Unable to connect to the database.
Main connection [MySQLi]: Access denied for user '****'@'localhost' (using password: YES)
in SYSTEMPATH/Database/BaseConnection.php on line 418.
 1 SYSTEMPATH/Database/BaseConnection.php(561): CodeIgniter\Database\BaseConnection->initialize()
 2 SYSTEMPATH/Database/BaseBuilder.php(1585): CodeIgniter\Database\BaseConnection->query('SELECT *
FROM `questions`
WHERE `qnum` = :qnum:
AND `category` = :category:
 LIMIT 1', [...], false)
 3 SYSTEMPATH/Model.php(250): CodeIgniter\Database\BaseBuilder->get()
 4 SYSTEMPATH/BaseModel.php(623): CodeIgniter\Model->doFirst()
 5 APPPATH/Controllers/Quiz.php(76): CodeIgniter\BaseModel->first()
 6 SYSTEMPATH/CodeIgniter.php(927): App\Controllers\Quiz->getquestion()
 7 SYSTEMPATH/CodeIgniter.php(482): CodeIgniter\CodeIgniter->runController(Object(App\Controllers\Quiz))
 8 SYSTEMPATH/CodeIgniter.php(351): CodeIgniter\CodeIgniter->handleRequest(null, Object(Config\Cache), false)
 9 FCPATH/index.php(67): CodeIgniter\CodeIgniter->run()
ERROR - 2023-04-13 05:18:43 --> Error connecting to the database: mysqli_sql_exception: Access denied for user 'jedw'@'localhost' to database 'quiz' in /home/jedw/public_html/quiz/system/Database/MySQLi/Connection.php:171
Stack trace:
#0 /home/jedw/public_html/quiz/system/Database/MySQLi/Connection.php(171): mysqli->real_connect('localhost', 'jedw', 'Toronado47', 'quiz', 3306, '', 0)
#1 /home/jedw/public_html/quiz/system/Database/BaseConnection.php(382): CodeIgniter\Database\MySQLi\Connection->connect(false)
#2 /home/jedw/public_html/quiz/system/Database/BaseConnection.php(561): CodeIgniter\Database\BaseConnection->initialize()
#3 /home/jedw/public_html/quiz/system/Database/BaseBuilder.php(1585): CodeIgniter\Database\BaseConnection->query('SELECT *\nFROM `...', Array, false)
#4 /home/jedw/public_html/quiz/system/Model.php(250): CodeIgniter\Database\BaseBuilder->get()
#5 /home/jedw/public_html/quiz/system/BaseModel.php(623): CodeIgniter\Model->doFirst()
#6 /home/jedw/public_html/quiz/app/Controllers/Quiz.php(76): CodeIgniter\BaseModel->first()
#7 /home/jedw/public_html/quiz/system/CodeIgniter.php(927): App\Controllers\Quiz->getquestion()
#8 /home/jedw/public_html/quiz/system/CodeIgniter.php(482): CodeIgniter\CodeIgniter->runController(Object(App\Controllers\Quiz))
#9 /home/jedw/public_html/quiz/system/CodeIgniter.php(351): CodeIgniter\CodeIgniter->handleRequest(NULL, Object(Config\Cache), false)
#10 /home/jedw/public_html/quiz/index.php(67): CodeIgniter\CodeIgniter->run()
#11 {main}

Next CodeIgniter\Database\Exceptions\DatabaseException: Access denied for user '****'@'localhost' to database 'quiz' in /home/jedw/public_html/quiz/system/Database/MySQLi/Connection.php:215
Stack trace:
#0 /home/jedw/public_html/quiz/system/Database/BaseConnection.php(382): CodeIgniter\Database\MySQLi\Connection->connect(false)
#1 /home/jedw/public_html/quiz/system/Database/BaseConnection.php(561): CodeIgniter\Database\BaseConnection->initialize()
#2 /home/jedw/public_html/quiz/system/Database/BaseBuilder.php(1585): CodeIgniter\Database\BaseConnection->query('SELECT *\nFROM `...', Array, false)
#3 /home/jedw/public_html/quiz/system/Model.php(250): CodeIgniter\Database\BaseBuilder->get()
#4 /home/jedw/public_html/quiz/system/BaseModel.php(623): CodeIgniter\Model->doFirst()
#5 /home/jedw/public_html/quiz/app/Controllers/Quiz.php(76): CodeIgniter\BaseModel->first()
#6 /home/jedw/public_html/quiz/system/CodeIgniter.php(927): App\Controllers\Quiz->getquestion()
#7 /home/jedw/public_html/quiz/system/CodeIgniter.php(482): CodeIgniter\CodeIgniter->runController(Object(App\Controllers\Quiz))
#8 /home/jedw/public_html/quiz/system/CodeIgniter.php(351): CodeIgniter\CodeIgniter->handleRequest(NULL, Object(Config\Cache), false)
#9 /home/jedw/public_html/quiz/index.php(67): CodeIgniter\CodeIgniter->run()
#10 {main}
CRITICAL - 2023-04-13 05:18:43 --> Unable to connect to the database.
Main connection [MySQLi]: Access denied for user '****'@'localhost' to database 'quiz'
in SYSTEMPATH/Database/BaseConnection.php on line 418.
 1 SYSTEMPATH/Database/BaseConnection.php(561): CodeIgniter\Database\BaseConnection->initialize()
 2 SYSTEMPATH/Database/BaseBuilder.php(1585): CodeIgniter\Database\BaseConnection->query('SELECT *
FROM `questions`
WHERE `qnum` = :qnum:
AND `category` = :category:
 LIMIT 1', [...], false)
 3 SYSTEMPATH/Model.php(250): CodeIgniter\Database\BaseBuilder->get()
 4 SYSTEMPATH/BaseModel.php(623): CodeIgniter\Model->doFirst()
 5 APPPATH/Controllers/Quiz.php(76): CodeIgniter\BaseModel->first()
 6 SYSTEMPATH/CodeIgniter.php(927): App\Controllers\Quiz->getquestion()
 7 SYSTEMPATH/CodeIgniter.php(482): CodeIgniter\CodeIgniter->runController(Object(App\Controllers\Quiz))
 8 SYSTEMPATH/CodeIgniter.php(351): CodeIgniter\CodeIgniter->handleRequest(null, Object(Config\Cache), false)
 9 FCPATH/index.php(67): CodeIgniter\CodeIgniter->run()
ERROR - 2023-04-13 05:19:20 --> Error connecting to the database: mysqli_sql_exception: Access denied for user 'jedw'@'www.mamamababyschool.com' (using password: YES) in /home/jedw/public_html/quiz/system/Database/MySQLi/Connection.php:171
Stack trace:
#0 /home/jedw/public_html/quiz/system/Database/MySQLi/Connection.php(171): mysqli->real_connect('jedw.co.uk', 'jedw', 'Toronado47', 'quiz', 3306, '', 0)
#1 /home/jedw/public_html/quiz/system/Database/BaseConnection.php(382): CodeIgniter\Database\MySQLi\Connection->connect(false)
#2 /home/jedw/public_html/quiz/system/Database/BaseConnection.php(561): CodeIgniter\Database\BaseConnection->initialize()
#3 /home/jedw/public_html/quiz/system/Database/BaseBuilder.php(1585): CodeIgniter\Database\BaseConnection->query('SELECT *\nFROM `...', Array, false)
#4 /home/jedw/public_html/quiz/system/Model.php(250): CodeIgniter\Database\BaseBuilder->get()
#5 /home/jedw/public_html/quiz/system/BaseModel.php(623): CodeIgniter\Model->doFirst()
#6 /home/jedw/public_html/quiz/app/Controllers/Quiz.php(76): CodeIgniter\BaseModel->first()
#7 /home/jedw/public_html/quiz/system/CodeIgniter.php(927): App\Controllers\Quiz->getquestion()
#8 /home/jedw/public_html/quiz/system/CodeIgniter.php(482): CodeIgniter\CodeIgniter->runController(Object(App\Controllers\Quiz))
#9 /home/jedw/public_html/quiz/system/CodeIgniter.php(351): CodeIgniter\CodeIgniter->handleRequest(NULL, Object(Config\Cache), false)
#10 /home/jedw/public_html/quiz/index.php(67): CodeIgniter\CodeIgniter->run()
#11 {main}

Next CodeIgniter\Database\Exceptions\DatabaseException: Access denied for user '****'@'www.mamamababyschool.com' (using password: YES) in /home/jedw/public_html/quiz/system/Database/MySQLi/Connection.php:215
Stack trace:
#0 /home/jedw/public_html/quiz/system/Database/BaseConnection.php(382): CodeIgniter\Database\MySQLi\Connection->connect(false)
#1 /home/jedw/public_html/quiz/system/Database/BaseConnection.php(561): CodeIgniter\Database\BaseConnection->initialize()
#2 /home/jedw/public_html/quiz/system/Database/BaseBuilder.php(1585): CodeIgniter\Database\BaseConnection->query('SELECT *\nFROM `...', Array, false)
#3 /home/jedw/public_html/quiz/system/Model.php(250): CodeIgniter\Database\BaseBuilder->get()
#4 /home/jedw/public_html/quiz/system/BaseModel.php(623): CodeIgniter\Model->doFirst()
#5 /home/jedw/public_html/quiz/app/Controllers/Quiz.php(76): CodeIgniter\BaseModel->first()
#6 /home/jedw/public_html/quiz/system/CodeIgniter.php(927): App\Controllers\Quiz->getquestion()
#7 /home/jedw/public_html/quiz/system/CodeIgniter.php(482): CodeIgniter\CodeIgniter->runController(Object(App\Controllers\Quiz))
#8 /home/jedw/public_html/quiz/system/CodeIgniter.php(351): CodeIgniter\CodeIgniter->handleRequest(NULL, Object(Config\Cache), false)
#9 /home/jedw/public_html/quiz/index.php(67): CodeIgniter\CodeIgniter->run()
#10 {main}
CRITICAL - 2023-04-13 05:19:20 --> Unable to connect to the database.
Main connection [MySQLi]: Access denied for user '****'@'www.mamamababyschool.com' (using password: YES)
in SYSTEMPATH/Database/BaseConnection.php on line 418.
 1 SYSTEMPATH/Database/BaseConnection.php(561): CodeIgniter\Database\BaseConnection->initialize()
 2 SYSTEMPATH/Database/BaseBuilder.php(1585): CodeIgniter\Database\BaseConnection->query('SELECT *
FROM `questions`
WHERE `qnum` = :qnum:
AND `category` = :category:
 LIMIT 1', [...], false)
 3 SYSTEMPATH/Model.php(250): CodeIgniter\Database\BaseBuilder->get()
 4 SYSTEMPATH/BaseModel.php(623): CodeIgniter\Model->doFirst()
 5 APPPATH/Controllers/Quiz.php(76): CodeIgniter\BaseModel->first()
 6 SYSTEMPATH/CodeIgniter.php(927): App\Controllers\Quiz->getquestion()
 7 SYSTEMPATH/CodeIgniter.php(482): CodeIgniter\CodeIgniter->runController(Object(App\Controllers\Quiz))
 8 SYSTEMPATH/CodeIgniter.php(351): CodeIgniter\CodeIgniter->handleRequest(null, Object(Config\Cache), false)
 9 FCPATH/index.php(67): CodeIgniter\CodeIgniter->run()
ERROR - 2023-04-13 05:21:53 --> Error connecting to the database: mysqli_sql_exception: Access denied for user 'jedw'@'localhost' to database 'quiz' in /home/jedw/public_html/quiz/system/Database/MySQLi/Connection.php:171
Stack trace:
#0 /home/jedw/public_html/quiz/system/Database/MySQLi/Connection.php(171): mysqli->real_connect('localhost', 'jedw', 'Toronado47', 'quiz', 3306, '', 0)
#1 /home/jedw/public_html/quiz/system/Database/BaseConnection.php(382): CodeIgniter\Database\MySQLi\Connection->connect(false)
#2 /home/jedw/public_html/quiz/system/Database/BaseConnection.php(561): CodeIgniter\Database\BaseConnection->initialize()
#3 /home/jedw/public_html/quiz/system/Database/BaseBuilder.php(1585): CodeIgniter\Database\BaseConnection->query('SELECT *\nFROM `...', Array, false)
#4 /home/jedw/public_html/quiz/system/Model.php(250): CodeIgniter\Database\BaseBuilder->get()
#5 /home/jedw/public_html/quiz/system/BaseModel.php(623): CodeIgniter\Model->doFirst()
#6 /home/jedw/public_html/quiz/app/Controllers/Quiz.php(76): CodeIgniter\BaseModel->first()
#7 /home/jedw/public_html/quiz/system/CodeIgniter.php(927): App\Controllers\Quiz->getquestion()
#8 /home/jedw/public_html/quiz/system/CodeIgniter.php(482): CodeIgniter\CodeIgniter->runController(Object(App\Controllers\Quiz))
#9 /home/jedw/public_html/quiz/system/CodeIgniter.php(351): CodeIgniter\CodeIgniter->handleRequest(NULL, Object(Config\Cache), false)
#10 /home/jedw/public_html/quiz/index.php(67): CodeIgniter\CodeIgniter->run()
#11 {main}

Next CodeIgniter\Database\Exceptions\DatabaseException: Access denied for user '****'@'localhost' to database 'quiz' in /home/jedw/public_html/quiz/system/Database/MySQLi/Connection.php:215
Stack trace:
#0 /home/jedw/public_html/quiz/system/Database/BaseConnection.php(382): CodeIgniter\Database\MySQLi\Connection->connect(false)
#1 /home/jedw/public_html/quiz/system/Database/BaseConnection.php(561): CodeIgniter\Database\BaseConnection->initialize()
#2 /home/jedw/public_html/quiz/system/Database/BaseBuilder.php(1585): CodeIgniter\Database\BaseConnection->query('SELECT *\nFROM `...', Array, false)
#3 /home/jedw/public_html/quiz/system/Model.php(250): CodeIgniter\Database\BaseBuilder->get()
#4 /home/jedw/public_html/quiz/system/BaseModel.php(623): CodeIgniter\Model->doFirst()
#5 /home/jedw/public_html/quiz/app/Controllers/Quiz.php(76): CodeIgniter\BaseModel->first()
#6 /home/jedw/public_html/quiz/system/CodeIgniter.php(927): App\Controllers\Quiz->getquestion()
#7 /home/jedw/public_html/quiz/system/CodeIgniter.php(482): CodeIgniter\CodeIgniter->runController(Object(App\Controllers\Quiz))
#8 /home/jedw/public_html/quiz/system/CodeIgniter.php(351): CodeIgniter\CodeIgniter->handleRequest(NULL, Object(Config\Cache), false)
#9 /home/jedw/public_html/quiz/index.php(67): CodeIgniter\CodeIgniter->run()
#10 {main}
CRITICAL - 2023-04-13 05:21:53 --> Unable to connect to the database.
Main connection [MySQLi]: Access denied for user '****'@'localhost' to database 'quiz'
in SYSTEMPATH/Database/BaseConnection.php on line 418.
 1 SYSTEMPATH/Database/BaseConnection.php(561): CodeIgniter\Database\BaseConnection->initialize()
 2 SYSTEMPATH/Database/BaseBuilder.php(1585): CodeIgniter\Database\BaseConnection->query('SELECT *
FROM `questions`
WHERE `qnum` = :qnum:
AND `category` = :category:
 LIMIT 1', [...], false)
 3 SYSTEMPATH/Model.php(250): CodeIgniter\Database\BaseBuilder->get()
 4 SYSTEMPATH/BaseModel.php(623): CodeIgniter\Model->doFirst()
 5 APPPATH/Controllers/Quiz.php(76): CodeIgniter\BaseModel->first()
 6 SYSTEMPATH/CodeIgniter.php(927): App\Controllers\Quiz->getquestion()
 7 SYSTEMPATH/CodeIgniter.php(482): CodeIgniter\CodeIgniter->runController(Object(App\Controllers\Quiz))
 8 SYSTEMPATH/CodeIgniter.php(351): CodeIgniter\CodeIgniter->handleRequest(null, Object(Config\Cache), false)
 9 FCPATH/index.php(67): CodeIgniter\CodeIgniter->run()
