CRITICAL - 2023-10-09 07:36:40 --> fopen(/home/jedw/public_html/challenge/writable/session/ci_sessionwww.domain.co/endpoint?parametername=value/): failed to open stream: No such file or directory
in SYSTEMPATH/Session/Handlers/FileHandler.php on line 129.
 1 [internal function]: CodeIgniter\Debug\Exceptions->errorHandler(2, 'fopen(/home/jedw/public_html/challenge/writable/session/ci_sessionwww.domain.co/endpoint?parametername=value/): failed to open stream: No such file or directory', 'SYSTEMPATH/Session/Handlers/FileHandler.php', 129, [...])
 2 SYSTEMPATH/Session/Handlers/FileHandler.php(129): fopen('FCPATH/writable/session/ci_sessionwww.domain.co/endpoint?parametername=value/', 'c+b')
 3 [internal function]: CodeIgniter\Session\Handlers\FileHandler->read('www.domain.co/endpoint?parametername=value/')
 4 SYSTEMPATH/Session/Session.php(912): session_start()
 5 SYSTEMPATH/Session/Session.php(234): CodeIgniter\Session\Session->startSession()
 6 SYSTEMPATH/Config/Services.php(665): CodeIgniter\Session\Session->start()
 7 SYSTEMPATH/Config/BaseService.php(253): CodeIgniter\Config\Services::session(Object(Config\App), false)
 8 SYSTEMPATH/Config/BaseService.php(194): CodeIgniter\Config\BaseService::__callStatic('session', [...])
 9 SYSTEMPATH/Config/Services.php(637): CodeIgniter\Config\BaseService::getSharedInstance('session', null)
10 SYSTEMPATH/Config/BaseService.php(253): CodeIgniter\Config\Services::session()
11 APPPATH/Controllers/BaseController.php(118): CodeIgniter\Config\BaseService::__callStatic('Session', [])
12 APPPATH/Controllers/Quest.php(70): App\Controllers\BaseController->startSession()
13 SYSTEMPATH/CodeIgniter.php(927): App\Controllers\Quest->getriddle()
14 SYSTEMPATH/CodeIgniter.php(482): CodeIgniter\CodeIgniter->runController(Object(App\Controllers\Quest))
15 SYSTEMPATH/CodeIgniter.php(351): CodeIgniter\CodeIgniter->handleRequest(null, Object(Config\Cache), false)
16 FCPATH/index.php(67): CodeIgniter\CodeIgniter->run()
CRITICAL - 2023-10-09 07:37:40 --> fopen(/home/jedw/public_html/challenge/writable/session/ci_sessionwww.domain.co/endpoint?parametername=value/): failed to open stream: No such file or directory
in SYSTEMPATH/Session/Handlers/FileHandler.php on line 129.
 1 [internal function]: CodeIgniter\Debug\Exceptions->errorHandler(2, 'fopen(/home/jedw/public_html/challenge/writable/session/ci_sessionwww.domain.co/endpoint?parametername=value/): failed to open stream: No such file or directory', 'SYSTEMPATH/Session/Handlers/FileHandler.php', 129, [...])
 2 SYSTEMPATH/Session/Handlers/FileHandler.php(129): fopen('FCPATH/writable/session/ci_sessionwww.domain.co/endpoint?parametername=value/', 'c+b')
 3 [internal function]: CodeIgniter\Session\Handlers\FileHandler->read('www.domain.co/endpoint?parametername=value/')
 4 SYSTEMPATH/Session/Session.php(912): session_start()
 5 SYSTEMPATH/Session/Session.php(234): CodeIgniter\Session\Session->startSession()
 6 SYSTEMPATH/Config/Services.php(665): CodeIgniter\Session\Session->start()
 7 SYSTEMPATH/Config/BaseService.php(253): CodeIgniter\Config\Services::session(Object(Config\App), false)
 8 SYSTEMPATH/Config/BaseService.php(194): CodeIgniter\Config\BaseService::__callStatic('session', [...])
 9 SYSTEMPATH/Config/Services.php(637): CodeIgniter\Config\BaseService::getSharedInstance('session', null)
10 SYSTEMPATH/Config/BaseService.php(253): CodeIgniter\Config\Services::session()
11 APPPATH/Controllers/BaseController.php(118): CodeIgniter\Config\BaseService::__callStatic('Session', [])
12 APPPATH/Controllers/Quest.php(70): App\Controllers\BaseController->startSession()
13 SYSTEMPATH/CodeIgniter.php(927): App\Controllers\Quest->getriddle()
14 SYSTEMPATH/CodeIgniter.php(482): CodeIgniter\CodeIgniter->runController(Object(App\Controllers\Quest))
15 SYSTEMPATH/CodeIgniter.php(351): CodeIgniter\CodeIgniter->handleRequest(null, Object(Config\Cache), false)
16 FCPATH/index.php(67): CodeIgniter\CodeIgniter->run()
CRITICAL - 2023-10-09 07:37:45 --> fopen(/home/jedw/public_html/challenge/writable/session/ci_sessionwww.domain.co/endpoint?parametername=value/): failed to open stream: No such file or directory
in SYSTEMPATH/Session/Handlers/FileHandler.php on line 129.
 1 [internal function]: CodeIgniter\Debug\Exceptions->errorHandler(2, 'fopen(/home/jedw/public_html/challenge/writable/session/ci_sessionwww.domain.co/endpoint?parametername=value/): failed to open stream: No such file or directory', 'SYSTEMPATH/Session/Handlers/FileHandler.php', 129, [...])
 2 SYSTEMPATH/Session/Handlers/FileHandler.php(129): fopen('FCPATH/writable/session/ci_sessionwww.domain.co/endpoint?parametername=value/', 'c+b')
 3 [internal function]: CodeIgniter\Session\Handlers\FileHandler->read('www.domain.co/endpoint?parametername=value/')
 4 SYSTEMPATH/Session/Session.php(912): session_start()
 5 SYSTEMPATH/Session/Session.php(234): CodeIgniter\Session\Session->startSession()
 6 SYSTEMPATH/Config/Services.php(665): CodeIgniter\Session\Session->start()
 7 SYSTEMPATH/Config/BaseService.php(253): CodeIgniter\Config\Services::session(Object(Config\App), false)
 8 SYSTEMPATH/Config/BaseService.php(194): CodeIgniter\Config\BaseService::__callStatic('session', [...])
 9 SYSTEMPATH/Config/Services.php(637): CodeIgniter\Config\BaseService::getSharedInstance('session', null)
10 SYSTEMPATH/Config/BaseService.php(253): CodeIgniter\Config\Services::session()
11 APPPATH/Controllers/BaseController.php(118): CodeIgniter\Config\BaseService::__callStatic('Session', [])
12 APPPATH/Controllers/Quest.php(70): App\Controllers\BaseController->startSession()
13 SYSTEMPATH/CodeIgniter.php(927): App\Controllers\Quest->getriddle()
14 SYSTEMPATH/CodeIgniter.php(482): CodeIgniter\CodeIgniter->runController(Object(App\Controllers\Quest))
15 SYSTEMPATH/CodeIgniter.php(351): CodeIgniter\CodeIgniter->handleRequest(null, Object(Config\Cache), false)
16 FCPATH/index.php(67): CodeIgniter\CodeIgniter->run()
CRITICAL - 2023-10-09 07:39:39 --> fopen(/home/jedw/public_html/challenge/writable/session/ci_sessionwww.domain.co/endpoint?parametername=value/): failed to open stream: No such file or directory
in SYSTEMPATH/Session/Handlers/FileHandler.php on line 129.
 1 [internal function]: CodeIgniter\Debug\Exceptions->errorHandler(2, 'fopen(/home/jedw/public_html/challenge/writable/session/ci_sessionwww.domain.co/endpoint?parametername=value/): failed to open stream: No such file or directory', 'SYSTEMPATH/Session/Handlers/FileHandler.php', 129, [...])
 2 SYSTEMPATH/Session/Handlers/FileHandler.php(129): fopen('FCPATH/writable/session/ci_sessionwww.domain.co/endpoint?parametername=value/', 'c+b')
 3 [internal function]: CodeIgniter\Session\Handlers\FileHandler->read('www.domain.co/endpoint?parametername=value/')
 4 SYSTEMPATH/Session/Session.php(912): session_start()
 5 SYSTEMPATH/Session/Session.php(234): CodeIgniter\Session\Session->startSession()
 6 SYSTEMPATH/Config/Services.php(665): CodeIgniter\Session\Session->start()
 7 SYSTEMPATH/Config/BaseService.php(253): CodeIgniter\Config\Services::session(Object(Config\App), false)
 8 SYSTEMPATH/Config/BaseService.php(194): CodeIgniter\Config\BaseService::__callStatic('session', [...])
 9 SYSTEMPATH/Config/Services.php(637): CodeIgniter\Config\BaseService::getSharedInstance('session', null)
10 SYSTEMPATH/Config/BaseService.php(253): CodeIgniter\Config\Services::session()
11 APPPATH/Controllers/BaseController.php(118): CodeIgniter\Config\BaseService::__callStatic('Session', [])
12 APPPATH/Controllers/Quest.php(70): App\Controllers\BaseController->startSession()
13 SYSTEMPATH/CodeIgniter.php(927): App\Controllers\Quest->getriddle()
14 SYSTEMPATH/CodeIgniter.php(482): CodeIgniter\CodeIgniter->runController(Object(App\Controllers\Quest))
15 SYSTEMPATH/CodeIgniter.php(351): CodeIgniter\CodeIgniter->handleRequest(null, Object(Config\Cache), false)
16 FCPATH/index.php(67): CodeIgniter\CodeIgniter->run()
CRITICAL - 2023-10-09 07:39:50 --> fopen(/home/jedw/public_html/challenge/writable/session/ci_sessionwww.domain.co/endpoint?parametername=value/): failed to open stream: No such file or directory
in SYSTEMPATH/Session/Handlers/FileHandler.php on line 129.
 1 [internal function]: CodeIgniter\Debug\Exceptions->errorHandler(2, 'fopen(/home/jedw/public_html/challenge/writable/session/ci_sessionwww.domain.co/endpoint?parametername=value/): failed to open stream: No such file or directory', 'SYSTEMPATH/Session/Handlers/FileHandler.php', 129, [...])
 2 SYSTEMPATH/Session/Handlers/FileHandler.php(129): fopen('FCPATH/writable/session/ci_sessionwww.domain.co/endpoint?parametername=value/', 'c+b')
 3 [internal function]: CodeIgniter\Session\Handlers\FileHandler->read('www.domain.co/endpoint?parametername=value/')
 4 SYSTEMPATH/Session/Session.php(912): session_start()
 5 SYSTEMPATH/Session/Session.php(234): CodeIgniter\Session\Session->startSession()
 6 SYSTEMPATH/Config/Services.php(665): CodeIgniter\Session\Session->start()
 7 SYSTEMPATH/Config/BaseService.php(253): CodeIgniter\Config\Services::session(Object(Config\App), false)
 8 SYSTEMPATH/Config/BaseService.php(194): CodeIgniter\Config\BaseService::__callStatic('session', [...])
 9 SYSTEMPATH/Config/Services.php(637): CodeIgniter\Config\BaseService::getSharedInstance('session', null)
10 SYSTEMPATH/Config/BaseService.php(253): CodeIgniter\Config\Services::session()
11 APPPATH/Controllers/BaseController.php(118): CodeIgniter\Config\BaseService::__callStatic('Session', [])
12 APPPATH/Controllers/Quest.php(70): App\Controllers\BaseController->startSession()
13 SYSTEMPATH/CodeIgniter.php(927): App\Controllers\Quest->getriddle()
14 SYSTEMPATH/CodeIgniter.php(482): CodeIgniter\CodeIgniter->runController(Object(App\Controllers\Quest))
15 SYSTEMPATH/CodeIgniter.php(351): CodeIgniter\CodeIgniter->handleRequest(null, Object(Config\Cache), false)
16 FCPATH/index.php(67): CodeIgniter\CodeIgniter->run()
CRITICAL - 2023-10-09 07:39:55 --> fopen(/home/jedw/public_html/challenge/writable/session/ci_sessionwww.domain.co/endpoint?parametername=value/): failed to open stream: No such file or directory
in SYSTEMPATH/Session/Handlers/FileHandler.php on line 129.
 1 [internal function]: CodeIgniter\Debug\Exceptions->errorHandler(2, 'fopen(/home/jedw/public_html/challenge/writable/session/ci_sessionwww.domain.co/endpoint?parametername=value/): failed to open stream: No such file or directory', 'SYSTEMPATH/Session/Handlers/FileHandler.php', 129, [...])
 2 SYSTEMPATH/Session/Handlers/FileHandler.php(129): fopen('FCPATH/writable/session/ci_sessionwww.domain.co/endpoint?parametername=value/', 'c+b')
 3 [internal function]: CodeIgniter\Session\Handlers\FileHandler->read('www.domain.co/endpoint?parametername=value/')
 4 SYSTEMPATH/Session/Session.php(912): session_start()
 5 SYSTEMPATH/Session/Session.php(234): CodeIgniter\Session\Session->startSession()
 6 SYSTEMPATH/Config/Services.php(665): CodeIgniter\Session\Session->start()
 7 SYSTEMPATH/Config/BaseService.php(253): CodeIgniter\Config\Services::session(Object(Config\App), false)
 8 SYSTEMPATH/Config/BaseService.php(194): CodeIgniter\Config\BaseService::__callStatic('session', [...])
 9 SYSTEMPATH/Config/Services.php(637): CodeIgniter\Config\BaseService::getSharedInstance('session', null)
10 SYSTEMPATH/Config/BaseService.php(253): CodeIgniter\Config\Services::session()
11 APPPATH/Controllers/BaseController.php(118): CodeIgniter\Config\BaseService::__callStatic('Session', [])
12 APPPATH/Controllers/Quest.php(70): App\Controllers\BaseController->startSession()
13 SYSTEMPATH/CodeIgniter.php(927): App\Controllers\Quest->getriddle()
14 SYSTEMPATH/CodeIgniter.php(482): CodeIgniter\CodeIgniter->runController(Object(App\Controllers\Quest))
15 SYSTEMPATH/CodeIgniter.php(351): CodeIgniter\CodeIgniter->handleRequest(null, Object(Config\Cache), false)
16 FCPATH/index.php(67): CodeIgniter\CodeIgniter->run()
CRITICAL - 2023-10-09 07:41:19 --> fopen(/home/jedw/public_html/challenge/writable/session/ci_sessionwww.domain.co/endpoint?parametername=value/): failed to open stream: No such file or directory
in SYSTEMPATH/Session/Handlers/FileHandler.php on line 129.
 1 [internal function]: CodeIgniter\Debug\Exceptions->errorHandler(2, 'fopen(/home/jedw/public_html/challenge/writable/session/ci_sessionwww.domain.co/endpoint?parametername=value/): failed to open stream: No such file or directory', 'SYSTEMPATH/Session/Handlers/FileHandler.php', 129, [...])
 2 SYSTEMPATH/Session/Handlers/FileHandler.php(129): fopen('FCPATH/writable/session/ci_sessionwww.domain.co/endpoint?parametername=value/', 'c+b')
 3 [internal function]: CodeIgniter\Session\Handlers\FileHandler->read('www.domain.co/endpoint?parametername=value/')
 4 SYSTEMPATH/Session/Session.php(912): session_start()
 5 SYSTEMPATH/Session/Session.php(234): CodeIgniter\Session\Session->startSession()
 6 SYSTEMPATH/Config/Services.php(665): CodeIgniter\Session\Session->start()
 7 SYSTEMPATH/Config/BaseService.php(253): CodeIgniter\Config\Services::session(Object(Config\App), false)
 8 SYSTEMPATH/Config/BaseService.php(194): CodeIgniter\Config\BaseService::__callStatic('session', [...])
 9 SYSTEMPATH/Config/Services.php(637): CodeIgniter\Config\BaseService::getSharedInstance('session', null)
10 SYSTEMPATH/Config/BaseService.php(253): CodeIgniter\Config\Services::session()
11 APPPATH/Controllers/BaseController.php(118): CodeIgniter\Config\BaseService::__callStatic('Session', [])
12 APPPATH/Controllers/Quest.php(70): App\Controllers\BaseController->startSession()
13 SYSTEMPATH/CodeIgniter.php(927): App\Controllers\Quest->getriddle()
14 SYSTEMPATH/CodeIgniter.php(482): CodeIgniter\CodeIgniter->runController(Object(App\Controllers\Quest))
15 SYSTEMPATH/CodeIgniter.php(351): CodeIgniter\CodeIgniter->handleRequest(null, Object(Config\Cache), false)
16 FCPATH/index.php(67): CodeIgniter\CodeIgniter->run()
CRITICAL - 2023-10-09 07:41:25 --> fopen(/home/jedw/public_html/challenge/writable/session/ci_sessionwww.domain.co/endpoint?parametername=value/): failed to open stream: No such file or directory
in SYSTEMPATH/Session/Handlers/FileHandler.php on line 129.
 1 [internal function]: CodeIgniter\Debug\Exceptions->errorHandler(2, 'fopen(/home/jedw/public_html/challenge/writable/session/ci_sessionwww.domain.co/endpoint?parametername=value/): failed to open stream: No such file or directory', 'SYSTEMPATH/Session/Handlers/FileHandler.php', 129, [...])
 2 SYSTEMPATH/Session/Handlers/FileHandler.php(129): fopen('FCPATH/writable/session/ci_sessionwww.domain.co/endpoint?parametername=value/', 'c+b')
 3 [internal function]: CodeIgniter\Session\Handlers\FileHandler->read('www.domain.co/endpoint?parametername=value/')
 4 SYSTEMPATH/Session/Session.php(912): session_start()
 5 SYSTEMPATH/Session/Session.php(234): CodeIgniter\Session\Session->startSession()
 6 SYSTEMPATH/Config/Services.php(665): CodeIgniter\Session\Session->start()
 7 SYSTEMPATH/Config/BaseService.php(253): CodeIgniter\Config\Services::session(Object(Config\App), false)
 8 SYSTEMPATH/Config/BaseService.php(194): CodeIgniter\Config\BaseService::__callStatic('session', [...])
 9 SYSTEMPATH/Config/Services.php(637): CodeIgniter\Config\BaseService::getSharedInstance('session', null)
10 SYSTEMPATH/Config/BaseService.php(253): CodeIgniter\Config\Services::session()
11 APPPATH/Controllers/BaseController.php(118): CodeIgniter\Config\BaseService::__callStatic('Session', [])
12 APPPATH/Controllers/Quest.php(70): App\Controllers\BaseController->startSession()
13 SYSTEMPATH/CodeIgniter.php(927): App\Controllers\Quest->getriddle()
14 SYSTEMPATH/CodeIgniter.php(482): CodeIgniter\CodeIgniter->runController(Object(App\Controllers\Quest))
15 SYSTEMPATH/CodeIgniter.php(351): CodeIgniter\CodeIgniter->handleRequest(null, Object(Config\Cache), false)
16 FCPATH/index.php(67): CodeIgniter\CodeIgniter->run()
CRITICAL - 2023-10-09 07:41:29 --> fopen(/home/jedw/public_html/challenge/writable/session/ci_sessionwww.domain.co/endpoint?parametername=value/): failed to open stream: No such file or directory
in SYSTEMPATH/Session/Handlers/FileHandler.php on line 129.
 1 [internal function]: CodeIgniter\Debug\Exceptions->errorHandler(2, 'fopen(/home/jedw/public_html/challenge/writable/session/ci_sessionwww.domain.co/endpoint?parametername=value/): failed to open stream: No such file or directory', 'SYSTEMPATH/Session/Handlers/FileHandler.php', 129, [...])
 2 SYSTEMPATH/Session/Handlers/FileHandler.php(129): fopen('FCPATH/writable/session/ci_sessionwww.domain.co/endpoint?parametername=value/', 'c+b')
 3 [internal function]: CodeIgniter\Session\Handlers\FileHandler->read('www.domain.co/endpoint?parametername=value/')
 4 SYSTEMPATH/Session/Session.php(912): session_start()
 5 SYSTEMPATH/Session/Session.php(234): CodeIgniter\Session\Session->startSession()
 6 SYSTEMPATH/Config/Services.php(665): CodeIgniter\Session\Session->start()
 7 SYSTEMPATH/Config/BaseService.php(253): CodeIgniter\Config\Services::session(Object(Config\App), false)
 8 SYSTEMPATH/Config/BaseService.php(194): CodeIgniter\Config\BaseService::__callStatic('session', [...])
 9 SYSTEMPATH/Config/Services.php(637): CodeIgniter\Config\BaseService::getSharedInstance('session', null)
10 SYSTEMPATH/Config/BaseService.php(253): CodeIgniter\Config\Services::session()
11 APPPATH/Controllers/BaseController.php(118): CodeIgniter\Config\BaseService::__callStatic('Session', [])
12 APPPATH/Controllers/Quest.php(70): App\Controllers\BaseController->startSession()
13 SYSTEMPATH/CodeIgniter.php(927): App\Controllers\Quest->getriddle()
14 SYSTEMPATH/CodeIgniter.php(482): CodeIgniter\CodeIgniter->runController(Object(App\Controllers\Quest))
15 SYSTEMPATH/CodeIgniter.php(351): CodeIgniter\CodeIgniter->handleRequest(null, Object(Config\Cache), false)
16 FCPATH/index.php(67): CodeIgniter\CodeIgniter->run()
CRITICAL - 2023-10-09 07:41:34 --> fopen(/home/jedw/public_html/challenge/writable/session/ci_sessionwww.domain.co/endpoint?parametername=value/): failed to open stream: No such file or directory
in SYSTEMPATH/Session/Handlers/FileHandler.php on line 129.
 1 [internal function]: CodeIgniter\Debug\Exceptions->errorHandler(2, 'fopen(/home/jedw/public_html/challenge/writable/session/ci_sessionwww.domain.co/endpoint?parametername=value/): failed to open stream: No such file or directory', 'SYSTEMPATH/Session/Handlers/FileHandler.php', 129, [...])
 2 SYSTEMPATH/Session/Handlers/FileHandler.php(129): fopen('FCPATH/writable/session/ci_sessionwww.domain.co/endpoint?parametername=value/', 'c+b')
 3 [internal function]: CodeIgniter\Session\Handlers\FileHandler->read('www.domain.co/endpoint?parametername=value/')
 4 SYSTEMPATH/Session/Session.php(912): session_start()
 5 SYSTEMPATH/Session/Session.php(234): CodeIgniter\Session\Session->startSession()
 6 SYSTEMPATH/Config/Services.php(665): CodeIgniter\Session\Session->start()
 7 SYSTEMPATH/Config/BaseService.php(253): CodeIgniter\Config\Services::session(Object(Config\App), false)
 8 SYSTEMPATH/Config/BaseService.php(194): CodeIgniter\Config\BaseService::__callStatic('session', [...])
 9 SYSTEMPATH/Config/Services.php(637): CodeIgniter\Config\BaseService::getSharedInstance('session', null)
10 SYSTEMPATH/Config/BaseService.php(253): CodeIgniter\Config\Services::session()
11 APPPATH/Controllers/BaseController.php(118): CodeIgniter\Config\BaseService::__callStatic('Session', [])
12 APPPATH/Controllers/Quest.php(70): App\Controllers\BaseController->startSession()
13 SYSTEMPATH/CodeIgniter.php(927): App\Controllers\Quest->getriddle()
14 SYSTEMPATH/CodeIgniter.php(482): CodeIgniter\CodeIgniter->runController(Object(App\Controllers\Quest))
15 SYSTEMPATH/CodeIgniter.php(351): CodeIgniter\CodeIgniter->handleRequest(null, Object(Config\Cache), false)
16 FCPATH/index.php(67): CodeIgniter\CodeIgniter->run()
CRITICAL - 2023-10-09 07:41:45 --> fopen(/home/jedw/public_html/challenge/writable/session/ci_sessionwww.domain.co/endpoint?parametername=value/ed7781243e02d4c3e671161ddd6ec45c913ab9d2): failed to open stream: No such file or directory
in SYSTEMPATH/Session/Handlers/FileHandler.php on line 129.
 1 [internal function]: CodeIgniter\Debug\Exceptions->errorHandler(2, 'fopen(/home/jedw/public_html/challenge/writable/session/ci_sessionwww.domain.co/endpoint?parametername=value/ed7781243e02d4c3e671161ddd6ec45c913ab9d2): failed to open stream: No such file or directory', 'SYSTEMPATH/Session/Handlers/FileHandler.php', 129, [...])
 2 SYSTEMPATH/Session/Handlers/FileHandler.php(129): fopen('FCPATH/writable/session/ci_sessionwww.domain.co/endpoint?parametername=value/ed7781243e02d4c3e671161ddd6ec45c913ab9d2', 'c+b')
 3 [internal function]: CodeIgniter\Session\Handlers\FileHandler->read('www.domain.co/endpoint?parametername=value/ed7781243e02d4c3e671161ddd6ec45c913ab9d2')
 4 SYSTEMPATH/Session/Session.php(912): session_start()
 5 SYSTEMPATH/Session/Session.php(234): CodeIgniter\Session\Session->startSession()
 6 SYSTEMPATH/Config/Services.php(665): CodeIgniter\Session\Session->start()
 7 SYSTEMPATH/Config/BaseService.php(253): CodeIgniter\Config\Services::session(Object(Config\App), false)
 8 SYSTEMPATH/Config/BaseService.php(194): CodeIgniter\Config\BaseService::__callStatic('session', [...])
 9 SYSTEMPATH/Config/Services.php(637): CodeIgniter\Config\BaseService::getSharedInstance('session', null)
10 SYSTEMPATH/Config/BaseService.php(253): CodeIgniter\Config\Services::session()
11 APPPATH/Controllers/BaseController.php(118): CodeIgniter\Config\BaseService::__callStatic('Session', [])
12 APPPATH/Controllers/Quest.php(70): App\Controllers\BaseController->startSession()
13 SYSTEMPATH/CodeIgniter.php(927): App\Controllers\Quest->getriddle()
14 SYSTEMPATH/CodeIgniter.php(482): CodeIgniter\CodeIgniter->runController(Object(App\Controllers\Quest))
15 SYSTEMPATH/CodeIgniter.php(351): CodeIgniter\CodeIgniter->handleRequest(null, Object(Config\Cache), false)
16 FCPATH/index.php(67): CodeIgniter\CodeIgniter->run()
CRITICAL - 2023-10-09 07:42:10 --> fopen(/home/jedw/public_html/challenge/writable/session/ci_sessionwww.domain.co/endpoint?parametername=value/): failed to open stream: No such file or directory
in SYSTEMPATH/Session/Handlers/FileHandler.php on line 129.
 1 [internal function]: CodeIgniter\Debug\Exceptions->errorHandler(2, 'fopen(/home/jedw/public_html/challenge/writable/session/ci_sessionwww.domain.co/endpoint?parametername=value/): failed to open stream: No such file or directory', 'SYSTEMPATH/Session/Handlers/FileHandler.php', 129, [...])
 2 SYSTEMPATH/Session/Handlers/FileHandler.php(129): fopen('FCPATH/writable/session/ci_sessionwww.domain.co/endpoint?parametername=value/', 'c+b')
 3 [internal function]: CodeIgniter\Session\Handlers\FileHandler->read('www.domain.co/endpoint?parametername=value/')
 4 SYSTEMPATH/Session/Session.php(912): session_start()
 5 SYSTEMPATH/Session/Session.php(234): CodeIgniter\Session\Session->startSession()
 6 SYSTEMPATH/Config/Services.php(665): CodeIgniter\Session\Session->start()
 7 SYSTEMPATH/Config/BaseService.php(253): CodeIgniter\Config\Services::session(Object(Config\App), false)
 8 SYSTEMPATH/Config/BaseService.php(194): CodeIgniter\Config\BaseService::__callStatic('session', [...])
 9 SYSTEMPATH/Config/Services.php(637): CodeIgniter\Config\BaseService::getSharedInstance('session', null)
10 SYSTEMPATH/Config/BaseService.php(253): CodeIgniter\Config\Services::session()
11 APPPATH/Controllers/BaseController.php(118): CodeIgniter\Config\BaseService::__callStatic('Session', [])
12 APPPATH/Controllers/Quest.php(70): App\Controllers\BaseController->startSession()
13 SYSTEMPATH/CodeIgniter.php(927): App\Controllers\Quest->getriddle()
14 SYSTEMPATH/CodeIgniter.php(482): CodeIgniter\CodeIgniter->runController(Object(App\Controllers\Quest))
15 SYSTEMPATH/CodeIgniter.php(351): CodeIgniter\CodeIgniter->handleRequest(null, Object(Config\Cache), false)
16 FCPATH/index.php(67): CodeIgniter\CodeIgniter->run()
CRITICAL - 2023-10-09 09:28:26 --> fopen(/home/jedw/public_html/challenge/writable/session/ci_sessionstartquest/): failed to open stream: Is a directory
in SYSTEMPATH/Session/Handlers/FileHandler.php on line 129.
 1 [internal function]: CodeIgniter\Debug\Exceptions->errorHandler(2, 'fopen(/home/jedw/public_html/challenge/writable/session/ci_sessionstartquest/): failed to open stream: Is a directory', 'SYSTEMPATH/Session/Handlers/FileHandler.php', 129, [...])
 2 SYSTEMPATH/Session/Handlers/FileHandler.php(129): fopen('FCPATH/writable/session/ci_sessionstartquest/', 'c+b')
 3 [internal function]: CodeIgniter\Session\Handlers\FileHandler->read('startquest/')
 4 SYSTEMPATH/Session/Session.php(912): session_start()
 5 SYSTEMPATH/Session/Session.php(234): CodeIgniter\Session\Session->startSession()
 6 SYSTEMPATH/Config/Services.php(665): CodeIgniter\Session\Session->start()
 7 SYSTEMPATH/Config/BaseService.php(253): CodeIgniter\Config\Services::session(Object(Config\App), false)
 8 SYSTEMPATH/Config/BaseService.php(194): CodeIgniter\Config\BaseService::__callStatic('session', [...])
 9 SYSTEMPATH/Config/Services.php(637): CodeIgniter\Config\BaseService::getSharedInstance('session', null)
10 SYSTEMPATH/Config/BaseService.php(253): CodeIgniter\Config\Services::session()
11 APPPATH/Controllers/BaseController.php(118): CodeIgniter\Config\BaseService::__callStatic('Session', [])
12 APPPATH/Controllers/Quest.php(52): App\Controllers\BaseController->startSession()
13 SYSTEMPATH/CodeIgniter.php(927): App\Controllers\Quest->startquest('getriddle')
14 SYSTEMPATH/CodeIgniter.php(482): CodeIgniter\CodeIgniter->runController(Object(App\Controllers\Quest))
15 SYSTEMPATH/CodeIgniter.php(351): CodeIgniter\CodeIgniter->handleRequest(null, Object(Config\Cache), false)
16 FCPATH/index.php(67): CodeIgniter\CodeIgniter->run()
CRITICAL - 2023-10-09 14:17:45 --> fopen(/home/jedw/public_html/challenge/writable/session/ci_session/61f05624b85aba05c74215704ecac03ce4976456): failed to open stream: No such file or directory
in SYSTEMPATH/Session/Handlers/FileHandler.php on line 129.
 1 [internal function]: CodeIgniter\Debug\Exceptions->errorHandler(2, 'fopen(/home/jedw/public_html/challenge/writable/session/ci_session/61f05624b85aba05c74215704ecac03ce4976456): failed to open stream: No such file or directory', 'SYSTEMPATH/Session/Handlers/FileHandler.php', 129, [...])
 2 SYSTEMPATH/Session/Handlers/FileHandler.php(129): fopen('FCPATH/writable/session/ci_session/61f05624b85aba05c74215704ecac03ce4976456', 'c+b')
 3 [internal function]: CodeIgniter\Session\Handlers\FileHandler->read('/61f05624b85aba05c74215704ecac03ce4976456')
 4 SYSTEMPATH/Session/Session.php(912): session_start()
 5 SYSTEMPATH/Session/Session.php(234): CodeIgniter\Session\Session->startSession()
 6 SYSTEMPATH/Config/Services.php(665): CodeIgniter\Session\Session->start()
 7 SYSTEMPATH/Config/BaseService.php(253): CodeIgniter\Config\Services::session(Object(Config\App), false)
 8 SYSTEMPATH/Config/BaseService.php(194): CodeIgniter\Config\BaseService::__callStatic('session', [...])
 9 SYSTEMPATH/Config/Services.php(637): CodeIgniter\Config\BaseService::getSharedInstance('session', null)
10 SYSTEMPATH/Config/BaseService.php(253): CodeIgniter\Config\Services::session()
11 APPPATH/Controllers/BaseController.php(118): CodeIgniter\Config\BaseService::__callStatic('Session', [])
12 APPPATH/Controllers/Quest.php(70): App\Controllers\BaseController->startSession()
13 SYSTEMPATH/CodeIgniter.php(927): App\Controllers\Quest->getriddle()
14 SYSTEMPATH/CodeIgniter.php(482): CodeIgniter\CodeIgniter->runController(Object(App\Controllers\Quest))
15 SYSTEMPATH/CodeIgniter.php(351): CodeIgniter\CodeIgniter->handleRequest(null, Object(Config\Cache), false)
16 FCPATH/index.php(67): CodeIgniter\CodeIgniter->run()
ERROR - 2023-10-09 14:46:22 --> mysqli_sql_exception: Column 'session' cannot be null in /home/jedw/public_html/challenge/system/Database/MySQLi/Connection.php:292
Stack trace:
#0 /home/jedw/public_html/challenge/system/Database/MySQLi/Connection.php(292): mysqli->query('REPLACE INTO `q...', 0)
#1 /home/jedw/public_html/challenge/system/Database/BaseConnection.php(666): CodeIgniter\Database\MySQLi\Connection->execute('REPLACE INTO `q...')
#2 /home/jedw/public_html/challenge/system/Database/BaseConnection.php(593): CodeIgniter\Database\BaseConnection->simpleQuery('REPLACE INTO `q...')
#3 /home/jedw/public_html/challenge/system/Database/BaseBuilder.php(2002): CodeIgniter\Database\BaseConnection->query('REPLACE INTO `q...', Array, false)
#4 /home/jedw/public_html/challenge/system/Model.php(439): CodeIgniter\Database\BaseBuilder->replace(Array)
#5 /home/jedw/public_html/challenge/system/BaseModel.php(1059): CodeIgniter\Model->doReplace(Array, false)
#6 /home/jedw/public_html/challenge/app/Controllers/BaseController.php(99): CodeIgniter\BaseModel->replace(Array)
#7 /home/jedw/public_html/challenge/app/Controllers/Quest.php(163): App\Controllers\BaseController->questsessiontodb()
#8 /home/jedw/public_html/challenge/system/CodeIgniter.php(927): App\Controllers\Quest->endquest()
#9 /home/jedw/public_html/challenge/system/CodeIgniter.php(482): CodeIgniter\CodeIgniter->runController(Object(App\Controllers\Quest))
#10 /home/jedw/public_html/challenge/system/CodeIgniter.php(351): CodeIgniter\CodeIgniter->handleRequest(NULL, Object(Config\Cache), false)
#11 /home/jedw/public_html/challenge/index.php(67): CodeIgniter\CodeIgniter->run()
#12 {main}
CRITICAL - 2023-10-09 14:46:22 --> session_id(): Cannot change session id when session is active
in APPPATH/Controllers/BaseController.php on line 116.
 1 [internal function]: CodeIgniter\Debug\Exceptions->errorHandler(2, 'session_id(): Cannot change session id when session is active', 'APPPATH/Controllers/BaseController.php', 116, [])
 2 APPPATH/Controllers/BaseController.php(116): session_id('61f05624b85aba05c74215704ecac03ce4976456')
 3 APPPATH/Controllers/Quest.php(164): App\Controllers\BaseController->startSession()
 4 SYSTEMPATH/CodeIgniter.php(927): App\Controllers\Quest->endquest()
 5 SYSTEMPATH/CodeIgniter.php(482): CodeIgniter\CodeIgniter->runController(Object(App\Controllers\Quest))
 6 SYSTEMPATH/CodeIgniter.php(351): CodeIgniter\CodeIgniter->handleRequest(null, Object(Config\Cache), false)
 7 FCPATH/index.php(67): CodeIgniter\CodeIgniter->run()
ERROR - 2023-10-09 14:46:28 --> mysqli_sql_exception: Column 'session' cannot be null in /home/jedw/public_html/challenge/system/Database/MySQLi/Connection.php:292
Stack trace:
#0 /home/jedw/public_html/challenge/system/Database/MySQLi/Connection.php(292): mysqli->query('REPLACE INTO `q...', 0)
#1 /home/jedw/public_html/challenge/system/Database/BaseConnection.php(666): CodeIgniter\Database\MySQLi\Connection->execute('REPLACE INTO `q...')
#2 /home/jedw/public_html/challenge/system/Database/BaseConnection.php(593): CodeIgniter\Database\BaseConnection->simpleQuery('REPLACE INTO `q...')
#3 /home/jedw/public_html/challenge/system/Database/BaseBuilder.php(2002): CodeIgniter\Database\BaseConnection->query('REPLACE INTO `q...', Array, false)
#4 /home/jedw/public_html/challenge/system/Model.php(439): CodeIgniter\Database\BaseBuilder->replace(Array)
#5 /home/jedw/public_html/challenge/system/BaseModel.php(1059): CodeIgniter\Model->doReplace(Array, false)
#6 /home/jedw/public_html/challenge/app/Controllers/BaseController.php(99): CodeIgniter\BaseModel->replace(Array)
#7 /home/jedw/public_html/challenge/app/Controllers/Quest.php(163): App\Controllers\BaseController->questsessiontodb()
#8 /home/jedw/public_html/challenge/system/CodeIgniter.php(927): App\Controllers\Quest->endquest()
#9 /home/jedw/public_html/challenge/system/CodeIgniter.php(482): CodeIgniter\CodeIgniter->runController(Object(App\Controllers\Quest))
#10 /home/jedw/public_html/challenge/system/CodeIgniter.php(351): CodeIgniter\CodeIgniter->handleRequest(NULL, Object(Config\Cache), false)
#11 /home/jedw/public_html/challenge/index.php(67): CodeIgniter\CodeIgniter->run()
#12 {main}
CRITICAL - 2023-10-09 14:46:28 --> session_id(): Cannot change session id when session is active
in APPPATH/Controllers/BaseController.php on line 116.
 1 [internal function]: CodeIgniter\Debug\Exceptions->errorHandler(2, 'session_id(): Cannot change session id when session is active', 'APPPATH/Controllers/BaseController.php', 116, [])
 2 APPPATH/Controllers/BaseController.php(116): session_id('61f05624b85aba05c74215704ecac03ce4976456')
 3 APPPATH/Controllers/Quest.php(164): App\Controllers\BaseController->startSession()
 4 SYSTEMPATH/CodeIgniter.php(927): App\Controllers\Quest->endquest()
 5 SYSTEMPATH/CodeIgniter.php(482): CodeIgniter\CodeIgniter->runController(Object(App\Controllers\Quest))
 6 SYSTEMPATH/CodeIgniter.php(351): CodeIgniter\CodeIgniter->handleRequest(null, Object(Config\Cache), false)
 7 FCPATH/index.php(67): CodeIgniter\CodeIgniter->run()
ERROR - 2023-10-09 14:46:47 --> mysqli_sql_exception: Column 'session' cannot be null in /home/jedw/public_html/challenge/system/Database/MySQLi/Connection.php:292
Stack trace:
#0 /home/jedw/public_html/challenge/system/Database/MySQLi/Connection.php(292): mysqli->query('REPLACE INTO `q...', 0)
#1 /home/jedw/public_html/challenge/system/Database/BaseConnection.php(666): CodeIgniter\Database\MySQLi\Connection->execute('REPLACE INTO `q...')
#2 /home/jedw/public_html/challenge/system/Database/BaseConnection.php(593): CodeIgniter\Database\BaseConnection->simpleQuery('REPLACE INTO `q...')
#3 /home/jedw/public_html/challenge/system/Database/BaseBuilder.php(2002): CodeIgniter\Database\BaseConnection->query('REPLACE INTO `q...', Array, false)
#4 /home/jedw/public_html/challenge/system/Model.php(439): CodeIgniter\Database\BaseBuilder->replace(Array)
#5 /home/jedw/public_html/challenge/system/BaseModel.php(1059): CodeIgniter\Model->doReplace(Array, false)
#6 /home/jedw/public_html/challenge/app/Controllers/BaseController.php(99): CodeIgniter\BaseModel->replace(Array)
#7 /home/jedw/public_html/challenge/app/Controllers/Quest.php(163): App\Controllers\BaseController->questsessiontodb()
#8 /home/jedw/public_html/challenge/system/CodeIgniter.php(927): App\Controllers\Quest->endquest()
#9 /home/jedw/public_html/challenge/system/CodeIgniter.php(482): CodeIgniter\CodeIgniter->runController(Object(App\Controllers\Quest))
#10 /home/jedw/public_html/challenge/system/CodeIgniter.php(351): CodeIgniter\CodeIgniter->handleRequest(NULL, Object(Config\Cache), false)
#11 /home/jedw/public_html/challenge/index.php(67): CodeIgniter\CodeIgniter->run()
#12 {main}
CRITICAL - 2023-10-09 14:46:47 --> session_id(): Cannot change session id when session is active
in APPPATH/Controllers/BaseController.php on line 116.
 1 [internal function]: CodeIgniter\Debug\Exceptions->errorHandler(2, 'session_id(): Cannot change session id when session is active', 'APPPATH/Controllers/BaseController.php', 116, [])
 2 APPPATH/Controllers/BaseController.php(116): session_id('61f05624b85aba05c74215704ecac03ce4976456')
 3 APPPATH/Controllers/Quest.php(164): App\Controllers\BaseController->startSession()
 4 SYSTEMPATH/CodeIgniter.php(927): App\Controllers\Quest->endquest()
 5 SYSTEMPATH/CodeIgniter.php(482): CodeIgniter\CodeIgniter->runController(Object(App\Controllers\Quest))
 6 SYSTEMPATH/CodeIgniter.php(351): CodeIgniter\CodeIgniter->handleRequest(null, Object(Config\Cache), false)
 7 FCPATH/index.php(67): CodeIgniter\CodeIgniter->run()
ERROR - 2023-10-09 14:46:48 --> mysqli_sql_exception: Column 'session' cannot be null in /home/jedw/public_html/challenge/system/Database/MySQLi/Connection.php:292
Stack trace:
#0 /home/jedw/public_html/challenge/system/Database/MySQLi/Connection.php(292): mysqli->query('REPLACE INTO `q...', 0)
#1 /home/jedw/public_html/challenge/system/Database/BaseConnection.php(666): CodeIgniter\Database\MySQLi\Connection->execute('REPLACE INTO `q...')
#2 /home/jedw/public_html/challenge/system/Database/BaseConnection.php(593): CodeIgniter\Database\BaseConnection->simpleQuery('REPLACE INTO `q...')
#3 /home/jedw/public_html/challenge/system/Database/BaseBuilder.php(2002): CodeIgniter\Database\BaseConnection->query('REPLACE INTO `q...', Array, false)
#4 /home/jedw/public_html/challenge/system/Model.php(439): CodeIgniter\Database\BaseBuilder->replace(Array)
#5 /home/jedw/public_html/challenge/system/BaseModel.php(1059): CodeIgniter\Model->doReplace(Array, false)
#6 /home/jedw/public_html/challenge/app/Controllers/BaseController.php(99): CodeIgniter\BaseModel->replace(Array)
#7 /home/jedw/public_html/challenge/app/Controllers/Quest.php(163): App\Controllers\BaseController->questsessiontodb()
#8 /home/jedw/public_html/challenge/system/CodeIgniter.php(927): App\Controllers\Quest->endquest()
#9 /home/jedw/public_html/challenge/system/CodeIgniter.php(482): CodeIgniter\CodeIgniter->runController(Object(App\Controllers\Quest))
#10 /home/jedw/public_html/challenge/system/CodeIgniter.php(351): CodeIgniter\CodeIgniter->handleRequest(NULL, Object(Config\Cache), false)
#11 /home/jedw/public_html/challenge/index.php(67): CodeIgniter\CodeIgniter->run()
#12 {main}
CRITICAL - 2023-10-09 14:46:48 --> session_id(): Cannot change session id when session is active
in APPPATH/Controllers/BaseController.php on line 116.
 1 [internal function]: CodeIgniter\Debug\Exceptions->errorHandler(2, 'session_id(): Cannot change session id when session is active', 'APPPATH/Controllers/BaseController.php', 116, [])
 2 APPPATH/Controllers/BaseController.php(116): session_id('61f05624b85aba05c74215704ecac03ce4976456')
 3 APPPATH/Controllers/Quest.php(164): App\Controllers\BaseController->startSession()
 4 SYSTEMPATH/CodeIgniter.php(927): App\Controllers\Quest->endquest()
 5 SYSTEMPATH/CodeIgniter.php(482): CodeIgniter\CodeIgniter->runController(Object(App\Controllers\Quest))
 6 SYSTEMPATH/CodeIgniter.php(351): CodeIgniter\CodeIgniter->handleRequest(null, Object(Config\Cache), false)
 7 FCPATH/index.php(67): CodeIgniter\CodeIgniter->run()
ERROR - 2023-10-09 14:46:49 --> mysqli_sql_exception: Column 'session' cannot be null in /home/jedw/public_html/challenge/system/Database/MySQLi/Connection.php:292
Stack trace:
#0 /home/jedw/public_html/challenge/system/Database/MySQLi/Connection.php(292): mysqli->query('REPLACE INTO `q...', 0)
#1 /home/jedw/public_html/challenge/system/Database/BaseConnection.php(666): CodeIgniter\Database\MySQLi\Connection->execute('REPLACE INTO `q...')
#2 /home/jedw/public_html/challenge/system/Database/BaseConnection.php(593): CodeIgniter\Database\BaseConnection->simpleQuery('REPLACE INTO `q...')
#3 /home/jedw/public_html/challenge/system/Database/BaseBuilder.php(2002): CodeIgniter\Database\BaseConnection->query('REPLACE INTO `q...', Array, false)
#4 /home/jedw/public_html/challenge/system/Model.php(439): CodeIgniter\Database\BaseBuilder->replace(Array)
#5 /home/jedw/public_html/challenge/system/BaseModel.php(1059): CodeIgniter\Model->doReplace(Array, false)
#6 /home/jedw/public_html/challenge/app/Controllers/BaseController.php(99): CodeIgniter\BaseModel->replace(Array)
#7 /home/jedw/public_html/challenge/app/Controllers/Quest.php(163): App\Controllers\BaseController->questsessiontodb()
#8 /home/jedw/public_html/challenge/system/CodeIgniter.php(927): App\Controllers\Quest->endquest()
#9 /home/jedw/public_html/challenge/system/CodeIgniter.php(482): CodeIgniter\CodeIgniter->runController(Object(App\Controllers\Quest))
#10 /home/jedw/public_html/challenge/system/CodeIgniter.php(351): CodeIgniter\CodeIgniter->handleRequest(NULL, Object(Config\Cache), false)
#11 /home/jedw/public_html/challenge/index.php(67): CodeIgniter\CodeIgniter->run()
#12 {main}
ERROR - 2023-10-09 14:48:14 --> mysqli_sql_exception: Column 'player' cannot be null in /home/jedw/public_html/challenge/system/Database/MySQLi/Connection.php:292
Stack trace:
#0 /home/jedw/public_html/challenge/system/Database/MySQLi/Connection.php(292): mysqli->query('INSERT INTO `qh...', 0)
#1 /home/jedw/public_html/challenge/system/Database/BaseConnection.php(666): CodeIgniter\Database\MySQLi\Connection->execute('INSERT INTO `qh...')
#2 /home/jedw/public_html/challenge/system/Database/BaseConnection.php(593): CodeIgniter\Database\BaseConnection->simpleQuery('INSERT INTO `qh...')
#3 /home/jedw/public_html/challenge/system/Database/BaseBuilder.php(1916): CodeIgniter\Database\BaseConnection->query('INSERT INTO `qh...', Array, false)
#4 /home/jedw/public_html/challenge/system/Model.php(279): CodeIgniter\Database\BaseBuilder->insert()
#5 /home/jedw/public_html/challenge/system/BaseModel.php(749): CodeIgniter\Model->doInsert(Array)
#6 /home/jedw/public_html/challenge/system/Model.php(667): CodeIgniter\BaseModel->insert(Array, true)
#7 /home/jedw/public_html/challenge/app/Controllers/Quest.php(191): CodeIgniter\Model->insert(Array)
#8 /home/jedw/public_html/challenge/system/CodeIgniter.php(927): App\Controllers\Quest->submithighscore()
#9 /home/jedw/public_html/challenge/system/CodeIgniter.php(482): CodeIgniter\CodeIgniter->runController(Object(App\Controllers\Quest))
#10 /home/jedw/public_html/challenge/system/CodeIgniter.php(351): CodeIgniter\CodeIgniter->handleRequest(NULL, Object(Config\Cache), false)
#11 /home/jedw/public_html/challenge/index.php(67): CodeIgniter\CodeIgniter->run()
#12 {main}
