CRITICAL - 2023-06-09 08:52:17 --> Invalid file: scorepanel.php
in SYSTEMPATH/Exceptions/FrameworkException.php on line 33.
 1 SYSTEMPATH/View/View.php(201): CodeIgniter\Exceptions\FrameworkException::forInvalidFile('scorepanel.php')
 2 SYSTEMPATH/Common.php(1134): CodeIgniter\View\View->render('scorepanel', [], true)
 3 APPPATH/Controllers/Leaderboard.php(17): view('scorepanel')
 4 SYSTEMPATH/CodeIgniter.php(927): App\Controllers\Leaderboard->scorepanel()
 5 SYSTEMPATH/CodeIgniter.php(482): CodeIgniter\CodeIgniter->runController(Object(App\Controllers\Leaderboard))
 6 SYSTEMPATH/CodeIgniter.php(351): CodeIgniter\CodeIgniter->handleRequest(null, Object(Config\Cache), false)
 7 FCPATH/index.php(67): CodeIgniter\CodeIgniter->run()
CRITICAL - 2023-06-09 09:16:22 --> Undefined variable: LeaderboardModel
in APPPATH/Controllers/Leaderboard.php on line 24.
 1 APPPATH/Controllers/Leaderboard.php(24): CodeIgniter\Debug\Exceptions->errorHandler(8, 'Undefined variable: LeaderboardModel', 'APPPATH/Controllers/Leaderboard.php', 24, [...])
 2 SYSTEMPATH/CodeIgniter.php(927): App\Controllers\Leaderboard->addtoscore()
 3 SYSTEMPATH/CodeIgniter.php(482): CodeIgniter\CodeIgniter->runController(Object(App\Controllers\Leaderboard))
 4 SYSTEMPATH/CodeIgniter.php(351): CodeIgniter\CodeIgniter->handleRequest(null, Object(Config\Cache), false)
 5 FCPATH/index.php(67): CodeIgniter\CodeIgniter->run()
CRITICAL - 2023-06-09 09:17:06 --> Undefined variable: LeaderboardModel
in APPPATH/Controllers/Leaderboard.php on line 24.
 1 APPPATH/Controllers/Leaderboard.php(24): CodeIgniter\Debug\Exceptions->errorHandler(8, 'Undefined variable: LeaderboardModel', 'APPPATH/Controllers/Leaderboard.php', 24, [...])
 2 SYSTEMPATH/CodeIgniter.php(927): App\Controllers\Leaderboard->addtoscore()
 3 SYSTEMPATH/CodeIgniter.php(482): CodeIgniter\CodeIgniter->runController(Object(App\Controllers\Leaderboard))
 4 SYSTEMPATH/CodeIgniter.php(351): CodeIgniter\CodeIgniter->handleRequest(null, Object(Config\Cache), false)
 5 FCPATH/index.php(67): CodeIgniter\CodeIgniter->run()
CRITICAL - 2023-06-09 09:17:14 --> Undefined variable: LeaderboardModel
in APPPATH/Controllers/Leaderboard.php on line 24.
 1 APPPATH/Controllers/Leaderboard.php(24): CodeIgniter\Debug\Exceptions->errorHandler(8, 'Undefined variable: LeaderboardModel', 'APPPATH/Controllers/Leaderboard.php', 24, [...])
 2 SYSTEMPATH/CodeIgniter.php(927): App\Controllers\Leaderboard->addtoscore()
 3 SYSTEMPATH/CodeIgniter.php(482): CodeIgniter\CodeIgniter->runController(Object(App\Controllers\Leaderboard))
 4 SYSTEMPATH/CodeIgniter.php(351): CodeIgniter\CodeIgniter->handleRequest(null, Object(Config\Cache), false)
 5 FCPATH/index.php(67): CodeIgniter\CodeIgniter->run()
CRITICAL - 2023-06-09 09:20:55 --> Undefined variable: LeaderboardModel
in APPPATH/Controllers/Leaderboard.php on line 24.
 1 APPPATH/Controllers/Leaderboard.php(24): CodeIgniter\Debug\Exceptions->errorHandler(8, 'Undefined variable: LeaderboardModel', 'APPPATH/Controllers/Leaderboard.php', 24, [...])
 2 SYSTEMPATH/CodeIgniter.php(927): App\Controllers\Leaderboard->addtoscore()
 3 SYSTEMPATH/CodeIgniter.php(482): CodeIgniter\CodeIgniter->runController(Object(App\Controllers\Leaderboard))
 4 SYSTEMPATH/CodeIgniter.php(351): CodeIgniter\CodeIgniter->handleRequest(null, Object(Config\Cache), false)
 5 FCPATH/index.php(67): CodeIgniter\CodeIgniter->run()
CRITICAL - 2023-06-09 09:20:59 --> Undefined variable: LeaderboardModel
in APPPATH/Controllers/Leaderboard.php on line 24.
 1 APPPATH/Controllers/Leaderboard.php(24): CodeIgniter\Debug\Exceptions->errorHandler(8, 'Undefined variable: LeaderboardModel', 'APPPATH/Controllers/Leaderboard.php', 24, [...])
 2 SYSTEMPATH/CodeIgniter.php(927): App\Controllers\Leaderboard->addtoscore()
 3 SYSTEMPATH/CodeIgniter.php(482): CodeIgniter\CodeIgniter->runController(Object(App\Controllers\Leaderboard))
 4 SYSTEMPATH/CodeIgniter.php(351): CodeIgniter\CodeIgniter->handleRequest(null, Object(Config\Cache), false)
 5 FCPATH/index.php(67): CodeIgniter\CodeIgniter->run()
CRITICAL - 2023-06-09 09:21:03 --> Undefined variable: LeaderboardModel
in APPPATH/Controllers/Leaderboard.php on line 24.
 1 APPPATH/Controllers/Leaderboard.php(24): CodeIgniter\Debug\Exceptions->errorHandler(8, 'Undefined variable: LeaderboardModel', 'APPPATH/Controllers/Leaderboard.php', 24, [...])
 2 SYSTEMPATH/CodeIgniter.php(927): App\Controllers\Leaderboard->addtoscore()
 3 SYSTEMPATH/CodeIgniter.php(482): CodeIgniter\CodeIgniter->runController(Object(App\Controllers\Leaderboard))
 4 SYSTEMPATH/CodeIgniter.php(351): CodeIgniter\CodeIgniter->handleRequest(null, Object(Config\Cache), false)
 5 FCPATH/index.php(67): CodeIgniter\CodeIgniter->run()
CRITICAL - 2023-06-09 09:21:49 --> Undefined variable: LeaderboardModel
in APPPATH/Controllers/Leaderboard.php on line 24.
 1 APPPATH/Controllers/Leaderboard.php(24): CodeIgniter\Debug\Exceptions->errorHandler(8, 'Undefined variable: LeaderboardModel', 'APPPATH/Controllers/Leaderboard.php', 24, [...])
 2 SYSTEMPATH/CodeIgniter.php(927): App\Controllers\Leaderboard->addtoscore()
 3 SYSTEMPATH/CodeIgniter.php(482): CodeIgniter\CodeIgniter->runController(Object(App\Controllers\Leaderboard))
 4 SYSTEMPATH/CodeIgniter.php(351): CodeIgniter\CodeIgniter->handleRequest(null, Object(Config\Cache), false)
 5 FCPATH/index.php(67): CodeIgniter\CodeIgniter->run()
CRITICAL - 2023-06-09 09:30:16 --> Undefined variable: LeaderboardModel
in APPPATH/Controllers/Leaderboard.php on line 25.
 1 APPPATH/Controllers/Leaderboard.php(25): CodeIgniter\Debug\Exceptions->errorHandler(8, 'Undefined variable: LeaderboardModel', 'APPPATH/Controllers/Leaderboard.php', 25, [...])
 2 SYSTEMPATH/CodeIgniter.php(927): App\Controllers\Leaderboard->addtoscore()
 3 SYSTEMPATH/CodeIgniter.php(482): CodeIgniter\CodeIgniter->runController(Object(App\Controllers\Leaderboard))
 4 SYSTEMPATH/CodeIgniter.php(351): CodeIgniter\CodeIgniter->handleRequest(null, Object(Config\Cache), false)
 5 FCPATH/index.php(67): CodeIgniter\CodeIgniter->run()
CRITICAL - 2023-06-09 09:32:38 --> Undefined variable: LeaderboardModel
in APPPATH/Controllers/Leaderboard.php on line 25.
 1 APPPATH/Controllers/Leaderboard.php(25): CodeIgniter\Debug\Exceptions->errorHandler(8, 'Undefined variable: LeaderboardModel', 'APPPATH/Controllers/Leaderboard.php', 25, [...])
 2 SYSTEMPATH/CodeIgniter.php(927): App\Controllers\Leaderboard->addtoscore()
 3 SYSTEMPATH/CodeIgniter.php(482): CodeIgniter\CodeIgniter->runController(Object(App\Controllers\Leaderboard))
 4 SYSTEMPATH/CodeIgniter.php(351): CodeIgniter\CodeIgniter->handleRequest(null, Object(Config\Cache), false)
 5 FCPATH/index.php(67): CodeIgniter\CodeIgniter->run()
CRITICAL - 2023-06-09 09:33:20 --> Allowed fields must be specified for model: App\Models\LeaderboardModel
in SYSTEMPATH/BaseModel.php on line 1160.
 1 SYSTEMPATH/BaseModel.php(1160): CodeIgniter\Database\Exceptions\DataException::forInvalidAllowedFields('App\\Models\\LeaderboardModel')
 2 SYSTEMPATH/BaseModel.php(862): CodeIgniter\BaseModel->doProtectFields([...])
 3 SYSTEMPATH/Model.php(693): CodeIgniter\BaseModel->update([...], [...])
 4 APPPATH/Controllers/Leaderboard.php(27): CodeIgniter\Model->update('leaderboard')
 5 SYSTEMPATH/CodeIgniter.php(927): App\Controllers\Leaderboard->addtoscore()
 6 SYSTEMPATH/CodeIgniter.php(482): CodeIgniter\CodeIgniter->runController(Object(App\Controllers\Leaderboard))
 7 SYSTEMPATH/CodeIgniter.php(351): CodeIgniter\CodeIgniter->handleRequest(null, Object(Config\Cache), false)
 8 FCPATH/index.php(67): CodeIgniter\CodeIgniter->run()
CRITICAL - 2023-06-09 09:37:12 --> Allowed fields must be specified for model: App\Models\LeaderboardModel
in SYSTEMPATH/BaseModel.php on line 1160.
 1 SYSTEMPATH/BaseModel.php(1160): CodeIgniter\Database\Exceptions\DataException::forInvalidAllowedFields('App\\Models\\LeaderboardModel')
 2 SYSTEMPATH/BaseModel.php(862): CodeIgniter\BaseModel->doProtectFields([...])
 3 SYSTEMPATH/Model.php(693): CodeIgniter\BaseModel->update(null, [...])
 4 APPPATH/Controllers/Leaderboard.php(27): CodeIgniter\Model->update()
 5 SYSTEMPATH/CodeIgniter.php(927): App\Controllers\Leaderboard->addtoscore()
 6 SYSTEMPATH/CodeIgniter.php(482): CodeIgniter\CodeIgniter->runController(Object(App\Controllers\Leaderboard))
 7 SYSTEMPATH/CodeIgniter.php(351): CodeIgniter\CodeIgniter->handleRequest(null, Object(Config\Cache), false)
 8 FCPATH/index.php(67): CodeIgniter\CodeIgniter->run()
CRITICAL - 2023-06-09 09:37:44 --> Allowed fields must be specified for model: App\Models\LeaderboardModel
in SYSTEMPATH/BaseModel.php on line 1160.
 1 SYSTEMPATH/BaseModel.php(1160): CodeIgniter\Database\Exceptions\DataException::forInvalidAllowedFields('App\\Models\\LeaderboardModel')
 2 SYSTEMPATH/BaseModel.php(862): CodeIgniter\BaseModel->doProtectFields([...])
 3 SYSTEMPATH/Model.php(693): CodeIgniter\BaseModel->update(null, [...])
 4 APPPATH/Controllers/Leaderboard.php(27): CodeIgniter\Model->update()
 5 SYSTEMPATH/CodeIgniter.php(927): App\Controllers\Leaderboard->addtoscore()
 6 SYSTEMPATH/CodeIgniter.php(482): CodeIgniter\CodeIgniter->runController(Object(App\Controllers\Leaderboard))
 7 SYSTEMPATH/CodeIgniter.php(351): CodeIgniter\CodeIgniter->handleRequest(null, Object(Config\Cache), false)
 8 FCPATH/index.php(67): CodeIgniter\CodeIgniter->run()
CRITICAL - 2023-06-09 09:40:49 --> Allowed fields must be specified for model: App\Models\LeaderboardModel
in SYSTEMPATH/BaseModel.php on line 1160.
 1 SYSTEMPATH/BaseModel.php(1160): CodeIgniter\Database\Exceptions\DataException::forInvalidAllowedFields('App\\Models\\LeaderboardModel')
 2 SYSTEMPATH/BaseModel.php(862): CodeIgniter\BaseModel->doProtectFields([...])
 3 SYSTEMPATH/Model.php(693): CodeIgniter\BaseModel->update(null, [...])
 4 APPPATH/Controllers/Leaderboard.php(27): CodeIgniter\Model->update()
 5 SYSTEMPATH/CodeIgniter.php(927): App\Controllers\Leaderboard->addtoscore()
 6 SYSTEMPATH/CodeIgniter.php(482): CodeIgniter\CodeIgniter->runController(Object(App\Controllers\Leaderboard))
 7 SYSTEMPATH/CodeIgniter.php(351): CodeIgniter\CodeIgniter->handleRequest(null, Object(Config\Cache), false)
 8 FCPATH/index.php(67): CodeIgniter\CodeIgniter->run()
CRITICAL - 2023-06-09 09:42:32 --> Allowed fields must be specified for model: App\Models\LeaderboardModel
in SYSTEMPATH/BaseModel.php on line 1160.
 1 SYSTEMPATH/BaseModel.php(1160): CodeIgniter\Database\Exceptions\DataException::forInvalidAllowedFields('App\\Models\\LeaderboardModel')
 2 SYSTEMPATH/BaseModel.php(862): CodeIgniter\BaseModel->doProtectFields([...])
 3 SYSTEMPATH/Model.php(693): CodeIgniter\BaseModel->update(null, [...])
 4 APPPATH/Controllers/Leaderboard.php(27): CodeIgniter\Model->update()
 5 SYSTEMPATH/CodeIgniter.php(927): App\Controllers\Leaderboard->addtoscore()
 6 SYSTEMPATH/CodeIgniter.php(482): CodeIgniter\CodeIgniter->runController(Object(App\Controllers\Leaderboard))
 7 SYSTEMPATH/CodeIgniter.php(351): CodeIgniter\CodeIgniter->handleRequest(null, Object(Config\Cache), false)
 8 FCPATH/index.php(67): CodeIgniter\CodeIgniter->run()
CRITICAL - 2023-06-09 09:43:03 --> Allowed fields must be specified for model: App\Models\LeaderboardModel
in SYSTEMPATH/BaseModel.php on line 1160.
 1 SYSTEMPATH/BaseModel.php(1160): CodeIgniter\Database\Exceptions\DataException::forInvalidAllowedFields('App\\Models\\LeaderboardModel')
 2 SYSTEMPATH/BaseModel.php(862): CodeIgniter\BaseModel->doProtectFields([...])
 3 SYSTEMPATH/Model.php(693): CodeIgniter\BaseModel->update(null, [...])
 4 APPPATH/Controllers/Leaderboard.php(27): CodeIgniter\Model->update()
 5 SYSTEMPATH/CodeIgniter.php(927): App\Controllers\Leaderboard->addtoscore()
 6 SYSTEMPATH/CodeIgniter.php(482): CodeIgniter\CodeIgniter->runController(Object(App\Controllers\Leaderboard))
 7 SYSTEMPATH/CodeIgniter.php(351): CodeIgniter\CodeIgniter->handleRequest(null, Object(Config\Cache), false)
 8 FCPATH/index.php(67): CodeIgniter\CodeIgniter->run()
CRITICAL - 2023-06-09 09:48:17 --> Allowed fields must be specified for model: App\Models\LeaderboardModel
in SYSTEMPATH/BaseModel.php on line 1160.
 1 SYSTEMPATH/BaseModel.php(1160): CodeIgniter\Database\Exceptions\DataException::forInvalidAllowedFields('App\\Models\\LeaderboardModel')
 2 SYSTEMPATH/BaseModel.php(862): CodeIgniter\BaseModel->doProtectFields([...])
 3 SYSTEMPATH/Model.php(693): CodeIgniter\BaseModel->update(null, [...])
 4 APPPATH/Controllers/Leaderboard.php(28): CodeIgniter\Model->update()
 5 SYSTEMPATH/CodeIgniter.php(927): App\Controllers\Leaderboard->addtoscore()
 6 SYSTEMPATH/CodeIgniter.php(482): CodeIgniter\CodeIgniter->runController(Object(App\Controllers\Leaderboard))
 7 SYSTEMPATH/CodeIgniter.php(351): CodeIgniter\CodeIgniter->handleRequest(null, Object(Config\Cache), false)
 8 FCPATH/index.php(67): CodeIgniter\CodeIgniter->run()
CRITICAL - 2023-06-09 09:50:14 --> Allowed fields must be specified for model: App\Models\LeaderboardModel
in SYSTEMPATH/BaseModel.php on line 1160.
 1 SYSTEMPATH/BaseModel.php(1160): CodeIgniter\Database\Exceptions\DataException::forInvalidAllowedFields('App\\Models\\LeaderboardModel')
 2 SYSTEMPATH/BaseModel.php(862): CodeIgniter\BaseModel->doProtectFields([...])
 3 SYSTEMPATH/Model.php(693): CodeIgniter\BaseModel->update(null, [...])
 4 APPPATH/Controllers/Leaderboard.php(28): CodeIgniter\Model->update()
 5 SYSTEMPATH/CodeIgniter.php(927): App\Controllers\Leaderboard->addtoscore()
 6 SYSTEMPATH/CodeIgniter.php(482): CodeIgniter\CodeIgniter->runController(Object(App\Controllers\Leaderboard))
 7 SYSTEMPATH/CodeIgniter.php(351): CodeIgniter\CodeIgniter->handleRequest(null, Object(Config\Cache), false)
 8 FCPATH/index.php(67): CodeIgniter\CodeIgniter->run()
